NODE_2_length_221036_cov_170.316	CARD|pvgb|HE999704|2567249-2568437|ARO:3001312|elfamycin|Elfamycins|EF-Tu_inhibition|TUFAB|RequiresSNPConfirmation	83.22	1180	180	15	68399	69569	1189	19	0.0	 1066	221036	1189
NODE_2_length_221036_cov_170.316	Elf|HE999704.1|gene2984|Elfamycins|EF-Tu_inhibition|TUFAB|RequiresSNPConfirmation	83.21	1179	180	15	68400	69569	1	1170	0.0	 1064	221036	1188
NODE_2_length_221036_cov_170.316	Elf|NC_002952.2860408|Elfamycins|EF-Tu_inhibition|TUFAB|RequiresSNPConfirmation	82.91	1188	184	15	68400	69579	1	1177	0.0	 1051	221036	1185
NODE_2_length_221036_cov_170.316	CARD|pvgb|NC_007622|559336-560521|ARO:3001312|elfamycin|Elfamycins|EF-Tu_inhibition|TUFAB|RequiresSNPConfirmation	82.94	1190	180	16	68400	69579	1	1177	0.0	 1051	221036	1186
NODE_2_length_221036_cov_170.316	Elf|NC_002951.3236433|Elfamycins|EF-Tu_inhibition|TUFAB|RequiresSNPConfirmation	82.94	1190	180	16	68400	69579	1	1177	0.0	 1051	221036	1185
NODE_2_length_221036_cov_170.316	Elf|NC_007622.3795131|Elfamycins|EF-Tu_inhibition|TUFAB|RequiresSNPConfirmation	82.94	1190	180	16	68400	69579	1	1177	0.0	 1051	221036	1185
NODE_2_length_221036_cov_170.316	Elf|NC_002745.1123311|Elfamycins|EF-Tu_inhibition|TUFAB|RequiresSNPConfirmation	82.77	1190	182	16	68400	69579	1	1177	0.0	 1040	221036	1185
NODE_3_length_191212_cov_165.005	CARD|phgb|CP003583|2403484-2405254|ARO:3000776|adeC|Multi-drug_resistance|Multi-drug_efflux_pumps|ADEC	100.00	1771	0	0	177150	178920	1	1771	0.0	 3271	191212	1771
NODE_7_length_114824_cov_168.7	Flq|CP003583.1|gene1174|Fluoroquinolones|Fluoroquinolone-resistant_DNA_topoisomerases|PARC|RequiresSNPConfirmation	99.76	2451	6	0	92544	94994	1	2451	0.0	 4494	114824	2451
NODE_7_length_114824_cov_168.7	ACou|CP003583.1|gene1173|Aminocoumarins|Aminocoumarin-resistant_DNA_topoisomerases|PARE|RequiresSNPConfirmation	98.80	2079	25	0	90454	92532	1	2079	0.0	 3701	114824	2079
NODE_7_length_114824_cov_168.7	CARD|pvgb|CP003583|1050805-1052287|ARO:3003092|Enterococcus|Lipopeptides|Daptomycin-resistant_cls|CLS|RequiresSNPConfirmation	99.60	1483	6	0	12274	13756	1	1483	0.0	 2706	114824	1483
NODE_10_length_96971_cov_171.205	MLS|MsrC|AY004350|496-1974|1479|MLS|Macrolide_resistance_efflux_pumps|MSRC	98.99	1479	15	0	14783	16261	1	1479	0.0	 2649	96971	1479
NODE_10_length_96971_cov_171.205	MLS|msrC_2_AF313494|MLS|Macrolide_resistance_efflux_pumps|MSRC	94.46	1479	82	0	14783	16261	1	1479	0.0	 2278	96971	1479
NODE_10_length_96971_cov_171.205	1021|AJ243209.1|AJ243209|MLS|Macrolide_resistance_efflux_pumps|MSRC	98.76	403	5	0	15775	16177	3	405	0.0	  717	96971	405
NODE_13_length_86660_cov_168.552	CARD|phgb|L12710|0-549|ARO:3002556|AAC6-PRIME-Ii|Aminoglycosides|Aminoglycoside_N-acetyltransferases|AAC6-PRIME	99.82	549	1	0	72908	73456	549	1	0.0	 1009	86660	549
NODE_15_length_79901_cov_165.598	CARD|pvgb|CP003583|913745-914813|ARO:3003079|Enterococcus|Lipopeptides|Daptomycin-resistant_liaFSR|LIAFSR|RequiresSNPConfirmation	92.70	1069	78	0	74619	75687	1069	1	0.0	 1543	79901	1069
NODE_15_length_79901_cov_165.598	CARD|pvgb|CP003583|914819-915452|ARO:3003078|Enterococcus|Lipopeptides|Daptomycin-resistant_liaFSR|LIAFSR|RequiresSNPConfirmation	92.43	634	48	0	73980	74613	634	1	0.0	  905	79901	634
NODE_19_length_48118_cov_170.816	Rif|CP003583.1|gene2745|Rifampin|Rifampin-resistant_beta-subunit_of_RNA_polymerase_RpoB|RPOB|RequiresSNPConfirmation	99.53	3627	17	0	38597	42223	3627	1	0.0	 6604	48118	3627
NODE_19_length_48118_cov_170.816	Rif|AE016830.1|gene3155|Rifampin|Rifampin-resistant_beta-subunit_of_RNA_polymerase_RpoB|RPOB|RequiresSNPConfirmation	85.57	3534	498	12	38696	42223	3528	1	0.0	 3690	48118	3624
NODE_26_length_25851_cov_1225.01	Tet|tetM_10_EU182585|Tetracyclines|Tetracycline_resistance_ribosomal_protection_proteins|TETM	96.46	1920	68	0	19813	21732	1	1920	0.0	 3169	25851	1920
NODE_26_length_25851_cov_1225.01	Tet|tetM_11_JN846696|Tetracyclines|Tetracycline_resistance_ribosomal_protection_proteins|TETM	96.35	1920	70	0	19813	21732	1	1920	0.0	 3158	25851	1920
NODE_26_length_25851_cov_1225.01	Tet|tetM_2_X90939|Tetracyclines|Tetracycline_resistance_ribosomal_protection_proteins|TETM	95.89	1920	79	0	19813	21732	1	1920	0.0	 3109	25851	1920
NODE_26_length_25851_cov_1225.01	Tet|tetM_5_U58985|Tetracyclines|Tetracycline_resistance_ribosomal_protection_proteins|TETM	95.83	1920	80	0	19813	21732	1	1920	0.0	 3103	25851	1920
NODE_26_length_25851_cov_1225.01	Tet|TetM|U08812|1981-3900|1920|Tetracyclines|Tetracycline_resistance_ribosomal_protection_proteins|TETM	95.57	1920	85	0	19813	21732	1	1920	0.0	 3075	25851	1920
NODE_26_length_25851_cov_1225.01	Tet|tetM_4_X75073|Tetracyclines|Tetracycline_resistance_ribosomal_protection_proteins|TETM	95.52	1920	86	0	19813	21732	1	1920	0.0	 3070	25851	1920
NODE_26_length_25851_cov_1225.01	Tet|tetM_12_FR671418|Tetracyclines|Tetracycline_resistance_ribosomal_protection_proteins|TETM	95.42	1920	88	0	19813	21732	1	1920	0.0	 3059	25851	1920
NODE_26_length_25851_cov_1225.01	Tet|tetM_1_X92947|Tetracyclines|Tetracycline_resistance_ribosomal_protection_proteins|TETM	95.31	1920	90	0	19813	21732	1	1920	0.0	 3048	25851	1920
NODE_26_length_25851_cov_1225.01	Tet|tetM_13_AM990992|Tetracyclines|Tetracycline_resistance_ribosomal_protection_proteins|TETM	95.21	1920	92	0	19813	21732	1920	1	0.0	 3037	25851	1920
NODE_26_length_25851_cov_1225.01	Tet|tetM_9_X56353|Tetracyclines|Tetracycline_resistance_ribosomal_protection_proteins|TETM	95.21	1920	92	0	19813	21732	1	1920	0.0	 3037	25851	1920
NODE_26_length_25851_cov_1225.01	Tet|AM180355.1|gene636|Tetracyclines|Tetracycline_resistance_ribosomal_protection_proteins|TETM	94.74	1920	101	0	19813	21732	1	1920	0.0	 2987	25851	1920
NODE_26_length_25851_cov_1225.01	Tet|tetM_8_X04388|Tetracyclines|Tetracycline_resistance_ribosomal_protection_proteins|TETM	94.58	1920	104	0	19813	21732	1	1920	0.0	 2970	25851	1920
NODE_26_length_25851_cov_1225.01	Tet|tetM_7_FN433596|Tetracyclines|Tetracycline_resistance_ribosomal_protection_proteins|TETM	93.44	1920	126	0	19813	21732	1920	1	0.0	 2848	25851	1920
NODE_26_length_25851_cov_1225.01	Tet|tetM_6_M21136|Tetracyclines|Tetracycline_resistance_ribosomal_protection_proteins|TETM	93.33	1920	128	0	19813	21732	1	1920	0.0	 2837	25851	1920
NODE_26_length_25851_cov_1225.01	Tet|TetL|FN435329|1-1377|1377|Tetracyclines|Tetracycline_resistance_major_facilitator_superfamily_MFS_efflux_pumps|TETL	100.00	1377	0	0	21926	23302	1	1377	0.0	 2543	25851	1377
NODE_26_length_25851_cov_1225.01	Tet|tetL_5_D00006|Tetracyclines|Tetracycline_resistance_major_facilitator_superfamily_MFS_efflux_pumps|TETL	99.93	1377	1	0	21926	23302	1	1377	0.0	 2538	25851	1377
NODE_26_length_25851_cov_1225.01	Tet|tetL_9_AY081910|Tetracyclines|Tetracycline_resistance_major_facilitator_superfamily_MFS_efflux_pumps|TETL	99.93	1377	1	0	21926	23302	1	1377	0.0	 2538	25851	1377
NODE_26_length_25851_cov_1225.01	Tet|tetL_4_M11036|Tetracyclines|Tetracycline_resistance_major_facilitator_superfamily_MFS_efflux_pumps|TETL	99.78	1377	3	0	21926	23302	1	1377	0.0	 2527	25851	1377
NODE_26_length_25851_cov_1225.01	Tet|tetL_8_X60828|Tetracyclines|Tetracycline_resistance_major_facilitator_superfamily_MFS_efflux_pumps|TETL	99.06	1378	11	2	21926	23302	1	1377	0.0	 2471	25851	1377
NODE_26_length_25851_cov_1225.01	Tet|tetL_1_HM235948|Tetracyclines|Tetracycline_resistance_major_facilitator_superfamily_MFS_efflux_pumps|TETL	89.61	1357	141	0	21926	23282	1	1357	0.0	 1725	25851	1383
NODE_26_length_25851_cov_1225.01	AGly|Ant6-Ia|AF330699|22-930|909|Aminoglycosides|Aminoglycoside_O-nucleotidyltransferases|ANT6	100.00	909	0	0	407	1315	909	1	0.0	 1679	25851	909
NODE_26_length_25851_cov_1225.01	AGly|AY712687.1|gene1|Aminoglycosides|Aminoglycoside_O-nucleotidyltransferases|ANT6	100.00	831	0	0	407	1237	831	1	0.0	 1535	25851	831
NODE_26_length_25851_cov_1225.01	CARD|phgb|NC_023287|60996-61860|ARO:3002626|ANT6-Ia|Aminoglycosides|Aminoglycoside_O-nucleotidyltransferases|ANT6	89.44	843	87	2	474	1315	23	864	0.0	 1062	25851	864
NODE_26_length_25851_cov_1225.01	738|JX560992.1|JX560992|Aminoglycosides|Aminoglycoside_O-nucleotidyltransferases|ANT6	89.44	843	87	2	474	1315	842	1	0.0	 1062	25851	864
NODE_26_length_25851_cov_1225.01	AGly|Sat4A|X92945|38870-39412|543|Aminoglycosides|Aminoglycoside_N-acetyltransferases|SAT	100.00	229	0	0	182	410	229	1	2e-117	  424	25851	543
NODE_26_length_25851_cov_1225.01	AGly|U01945.1|gene1|Aminoglycosides|Aminoglycoside_N-acetyltransferases|SAT	99.56	229	1	0	182	410	229	1	1e-115	  418	25851	543
NODE_26_length_25851_cov_1225.01	gi|358009200|gb|JN227084.1|betalactams|Class_A_betalactamases|TEM	96.36	55	2	0	23311	23365	1	55	2e-18	95.3	25851	1391
NODE_49_length_7715_cov_1205.72	605|V01547.1|V01547|Aminoglycosides|Aminoglycoside_O-phosphotransferases|APH3-PRIME	100.00	795	0	0	479	1273	1	795	0.0	 1469	7715	795
NODE_49_length_7715_cov_1205.72	MLS|ermB_18_X66468|MLS|23S_rRNA_methyltransferases|ERMB	99.61	763	2	1	1998	2760	762	1	0.0	 1391	7715	762
NODE_49_length_7715_cov_1205.72	554|FN806789.1|FN806789|MLS|23S_rRNA_methyltransferases|ERMB	100.00	738	0	0	2023	2760	1	738	0.0	 1363	7715	738
NODE_49_length_7715_cov_1205.72	1066|unknown_id|unknown_name|MLS|23S_rRNA_methyltransferases|ERMB	99.86	738	1	0	2023	2760	1	738	0.0	 1358	7715	738
NODE_49_length_7715_cov_1205.72	MLS|ermB_17_X64695|MLS|23S_rRNA_methyltransferases|ERMB	99.86	738	1	0	2023	2760	738	1	0.0	 1358	7715	738
NODE_49_length_7715_cov_1205.72	MLS|ermB_9_AF299292|MLS|23S_rRNA_methyltransferases|ERMB	99.86	738	1	0	2023	2760	1	738	0.0	 1358	7715	738
NODE_49_length_7715_cov_1205.72	MLS|ermB_1_JN899585|MLS|23S_rRNA_methyltransferases|ERMB	99.73	738	2	0	2023	2760	1	738	0.0	 1352	7715	738
NODE_49_length_7715_cov_1205.72	MLS|ermB_12_U18931|MLS|23S_rRNA_methyltransferases|ERMB	99.59	738	3	0	2023	2760	1	738	0.0	 1347	7715	738
NODE_49_length_7715_cov_1205.72	MLS|ermB_16_X82819|MLS|23S_rRNA_methyltransferases|ERMB	99.46	738	4	0	2023	2760	1	738	0.0	 1341	7715	738
NODE_49_length_7715_cov_1205.72	MLS|ermB_6_AF242872|MLS|23S_rRNA_methyltransferases|ERMB	99.06	747	6	1	2023	2768	1	747	0.0	 1339	7715	747
NODE_49_length_7715_cov_1205.72	MLS|ermB_11_M19270|MLS|23S_rRNA_methyltransferases|ERMB	99.32	738	5	0	2023	2760	1	738	0.0	 1336	7715	738
NODE_49_length_7715_cov_1205.72	MLS|ermB_15U48430|MLS|23S_rRNA_methyltransferases|ERMB	99.32	735	5	0	2023	2757	1	735	0.0	 1330	7715	753
NODE_49_length_7715_cov_1205.72	MLS|ermB_2_K00551|MLS|23S_rRNA_methyltransferases|ERMB	99.05	738	7	0	2023	2760	1	738	0.0	 1325	7715	738
NODE_49_length_7715_cov_1205.72	CARD|phgb|AM180355|2319373-2320111|ARO:3000375|ErmB|MLS|23S_rRNA_methyltransferases|ERM	98.65	739	10	0	2022	2760	739	1	0.0	 1310	7715	739
NODE_49_length_7715_cov_1205.72	MLS|ermB_20_AF109075|MLS|23S_rRNA_methyltransferases|ERMB	98.64	738	10	0	2023	2760	1	738	0.0	 1308	7715	738
NODE_49_length_7715_cov_1205.72	MLS|ermB_7_AF368302|MLS|23S_rRNA_methyltransferases|ERMB	99.44	711	4	0	2023	2733	711	1	0.0	 1291	7715	711
NODE_49_length_7715_cov_1205.72	MLS|ermT_4_AJ488494|MLS|23S_rRNA_methyltransferases|ERMT	99.23	261	2	0	2500	2760	261	1	2e-132	  472	7715	738
NODE_49_length_7715_cov_1205.72	AGly|U01945.1|gene1|Aminoglycosides|Aminoglycoside_N-acetyltransferases|SAT	100.00	253	0	0	134	386	291	543	3e-131	  468	7715	543
NODE_49_length_7715_cov_1205.72	AGly|Sat4A|X92945|38870-39412|543|Aminoglycosides|Aminoglycoside_N-acetyltransferases|SAT	100.00	253	0	0	134	386	291	543	3e-131	  468	7715	543
NODE_193_length_412_cov_0.908772	CARD|phgb|U00096|3203309-3204131|ARO:3002986|bacA|Bacitracin|Undecaprenyl_pyrophosphate_phosphatase|BACA	100.00	354	0	0	59	412	823	470	0.0	  654	412	823
NODE_193_length_412_cov_0.908772	Bac|AP009048.1|gene3103|Bacitracin|Undecaprenyl_pyrophosphate_phosphatase|BACA	100.00	353	0	0	60	412	1	353	0.0	  652	412	822
NODE_193_length_412_cov_0.908772	Bac|NC_002695.1.916234|Bacitracin|Undecaprenyl_pyrophosphate_phosphatase|BACA	99.43	353	2	0	60	412	1	353	0.0	  641	412	822
