NODE_3_length_155811_cov_505.469	Flq|CP003583.1|gene1174|Fluoroquinolones|Fluoroquinolone-resistant_DNA_topoisomerases|PARC|RequiresSNPConfirmation	99.76	2451	6	0	116011	118461	2451	1	0.0	 4494	155811	2451
NODE_3_length_155811_cov_505.469	ACou|CP003583.1|gene1173|Aminocoumarins|Aminocoumarin-resistant_DNA_topoisomerases|PARE|RequiresSNPConfirmation	98.80	2079	25	0	118473	120551	2079	1	0.0	 3701	155811	2079
NODE_4_length_155769_cov_524.78	CARD|phgb|L12710|0-549|ARO:3002556|AAC6-PRIME-Ii|Aminoglycosides|Aminoglycoside_N-acetyltransferases|AAC6-PRIME	99.82	549	1	0	74954	75502	549	1	0.0	 1009	155769	549
NODE_6_length_106045_cov_523.275	Rif|CP003583.1|gene2745|Rifampin|Rifampin-resistant_beta-subunit_of_RNA_polymerase_RpoB|RPOB|RequiresSNPConfirmation	99.56	3627	16	0	96587	100213	3627	1	0.0	 6610	106045	3627
NODE_6_length_106045_cov_523.275	Rif|AE016830.1|gene3155|Rifampin|Rifampin-resistant_beta-subunit_of_RNA_polymerase_RpoB|RPOB|RequiresSNPConfirmation	85.54	3534	499	12	96686	100213	3528	1	0.0	 3685	106045	3624
NODE_6_length_106045_cov_523.275	MLS|MsrC|AY004350|496-1974|1479|MLS|Macrolide_resistance_efflux_pumps|MSRC	98.99	1479	15	0	41831	43309	1479	1	0.0	 2649	106045	1479
NODE_6_length_106045_cov_523.275	MLS|msrC_2_AF313494|MLS|Macrolide_resistance_efflux_pumps|MSRC	94.46	1479	82	0	41831	43309	1479	1	0.0	 2278	106045	1479
NODE_6_length_106045_cov_523.275	1021|AJ243209.1|AJ243209|MLS|Macrolide_resistance_efflux_pumps|MSRC	98.76	403	5	0	41915	42317	405	3	0.0	  717	106045	405
NODE_7_length_101527_cov_526.297	CARD|phgb|CP003583|2403484-2405254|ARO:3000776|adeC|Multi-drug_resistance|Multi-drug_efflux_pumps|ADEC	99.94	1771	1	0	87821	89591	1	1771	0.0	 3265	101527	1771
NODE_9_length_90643_cov_497.15	CARD|pvgb|CP003583|913745-914813|ARO:3003079|Enterococcus|Lipopeptides|Daptomycin-resistant_liaFSR|LIAFSR|RequiresSNPConfirmation	98.60	1069	15	0	74897	75965	1069	1	0.0	 1892	90643	1069
NODE_9_length_90643_cov_497.15	CARD|pvgb|CP003583|914819-915452|ARO:3003078|Enterococcus|Lipopeptides|Daptomycin-resistant_liaFSR|LIAFSR|RequiresSNPConfirmation	98.90	634	7	0	74258	74891	634	1	0.0	 1133	90643	634
NODE_12_length_79049_cov_519.389	CARD|pvgb|HE999704|2567249-2568437|ARO:3001312|elfamycin|Elfamycins|EF-Tu_inhibition|TUFAB|RequiresSNPConfirmation	83.22	1180	180	15	53840	55010	19	1189	0.0	 1066	79049	1189
NODE_12_length_79049_cov_519.389	Elf|HE999704.1|gene2984|Elfamycins|EF-Tu_inhibition|TUFAB|RequiresSNPConfirmation	83.21	1179	180	15	53840	55009	1170	1	0.0	 1064	79049	1188
NODE_12_length_79049_cov_519.389	Elf|NC_002952.2860408|Elfamycins|EF-Tu_inhibition|TUFAB|RequiresSNPConfirmation	82.91	1188	184	15	53830	55009	1177	1	0.0	 1051	79049	1185
NODE_12_length_79049_cov_519.389	CARD|pvgb|NC_007622|559336-560521|ARO:3001312|elfamycin|Elfamycins|EF-Tu_inhibition|TUFAB|RequiresSNPConfirmation	82.94	1190	180	16	53830	55009	1177	1	0.0	 1051	79049	1186
NODE_12_length_79049_cov_519.389	Elf|NC_002951.3236433|Elfamycins|EF-Tu_inhibition|TUFAB|RequiresSNPConfirmation	82.94	1190	180	16	53830	55009	1177	1	0.0	 1051	79049	1185
NODE_12_length_79049_cov_519.389	Elf|NC_007622.3795131|Elfamycins|EF-Tu_inhibition|TUFAB|RequiresSNPConfirmation	82.94	1190	180	16	53830	55009	1177	1	0.0	 1051	79049	1185
NODE_12_length_79049_cov_519.389	Elf|NC_002745.1123311|Elfamycins|EF-Tu_inhibition|TUFAB|RequiresSNPConfirmation	82.77	1190	182	16	53830	55009	1177	1	0.0	 1040	79049	1185
NODE_17_length_56877_cov_502.177	CARD|pvgb|CP003583|1050805-1052287|ARO:3003092|Enterococcus|Lipopeptides|Daptomycin-resistant_cls|CLS|RequiresSNPConfirmation	99.53	1483	7	0	41833	43315	1483	1	0.0	 2700	56877	1483
NODE_107_length_476_cov_0.733524	MLS|ermB_1_JN899585|MLS|23S_rRNA_methyltransferases|ERMB	100.00	410	0	0	1	410	329	738	0.0	  758	476	738
NODE_107_length_476_cov_0.733524	554|FN806789.1|FN806789|MLS|23S_rRNA_methyltransferases|ERMB	100.00	410	0	0	1	410	329	738	0.0	  758	476	738
NODE_107_length_476_cov_0.733524	1066|unknown_id|unknown_name|MLS|23S_rRNA_methyltransferases|ERMB	100.00	410	0	0	1	410	329	738	0.0	  758	476	738
NODE_107_length_476_cov_0.733524	MLS|ermB_18_X66468|MLS|23S_rRNA_methyltransferases|ERMB	100.00	410	0	0	1	410	410	1	0.0	  758	476	762
NODE_107_length_476_cov_0.733524	MLS|ermB_17_X64695|MLS|23S_rRNA_methyltransferases|ERMB	100.00	410	0	0	1	410	410	1	0.0	  758	476	738
NODE_107_length_476_cov_0.733524	MLS|ermB_9_AF299292|MLS|23S_rRNA_methyltransferases|ERMB	100.00	410	0	0	1	410	329	738	0.0	  758	476	738
NODE_107_length_476_cov_0.733524	MLS|ermB_12_U18931|MLS|23S_rRNA_methyltransferases|ERMB	100.00	410	0	0	1	410	329	738	0.0	  758	476	738
NODE_107_length_476_cov_0.733524	MLS|ermB_6_AF242872|MLS|23S_rRNA_methyltransferases|ERMB	99.28	419	2	1	1	418	329	747	0.0	  756	476	747
NODE_107_length_476_cov_0.733524	MLS|ermB_11_M19270|MLS|23S_rRNA_methyltransferases|ERMB	99.76	410	1	0	1	410	329	738	0.0	  752	476	738
NODE_107_length_476_cov_0.733524	MLS|ermB_2_K00551|MLS|23S_rRNA_methyltransferases|ERMB	99.51	410	2	0	1	410	329	738	0.0	  747	476	738
NODE_107_length_476_cov_0.733524	MLS|ermB_16_X82819|MLS|23S_rRNA_methyltransferases|ERMB	99.51	410	2	0	1	410	329	738	0.0	  747	476	738
NODE_107_length_476_cov_0.733524	MLS|ermB_15U48430|MLS|23S_rRNA_methyltransferases|ERMB	99.26	407	3	0	1	407	329	735	0.0	  736	476	753
NODE_107_length_476_cov_0.733524	CARD|phgb|AM180355|2319373-2320111|ARO:3000375|ErmB|MLS|23S_rRNA_methyltransferases|ERM	98.29	410	7	0	1	410	410	1	0.0	  719	476	739
NODE_107_length_476_cov_0.733524	MLS|ermB_20_AF109075|MLS|23S_rRNA_methyltransferases|ERMB	98.29	410	7	0	1	410	329	738	0.0	  719	476	738
NODE_107_length_476_cov_0.733524	MLS|ermB_7_AF368302|MLS|23S_rRNA_methyltransferases|ERMB	99.48	383	2	0	1	383	383	1	0.0	  697	476	711
NODE_107_length_476_cov_0.733524	MLS|ermT_4_AJ488494|MLS|23S_rRNA_methyltransferases|ERMT	99.23	261	2	0	150	410	261	1	1e-133	  472	476	738
