NODE_3_length_153544_cov_221.679	Flq|CP003583.1|gene1174|Fluoroquinolones|Fluoroquinolone-resistant_DNA_topoisomerases|PARC|RequiresSNPConfirmation	99.76	2451	6	0	113868	116318	2451	1	0.0	 4494	153544	2451
NODE_3_length_153544_cov_221.679	ACou|CP003583.1|gene1173|Aminocoumarins|Aminocoumarin-resistant_DNA_topoisomerases|PARE|RequiresSNPConfirmation	98.80	2079	25	0	116330	118408	2079	1	0.0	 3701	153544	2079
NODE_4_length_145296_cov_225.203	Rif|CP003583.1|gene2745|Rifampin|Rifampin-resistant_beta-subunit_of_RNA_polymerase_RpoB|RPOB|RequiresSNPConfirmation	99.56	3627	16	0	135838	139464	3627	1	0.0	 6610	145296	3627
NODE_4_length_145296_cov_225.203	Rif|AE016830.1|gene3155|Rifampin|Rifampin-resistant_beta-subunit_of_RNA_polymerase_RpoB|RPOB|RequiresSNPConfirmation	85.54	3534	499	12	135937	139464	3528	1	0.0	 3685	145296	3624
NODE_4_length_145296_cov_225.203	MLS|MsrC|AY004350|496-1974|1479|MLS|Macrolide_resistance_efflux_pumps|MSRC	98.99	1479	15	0	80960	82438	1479	1	0.0	 2649	145296	1479
NODE_4_length_145296_cov_225.203	MLS|msrC_2_AF313494|MLS|Macrolide_resistance_efflux_pumps|MSRC	94.39	1479	83	0	80960	82438	1479	1	0.0	 2272	145296	1479
NODE_4_length_145296_cov_225.203	1021|AJ243209.1|AJ243209|MLS|Macrolide_resistance_efflux_pumps|MSRC	98.51	403	6	0	81044	81446	405	3	0.0	  712	145296	405
NODE_6_length_98670_cov_226.235	CARD|phgb|CP003583|2403484-2405254|ARO:3000776|adeC|Multi-drug_resistance|Multi-drug_efflux_pumps|ADEC	99.83	1771	3	0	12373	14143	1771	1	0.0	 3254	98670	1771
NODE_8_length_91084_cov_231.463	CARD|pvgb|HE999704|2567249-2568437|ARO:3001312|elfamycin|Elfamycins|EF-Tu_inhibition|TUFAB|RequiresSNPConfirmation	83.22	1180	180	15	69118	70288	1189	19	0.0	 1066	91084	1189
NODE_8_length_91084_cov_231.463	Elf|HE999704.1|gene2984|Elfamycins|EF-Tu_inhibition|TUFAB|RequiresSNPConfirmation	83.21	1179	180	15	69119	70288	1	1170	0.0	 1064	91084	1188
NODE_8_length_91084_cov_231.463	Elf|NC_002952.2860408|Elfamycins|EF-Tu_inhibition|TUFAB|RequiresSNPConfirmation	82.91	1188	184	15	69119	70298	1	1177	0.0	 1051	91084	1185
NODE_8_length_91084_cov_231.463	CARD|pvgb|NC_007622|559336-560521|ARO:3001312|elfamycin|Elfamycins|EF-Tu_inhibition|TUFAB|RequiresSNPConfirmation	82.94	1190	180	16	69119	70298	1	1177	0.0	 1051	91084	1186
NODE_8_length_91084_cov_231.463	Elf|NC_002951.3236433|Elfamycins|EF-Tu_inhibition|TUFAB|RequiresSNPConfirmation	82.94	1190	180	16	69119	70298	1	1177	0.0	 1051	91084	1185
NODE_8_length_91084_cov_231.463	Elf|NC_007622.3795131|Elfamycins|EF-Tu_inhibition|TUFAB|RequiresSNPConfirmation	82.94	1190	180	16	69119	70298	1	1177	0.0	 1051	91084	1185
NODE_8_length_91084_cov_231.463	Elf|NC_002745.1123311|Elfamycins|EF-Tu_inhibition|TUFAB|RequiresSNPConfirmation	82.77	1190	182	16	69119	70298	1	1177	0.0	 1040	91084	1185
NODE_10_length_89505_cov_223.605	CARD|phgb|L12710|0-549|ARO:3002556|AAC6-PRIME-Ii|Aminoglycosides|Aminoglycoside_N-acetyltransferases|AAC6-PRIME	99.82	549	1	0	14544	15092	1	549	0.0	 1009	89505	549
NODE_17_length_56944_cov_223.568	CARD|pvgb|CP003583|1050805-1052287|ARO:3003092|Enterococcus|Lipopeptides|Daptomycin-resistant_cls|CLS|RequiresSNPConfirmation	99.46	1483	8	0	41926	43408	1483	1	0.0	 2695	56944	1483
NODE_19_length_55533_cov_219.872	CARD|pvgb|CP003583|913745-914813|ARO:3003079|Enterococcus|Lipopeptides|Daptomycin-resistant_liaFSR|LIAFSR|RequiresSNPConfirmation	92.70	1069	78	0	45710	46778	1	1069	0.0	 1543	55533	1069
NODE_19_length_55533_cov_219.872	CARD|pvgb|CP003583|914819-915452|ARO:3003078|Enterococcus|Lipopeptides|Daptomycin-resistant_liaFSR|LIAFSR|RequiresSNPConfirmation	92.43	634	48	0	46784	47417	1	634	0.0	  905	55533	634
NODE_248_length_835_cov_1.04237	CARD|pvgb|CP003583|914819-915452|ARO:3003078|Enterococcus|Lipopeptides|Daptomycin-resistant_liaFSR|LIAFSR|RequiresSNPConfirmation	98.74	318	4	0	516	833	633	316	1e-161	  566	835	634
NODE_531_length_506_cov_1.69393	CARD|phgb|CP003583|2403484-2405254|ARO:3000776|adeC|Multi-drug_resistance|Multi-drug_efflux_pumps|ADEC	92.80	500	36	0	7	506	1433	934	0.0	  725	506	1771
NODE_687_length_441_cov_1.94268	CARD|pvgb|CP003583|913745-914813|ARO:3003079|Enterococcus|Lipopeptides|Daptomycin-resistant_liaFSR|LIAFSR|RequiresSNPConfirmation	97.28	441	12	0	1	441	596	156	0.0	  749	441	1069
NODE_812_length_403_cov_0.804348	CARD|pvgb|NC_020418|545199-547614|ARO:3003306|Morganella|Fluoroquinolones|Fluoroquinolone-resistant_DNA_topoisomerases|GYRB|RequiresSNPConfirmation	81.34	134	20	5	266	397	957	827	5e-23	  104	403	2416
