NODE_1_length_261677_cov_347.212	Flq|CP003583.1|gene1174|Fluoroquinolones|Fluoroquinolone-resistant_DNA_topoisomerases|PARC|RequiresSNPConfirmation	99.76	2451	6	0	92443	94893	1	2451	0.0	 4494	261677	2451
NODE_1_length_261677_cov_347.212	ACou|CP003583.1|gene1173|Aminocoumarins|Aminocoumarin-resistant_DNA_topoisomerases|PARE|RequiresSNPConfirmation	98.80	2079	25	0	90353	92431	1	2079	0.0	 3701	261677	2079
NODE_1_length_261677_cov_347.212	CARD|pvgb|CP003583|1050805-1052287|ARO:3003092|Enterococcus|Lipopeptides|Daptomycin-resistant_cls|CLS|RequiresSNPConfirmation	99.60	1483	6	0	12173	13655	1	1483	0.0	 2706	261677	1483
NODE_3_length_221153_cov_368.336	CARD|pvgb|HE999704|2567249-2568437|ARO:3001312|elfamycin|Elfamycins|EF-Tu_inhibition|TUFAB|RequiresSNPConfirmation	83.22	1180	180	15	68399	69569	1189	19	0.0	 1066	221153	1189
NODE_3_length_221153_cov_368.336	Elf|HE999704.1|gene2984|Elfamycins|EF-Tu_inhibition|TUFAB|RequiresSNPConfirmation	83.21	1179	180	15	68400	69569	1	1170	0.0	 1064	221153	1188
NODE_3_length_221153_cov_368.336	Elf|NC_002952.2860408|Elfamycins|EF-Tu_inhibition|TUFAB|RequiresSNPConfirmation	82.91	1188	184	15	68400	69579	1	1177	0.0	 1051	221153	1185
NODE_3_length_221153_cov_368.336	CARD|pvgb|NC_007622|559336-560521|ARO:3001312|elfamycin|Elfamycins|EF-Tu_inhibition|TUFAB|RequiresSNPConfirmation	82.94	1190	180	16	68400	69579	1	1177	0.0	 1051	221153	1186
NODE_3_length_221153_cov_368.336	Elf|NC_002951.3236433|Elfamycins|EF-Tu_inhibition|TUFAB|RequiresSNPConfirmation	82.94	1190	180	16	68400	69579	1	1177	0.0	 1051	221153	1185
NODE_3_length_221153_cov_368.336	Elf|NC_007622.3795131|Elfamycins|EF-Tu_inhibition|TUFAB|RequiresSNPConfirmation	82.94	1190	180	16	68400	69579	1	1177	0.0	 1051	221153	1185
NODE_3_length_221153_cov_368.336	Elf|NC_002745.1123311|Elfamycins|EF-Tu_inhibition|TUFAB|RequiresSNPConfirmation	82.77	1190	182	16	68400	69579	1	1177	0.0	 1040	221153	1185
NODE_4_length_191212_cov_360.875	CARD|phgb|CP003583|2403484-2405254|ARO:3000776|adeC|Multi-drug_resistance|Multi-drug_efflux_pumps|ADEC	100.00	1771	0	0	177150	178920	1	1771	0.0	 3271	191212	1771
NODE_6_length_96899_cov_368.343	MLS|MsrC|AY004350|496-1974|1479|MLS|Macrolide_resistance_efflux_pumps|MSRC	98.99	1479	15	0	14783	16261	1	1479	0.0	 2649	96899	1479
NODE_6_length_96899_cov_368.343	MLS|msrC_2_AF313494|MLS|Macrolide_resistance_efflux_pumps|MSRC	94.46	1479	82	0	14783	16261	1	1479	0.0	 2278	96899	1479
NODE_6_length_96899_cov_368.343	1021|AJ243209.1|AJ243209|MLS|Macrolide_resistance_efflux_pumps|MSRC	98.76	403	5	0	15775	16177	3	405	0.0	  717	96899	405
NODE_9_length_80066_cov_356.076	CARD|pvgb|CP003583|913745-914813|ARO:3003079|Enterococcus|Lipopeptides|Daptomycin-resistant_liaFSR|LIAFSR|RequiresSNPConfirmation	92.70	1069	78	0	74784	75852	1069	1	0.0	 1543	80066	1069
NODE_9_length_80066_cov_356.076	CARD|pvgb|CP003583|914819-915452|ARO:3003078|Enterococcus|Lipopeptides|Daptomycin-resistant_liaFSR|LIAFSR|RequiresSNPConfirmation	92.43	634	48	0	74145	74778	634	1	0.0	  905	80066	634
NODE_17_length_56235_cov_363.723	CARD|phgb|L12710|0-549|ARO:3002556|AAC6-PRIME-Ii|Aminoglycosides|Aminoglycoside_N-acetyltransferases|AAC6-PRIME	99.82	549	1	0	42483	43031	549	1	0.0	 1009	56235	549
NODE_18_length_48119_cov_367.483	Rif|CP003583.1|gene2745|Rifampin|Rifampin-resistant_beta-subunit_of_RNA_polymerase_RpoB|RPOB|RequiresSNPConfirmation	99.53	3627	17	0	38597	42223	3627	1	0.0	 6604	48119	3627
NODE_18_length_48119_cov_367.483	Rif|AE016830.1|gene3155|Rifampin|Rifampin-resistant_beta-subunit_of_RNA_polymerase_RpoB|RPOB|RequiresSNPConfirmation	85.57	3534	498	12	38696	42223	3528	1	0.0	 3690	48119	3624
NODE_27_length_23282_cov_916.859	Tet|tetM_10_EU182585|Tetracyclines|Tetracycline_resistance_ribosomal_protection_proteins|TETM	96.46	1920	68	0	4636	6555	1920	1	0.0	 3169	23282	1920
NODE_27_length_23282_cov_916.859	Tet|tetM_11_JN846696|Tetracyclines|Tetracycline_resistance_ribosomal_protection_proteins|TETM	96.35	1920	70	0	4636	6555	1920	1	0.0	 3158	23282	1920
NODE_27_length_23282_cov_916.859	Tet|tetM_2_X90939|Tetracyclines|Tetracycline_resistance_ribosomal_protection_proteins|TETM	95.89	1920	79	0	4636	6555	1920	1	0.0	 3109	23282	1920
NODE_27_length_23282_cov_916.859	Tet|tetM_5_U58985|Tetracyclines|Tetracycline_resistance_ribosomal_protection_proteins|TETM	95.83	1920	80	0	4636	6555	1920	1	0.0	 3103	23282	1920
NODE_27_length_23282_cov_916.859	Tet|TetM|U08812|1981-3900|1920|Tetracyclines|Tetracycline_resistance_ribosomal_protection_proteins|TETM	95.57	1920	85	0	4636	6555	1920	1	0.0	 3075	23282	1920
NODE_27_length_23282_cov_916.859	Tet|tetM_4_X75073|Tetracyclines|Tetracycline_resistance_ribosomal_protection_proteins|TETM	95.52	1920	86	0	4636	6555	1920	1	0.0	 3070	23282	1920
NODE_27_length_23282_cov_916.859	Tet|tetM_12_FR671418|Tetracyclines|Tetracycline_resistance_ribosomal_protection_proteins|TETM	95.42	1920	88	0	4636	6555	1920	1	0.0	 3059	23282	1920
NODE_27_length_23282_cov_916.859	Tet|tetM_1_X92947|Tetracyclines|Tetracycline_resistance_ribosomal_protection_proteins|TETM	95.31	1920	90	0	4636	6555	1920	1	0.0	 3048	23282	1920
NODE_27_length_23282_cov_916.859	Tet|tetM_13_AM990992|Tetracyclines|Tetracycline_resistance_ribosomal_protection_proteins|TETM	95.21	1920	92	0	4636	6555	1	1920	0.0	 3037	23282	1920
NODE_27_length_23282_cov_916.859	Tet|tetM_9_X56353|Tetracyclines|Tetracycline_resistance_ribosomal_protection_proteins|TETM	95.21	1920	92	0	4636	6555	1920	1	0.0	 3037	23282	1920
NODE_27_length_23282_cov_916.859	Tet|AM180355.1|gene636|Tetracyclines|Tetracycline_resistance_ribosomal_protection_proteins|TETM	94.74	1920	101	0	4636	6555	1920	1	0.0	 2987	23282	1920
NODE_27_length_23282_cov_916.859	Tet|tetM_8_X04388|Tetracyclines|Tetracycline_resistance_ribosomal_protection_proteins|TETM	94.58	1920	104	0	4636	6555	1920	1	0.0	 2970	23282	1920
NODE_27_length_23282_cov_916.859	Tet|tetM_7_FN433596|Tetracyclines|Tetracycline_resistance_ribosomal_protection_proteins|TETM	93.44	1920	126	0	4636	6555	1	1920	0.0	 2848	23282	1920
NODE_27_length_23282_cov_916.859	Tet|tetM_6_M21136|Tetracyclines|Tetracycline_resistance_ribosomal_protection_proteins|TETM	93.33	1920	128	0	4636	6555	1920	1	0.0	 2837	23282	1920
NODE_27_length_23282_cov_916.859	Tet|TetL|FN435329|1-1377|1377|Tetracyclines|Tetracycline_resistance_major_facilitator_superfamily_MFS_efflux_pumps|TETL	100.00	1377	0	0	3066	4442	1377	1	0.0	 2543	23282	1377
NODE_27_length_23282_cov_916.859	Tet|tetL_5_D00006|Tetracyclines|Tetracycline_resistance_major_facilitator_superfamily_MFS_efflux_pumps|TETL	99.93	1377	1	0	3066	4442	1377	1	0.0	 2538	23282	1377
NODE_27_length_23282_cov_916.859	Tet|tetL_9_AY081910|Tetracyclines|Tetracycline_resistance_major_facilitator_superfamily_MFS_efflux_pumps|TETL	99.93	1377	1	0	3066	4442	1377	1	0.0	 2538	23282	1377
NODE_27_length_23282_cov_916.859	Tet|tetL_4_M11036|Tetracyclines|Tetracycline_resistance_major_facilitator_superfamily_MFS_efflux_pumps|TETL	99.78	1377	3	0	3066	4442	1377	1	0.0	 2527	23282	1377
NODE_27_length_23282_cov_916.859	Tet|tetL_8_X60828|Tetracyclines|Tetracycline_resistance_major_facilitator_superfamily_MFS_efflux_pumps|TETL	99.06	1378	11	2	3066	4442	1377	1	0.0	 2471	23282	1377
NODE_27_length_23282_cov_916.859	Tet|tetL_1_HM235948|Tetracyclines|Tetracycline_resistance_major_facilitator_superfamily_MFS_efflux_pumps|TETL	89.61	1357	141	0	3086	4442	1357	1	0.0	 1725	23282	1383
NODE_27_length_23282_cov_916.859	gi|358009200|gb|JN227084.1|betalactams|Class_A_betalactamases|TEM	96.36	55	2	0	3003	3057	55	1	2e-18	95.3	23282	1391
NODE_63_length_2330_cov_891.345	MLS|ermT_2_AY894138|MLS|23S_rRNA_methyltransferases|ERMT	100.00	735	0	0	354	1088	1	735	0.0	 1358	2330	735
NODE_63_length_2330_cov_891.345	MLS|ErmT|M64090|168-902|735|MLS|23S_rRNA_methyltransferases|ERMR	99.73	735	2	0	354	1088	1	735	0.0	 1347	2330	735
NODE_63_length_2330_cov_891.345	MLS|ermT_3_AF310974|MLS|23S_rRNA_methyltransferases|ERMT	99.73	735	2	0	354	1088	1	735	0.0	 1347	2330	735
NODE_63_length_2330_cov_891.345	MLS|ermT_4_AJ488494|MLS|23S_rRNA_methyltransferases|ERMT	99.39	491	3	0	363	853	732	242	0.0	  891	2330	738
NODE_63_length_2330_cov_891.345	721|AB014481.1|AB014481|MLS|23S_rRNA_methyltransferases|ERMB	81.56	732	131	3	354	1083	1	730	9e-172	  601	2330	735
NODE_63_length_2330_cov_891.345	MLS|ermC_3_M17990|MLS|23S_rRNA_methyltransferases|ERMC	81.39	736	125	10	354	1083	1	730	2e-168	  590	2330	735
NODE_63_length_2330_cov_891.345	MLS|ermC_10_Y09002|MLS|23S_rRNA_methyltransferases|ERMC	81.39	736	125	10	354	1083	1	730	2e-168	  590	2330	735
NODE_63_length_2330_cov_891.345	MLS|ermC_1_V01278|MLS|23S_rRNA_methyltransferases|ERMC	81.36	735	127	8	354	1083	735	6	2e-168	  590	2330	735
NODE_63_length_2330_cov_891.345	CARD|phgb|X82668|187-922|ARO:3000250|ErmC|MLS|23S_rRNA_methyltransferases|ERMC	81.36	735	127	8	354	1083	1	730	2e-168	  590	2330	736
NODE_63_length_2330_cov_891.345	MLS|ermC_16_AF019140|MLS|23S_rRNA_methyltransferases|ERMC	81.25	736	126	10	354	1083	1	730	9e-167	  584	2330	735
NODE_63_length_2330_cov_891.345	MLS|ermC_14_M12730|MLS|23S_rRNA_methyltransferases|ERMC	81.25	736	126	10	354	1083	1	730	9e-167	  584	2330	735
NODE_63_length_2330_cov_891.345	MLS|ermC_13_M13761|MLS|23S_rRNA_methyltransferases|ERMC	81.25	736	126	10	354	1083	1	730	9e-167	  584	2330	735
NODE_63_length_2330_cov_891.345	MLS|ErmC|M19652|988-1722|735|MLS|23S_rRNA_methyltransferases|ERMC	81.25	736	126	10	354	1083	1	730	9e-167	  584	2330	735
NODE_63_length_2330_cov_891.345	MLS|ermC_15_U82607|MLS|23S_rRNA_methyltransferases|ERMC	81.11	736	127	10	354	1083	1	730	4e-165	  579	2330	735
NODE_63_length_2330_cov_891.345	MLS|ermC_9_Y09001|MLS|23S_rRNA_methyltransferases|ERMC	80.98	736	128	10	354	1083	1	730	2e-163	  573	2330	735
NODE_63_length_2330_cov_891.345	MLS|ermC_12_Y09003|MLS|23S_rRNA_methyltransferases|ERMC	80.76	733	135	6	354	1083	1	730	9e-162	  568	2330	735
