NODE_13_length_86660_cov_168.552	VFG043518(gb|AAN12397)	99.72	2122	2	1	84358	86475	2166	45	0.0	 3882	86660	2166
NODE_19_length_48118_cov_170.816	VFG043519(gb|ZP_00604835)	100.00	120	0	0	47874	47993	1	120	1e-56	  222	48118	1983
NODE_31_length_18315_cov_168.746	VFG043519(gb|ZP_00604835)	94.44	1872	67	16	128	1967	117	1983	0.0	 2846	18315	1983
NODE_31_length_18315_cov_168.746	VFG043519(gb|ZP_00604835)	84.00	700	74	20	1027	1692	1070	1765	0.0	  638	18315	1983
NODE_31_length_18315_cov_168.746	VFG043519(gb|ZP_00604835)	84.41	680	44	26	1084	1732	1016	1664	3e-174	  612	18315	1983
NODE_31_length_18315_cov_168.746	VFG043519(gb|ZP_00604835)	91.85	417	31	3	1027	1442	1355	1769	3e-164	  579	18315	1983
NODE_31_length_18315_cov_168.746	VFG043519(gb|ZP_00604835)	85.80	500	38	16	1027	1496	1127	1623	2e-140	  499	18315	1983
NODE_31_length_18315_cov_168.746	VFG043519(gb|ZP_00604835)	82.66	571	73	23	1027	1584	1184	1741	2e-135	  483	18315	1983
NODE_31_length_18315_cov_168.746	VFG043519(gb|ZP_00604835)	83.33	534	71	14	1027	1551	1241	1765	1e-133	  477	18315	1983
NODE_31_length_18315_cov_168.746	VFG043519(gb|ZP_00604835)	84.26	502	45	13	1283	1753	1014	1512	4e-128	  459	18315	1983
NODE_31_length_18315_cov_168.746	VFG043519(gb|ZP_00604835)	80.98	610	54	22	1198	1749	1016	1621	1e-118	  427	18315	1983
NODE_31_length_18315_cov_168.746	VFG043519(gb|ZP_00604835)	84.08	471	44	12	1314	1753	1099	1569	4e-118	  425	18315	1983
NODE_31_length_18315_cov_168.746	VFG043519(gb|ZP_00604835)	82.92	480	67	13	1027	1499	1298	1769	6e-116	  418	18315	1983
NODE_31_length_18315_cov_168.746	VFG043519(gb|ZP_00604835)	84.65	443	34	14	1342	1753	1016	1455	1e-113	  411	18315	1983
NODE_31_length_18315_cov_168.746	VFG043519(gb|ZP_00604835)	81.39	360	55	11	1027	1380	1412	1765	2e-75	  283	18315	1983
NODE_31_length_18315_cov_168.746	VFG043519(gb|ZP_00604835)	81.09	386	39	14	1399	1753	1016	1398	1e-73	  278	18315	1983
NODE_31_length_18315_cov_168.746	VFG043519(gb|ZP_00604835)	80.55	329	30	14	1456	1753	1016	1341	5e-57	  222	18315	1983
NODE_31_length_18315_cov_168.746	VFG043519(gb|ZP_00604835)	81.19	303	23	8	1027	1327	1469	1739	3e-54	  213	18315	1983
NODE_31_length_18315_cov_168.746	VFG043519(gb|ZP_00604835)	90.62	160	14	1	1025	1184	1611	1769	1e-53	  211	18315	1983
NODE_31_length_18315_cov_168.746	VFG043519(gb|ZP_00604835)	80.90	267	24	11	1027	1293	1526	1765	7e-46	  185	18315	1983
NODE_185_length_416_cov_1.36678	VFG042976(gb|NP_814821)	99.76	416	1	0	1	416	473	58	0.0	  763	416	3312
