NODE_4_length_145296_cov_225.203	VFG043519(gb|ZP_00604835)	100.00	68	0	0	145019	145086	1	68	3e-27	  126	145296	1983
NODE_10_length_89505_cov_223.605	VFG043518(gb|AAN12397)	98.98	1866	17	2	597	2461	1	1865	0.0	 3339	89505	2166
NODE_10_length_89505_cov_223.605	VFG043518(gb|AAN12397)	99.64	561	2	0	2763	3323	1606	2166	0.0	 1026	89505	2166
NODE_35_length_17759_cov_228.836	VFG043519(gb|ZP_00604835)	88.03	568	56	9	126	684	1419	1983	0.0	  662	17759	1983
NODE_35_length_17759_cov_228.836	VFG043519(gb|ZP_00604835)	89.94	348	27	5	126	466	1362	1708	4e-123	  442	17759	1983
NODE_35_length_17759_cov_228.836	VFG043519(gb|ZP_00604835)	90.87	263	19	4	126	384	1248	1509	8e-95	  348	17759	1983
NODE_35_length_17759_cov_228.836	VFG043519(gb|ZP_00604835)	90.11	263	21	4	126	384	1077	1338	2e-91	  337	17759	1983
NODE_35_length_17759_cov_228.836	VFG043519(gb|ZP_00604835)	89.01	273	24	3	126	395	1023	1292	2e-90	  333	17759	1983
NODE_35_length_17759_cov_228.836	VFG043519(gb|ZP_00604835)	88.97	263	24	4	126	384	1134	1395	2e-86	  320	17759	1983
NODE_35_length_17759_cov_228.836	VFG043519(gb|ZP_00604835)	88.97	263	24	4	126	384	1191	1452	2e-86	  320	17759	1983
NODE_35_length_17759_cov_228.836	VFG043519(gb|ZP_00604835)	93.87	212	7	3	176	384	1016	1224	8e-85	  315	17759	1983
NODE_35_length_17759_cov_228.836	VFG043519(gb|ZP_00604835)	83.82	340	44	8	126	458	1305	1640	3e-84	  313	17759	1983
NODE_35_length_17759_cov_228.836	VFG043519(gb|ZP_00604835)	91.84	147	11	1	130	276	1624	1769	2e-51	  204	17759	1983
NODE_35_length_17759_cov_228.836	VFG043519(gb|ZP_00604835)	80.00	260	22	5	126	382	1533	1765	9e-40	  165	17759	1983
NODE_35_length_17759_cov_228.836	VFG043519(gb|ZP_00604835)	92.31	78	3	2	392	466	1544	1621	1e-22	  108	17759	1983
NODE_35_length_17759_cov_228.836	VFG043519(gb|ZP_00604835)	94.83	58	3	0	403	460	1498	1555	2e-17	91.6	17759	1983
NODE_35_length_17759_cov_228.836	VFG043519(gb|ZP_00604835)	95.92	49	2	0	347	395	1016	1064	3e-14	80.5	17759	1983
NODE_612_length_469_cov_0.994152	VFG002171(gb|NP_813951)	96.59	469	16	0	1	469	3553	3085	0.0	  778	469	3918
NODE_612_length_469_cov_0.994152	VFG002173(gb|NP_816972)	96.38	469	17	0	1	469	3520	3052	0.0	  773	469	3891
NODE_612_length_469_cov_0.994152	VFG002172(gb|NP_814266)	96.38	469	17	0	1	469	3547	3079	0.0	  773	469	3918
NODE_612_length_469_cov_0.994152	VFG002164(gb|NP_817031)	95.52	469	21	0	1	469	3547	3079	0.0	  750	469	3918
