NODE_17_length_56235_cov_363.723	VFG043518(gb|AAN12397)	99.72	2122	2	1	53933	56050	2166	45	0.0	 3882	56235	2166
NODE_18_length_48119_cov_367.483	VFG043519(gb|ZP_00604835)	100.00	120	0	0	47874	47993	1	120	1e-56	  222	48119	1983
NODE_32_length_18314_cov_358.638	VFG043519(gb|ZP_00604835)	94.44	1872	67	16	127	1966	117	1983	0.0	 2846	18314	1983
NODE_32_length_18314_cov_358.638	VFG043519(gb|ZP_00604835)	84.00	700	74	20	1026	1691	1070	1765	0.0	  638	18314	1983
NODE_32_length_18314_cov_358.638	VFG043519(gb|ZP_00604835)	84.41	680	44	26	1083	1731	1016	1664	3e-174	  612	18314	1983
NODE_32_length_18314_cov_358.638	VFG043519(gb|ZP_00604835)	91.85	417	31	3	1026	1441	1355	1769	3e-164	  579	18314	1983
NODE_32_length_18314_cov_358.638	VFG043519(gb|ZP_00604835)	85.80	500	38	16	1026	1495	1127	1623	2e-140	  499	18314	1983
NODE_32_length_18314_cov_358.638	VFG043519(gb|ZP_00604835)	82.66	571	73	23	1026	1583	1184	1741	2e-135	  483	18314	1983
NODE_32_length_18314_cov_358.638	VFG043519(gb|ZP_00604835)	83.33	534	71	14	1026	1550	1241	1765	1e-133	  477	18314	1983
NODE_32_length_18314_cov_358.638	VFG043519(gb|ZP_00604835)	84.26	502	45	13	1282	1752	1014	1512	4e-128	  459	18314	1983
NODE_32_length_18314_cov_358.638	VFG043519(gb|ZP_00604835)	80.98	610	54	22	1197	1748	1016	1621	1e-118	  427	18314	1983
NODE_32_length_18314_cov_358.638	VFG043519(gb|ZP_00604835)	84.08	471	44	12	1313	1752	1099	1569	4e-118	  425	18314	1983
NODE_32_length_18314_cov_358.638	VFG043519(gb|ZP_00604835)	82.92	480	67	13	1026	1498	1298	1769	6e-116	  418	18314	1983
NODE_32_length_18314_cov_358.638	VFG043519(gb|ZP_00604835)	84.65	443	34	14	1341	1752	1016	1455	1e-113	  411	18314	1983
NODE_32_length_18314_cov_358.638	VFG043519(gb|ZP_00604835)	81.39	360	55	11	1026	1379	1412	1765	2e-75	  283	18314	1983
NODE_32_length_18314_cov_358.638	VFG043519(gb|ZP_00604835)	81.09	386	39	14	1398	1752	1016	1398	1e-73	  278	18314	1983
NODE_32_length_18314_cov_358.638	VFG043519(gb|ZP_00604835)	80.55	329	30	14	1455	1752	1016	1341	5e-57	  222	18314	1983
NODE_32_length_18314_cov_358.638	VFG043519(gb|ZP_00604835)	81.19	303	23	8	1026	1326	1469	1739	3e-54	  213	18314	1983
NODE_32_length_18314_cov_358.638	VFG043519(gb|ZP_00604835)	90.62	160	14	1	1024	1183	1611	1769	1e-53	  211	18314	1983
NODE_32_length_18314_cov_358.638	VFG043519(gb|ZP_00604835)	80.90	267	24	11	1026	1292	1526	1765	7e-46	  185	18314	1983
