k__Bacteria.p__Bacteroidetes.c__Flavobacteriia.o__Flavobacteriales.f__Flavobacteriaceae.g__Cellulophaga.s__Cellulophaga_unclassified	1.43917473485			-
k__Bacteria.p__Firmicutes.c__Negativicutes.o__Selenomonadales.f__Veillonellaceae.g__Megamonas.s__Megamonas_funiformis	2.33005843727			-
k__Viruses.p__Viruses_noname.c__Viruses_noname.o__Caudovirales.f__Siphoviridae.g__Siphoviridae_noname.s__Lactococcus_phage_phi7	3.00814862558			-
k__Bacteria.p__Fusobacteria.c__Fusobacteriia.o__Fusobacteriales.f__Leptotrichiaceae.g__Leptotrichia	0.0			-
k__Bacteria.p__Proteobacteria.c__Gammaproteobacteria.o__Enterobacteriales.f__Enterobacteriaceae.g__Escherichia.s__Escherichia_coli	4.59701317937			-
k__Bacteria.p__Bacteroidetes.c__Bacteroidia.o__Bacteroidales.f__Bacteroidaceae.g__Bacteroides.s__Bacteroides_plebeius	3.95601971681			-
k__Viruses.p__Viruses_noname.c__Viruses_noname.o__Caudovirales.f__Myoviridae.g__Myoviridae_noname.s__Escherichia_phage_phAPEC8	0.0			-
k__Bacteria.p__Proteobacteria.c__Alphaproteobacteria.o__Rhizobiales	1.27703588817			-
k__Bacteria.p__Proteobacteria.c__Betaproteobacteria.o__Gallionellales.f__Gallionellaceae.g__Gallionellaceae_unclassified	1.31743649654			-
k__Bacteria.p__Firmicutes.c__Clostridia.o__Clostridiales.f__Eubacteriaceae.g__Eubacterium.s__Eubacterium_brachy	0.0			-
k__Bacteria.p__Synergistetes.c__Synergistia.o__Synergistales.f__Synergistaceae.g__Synergistes	0.0			-
k__Bacteria.p__Bacteroidetes.c__Bacteroidia.o__Bacteroidales.f__Porphyromonadaceae.g__Parabacteroides	4.42649007925			-
k__Bacteria.p__Firmicutes.c__Negativicutes.o__Selenomonadales.f__Acidaminococcaceae.g__Phascolarctobacterium.s__Phascolarctobacterium_succinatutens	4.04041343034			-
k__Bacteria.p__Proteobacteria.c__Betaproteobacteria.o__Burkholderiales.f__Sutterellaceae.g__Parasutterella	2.76996964643			-
k__Bacteria.p__Firmicutes.c__Clostridia.o__Clostridiales.f__Lachnospiraceae.g__Dorea.s__Dorea_formicigenerans	3.66967592914	point_1	3.34710368596	8.26812885541e-05
k__Bacteria.p__Spirochaetes.c__Spirochaetia.o__Spirochaetales.f__Spirochaetaceae.g__Borrelia.s__Borrelia_recurrentis	0.0			-
k__Viruses.p__Viruses_noname.c__Viruses_noname.o__Viruses_noname.f__Circoviridae.g__Gyrovirus.s__Chicken_anemia_virus	0.987442761506			-
k__Bacteria.p__Firmicutes.c__Clostridia.o__Clostridiales.f__Clostridiaceae.g__Clostridium.s__Clostridium_leptum	2.75269556456			-
k__Viruses.p__Viruses_noname.c__Viruses_noname.o__Caudovirales.f__Siphoviridae.g__Siphoviridae_noname.s__Lactococcus_phage_jm2	4.14278392231			-
k__Bacteria.p__Firmicutes.c__Bacilli.o__Lactobacillales.f__Leuconostocaceae.g__Leuconostoc.s__Leuconostoc_lactis	1.11319103755			-
k__Viruses.p__Viruses_noname.c__Viruses_noname.o__Viruses_noname.f__Viruses_noname.g__Viruses_noname	0.0			-
k__Bacteria.p__Firmicutes.c__Clostridia.o__Clostridiales.f__Lachnospiraceae.g__Blautia.s__Ruminococcus_obeum	3.71787782286			-
k__Bacteria.p__Proteobacteria.c__Alphaproteobacteria.o__Rhizobiales.f__Bartonellaceae.g__Bartonella.s__Bartonella_unclassified	1.27703588817			-
k__Bacteria.p__Proteobacteria.c__Gammaproteobacteria.o__Pasteurellales.f__Pasteurellaceae.g__Aggregatibacter.s__Aggregatibacter_aphrophilus	0.0			-
k__Bacteria.p__Firmicutes.c__Clostridia.o__Clostridiales.f__Lachnospiraceae.g__Coprococcus.s__Coprococcus_comes	3.87797786716	point_1	3.28501983033	0.000914127685811
k__Bacteria.p__Firmicutes.c__Clostridia.o__Clostridiales.f__Lachnospiraceae.g__Lachnospiraceae_noname.s__Lachnospiraceae_bacterium_2_1_58FAA	3.25594091754			-
k__Bacteria.p__Proteobacteria.c__Betaproteobacteria.o__Burkholderiales.f__Sutterellaceae.g__Sutterella	3.15919784168	point_1	3.33673226778	0.00599781124531
k__Bacteria.p__Firmicutes.c__Bacilli.o__Lactobacillales.f__Streptococcaceae	4.06301051928			-
k__Bacteria.p__Firmicutes.c__Erysipelotrichia.o__Erysipelotrichales.f__Erysipelotrichaceae.g__Solobacterium.s__Solobacterium_moorei	0.0			-
k__Bacteria.p__Proteobacteria.c__Gammaproteobacteria.o__Enterobacteriales.f__Enterobacteriaceae.g__Raoultella	0.0			-
k__Bacteria.p__Proteobacteria.c__Deltaproteobacteria.o__Desulfovibrionales	3.01448063056	point_1	3.22115031795	0.000497691752457
k__Viruses.p__Viruses_noname.c__Viruses_noname.o__Viruses_noname.f__Viruses_noname.g__Viruses_noname.s__Siegesbeckia_yellow_vein_virus_associated_DNA_beta	0.0			-
k__Bacteria.p__Firmicutes.c__Bacilli.o__Lactobacillales.f__Lactobacillaceae.g__Lactobacillus	3.51288675317			-
k__Bacteria.p__Bacteroidetes.c__Bacteroidia.o__Bacteroidales.f__Bacteroidaceae.g__Bacteroides.s__Bacteroides_dorei	4.70579180923			-
k__Bacteria.p__Bacteroidetes.c__Flavobacteriia.o__Flavobacteriales.f__Flavobacteriaceae.g__Cellulophaga	1.43917473485			-
k__Bacteria.p__Firmicutes.c__Clostridia.o__Clostridiales.f__Clostridiales_Family_XI_Incertae_Sedis.g__Parvimonas	1.48133511656			-
k__Viruses.p__Viruses_noname.c__Viruses_noname.o__Caudovirales.f__Siphoviridae.g__Siphoviridae_noname.s__Enterobacteria_phage_JL1	0.0			-
k__Bacteria.p__Firmicutes.c__Negativicutes.o__Selenomonadales.f__Veillonellaceae.g__Dialister.s__Dialister_invisus	4.11445502234	point_1	3.6609791706	0.00473662702502
k__Bacteria.p__Actinobacteria.c__Actinobacteria.o__Bifidobacteriales.f__Bifidobacteriaceae.g__Bifidobacterium.s__Bifidobacterium_breve	2.41539073818			-
k__Bacteria.p__Proteobacteria.c__Deltaproteobacteria.o__Desulfovibrionales.f__Desulfovibrionaceae.g__Desulfovibrio	1.68430664607			-
k__Bacteria.p__Firmicutes.c__Clostridia.o__Clostridiales.f__Clostridiaceae.g__Clostridium.s__Clostridium_sp_ATCC_BAA_442	2.21162105357			-
k__Bacteria.p__Spirochaetes.c__Spirochaetia.o__Spirochaetales.f__Brachyspiraceae	0.0			-
k__Bacteria.p__Firmicutes.c__Clostridia.o__Clostridiales.f__Clostridiaceae.g__Clostridium.s__Clostridium_nexile	2.77760804261			-
k__Bacteria.p__Firmicutes.c__Clostridia.o__Clostridiales.f__Clostridiales_Family_XI_Incertae_Sedis.g__Peptoniphilus.s__Peptoniphilus_lacrimalis	0.0			-
k__Bacteria.p__Firmicutes.c__Clostridia.o__Clostridiales.f__Lachnospiraceae.g__Butyrivibrio.s__Butyrivibrio_unclassified	1.86150454089	point_1	3.76645287944	0.00310227824142
k__Bacteria.p__Firmicutes.c__Clostridia.o__Clostridiales.f__Clostridiales_Family_XI_Incertae_Sedis.g__Parvimonas.s__Parvimonas_micra	0.866139594745			-
k__Viruses.p__Viruses_noname.c__Viruses_noname.o__Viruses_noname.f__Viruses_noname.g__Viruses_noname.s__Honeysuckle_yellow_vein_mosaic_disease_associated_satellite_DNA_beta	0.0			-
k__Archaea.p__Euryarchaeota.c__Methanobacteria.o__Methanobacteriales.f__Methanobacteriaceae	3.70811057878			-
k__Bacteria.p__Bacteroidetes.c__Bacteroidia.o__Bacteroidales.f__Prevotellaceae.g__Paraprevotella	3.46702877413			-
k__Bacteria.p__Actinobacteria.c__Actinobacteria.o__Bifidobacteriales.f__Bifidobacteriaceae.g__Bifidobacterium.s__Bifidobacterium_longum	3.24110611097	point_1	3.12211322228	0.00016267156816
k__Bacteria.p__Firmicutes.c__Bacilli.o__Lactobacillales.f__Lactobacillaceae.g__Lactobacillus.s__Lactobacillus_animalis	0.0			-
k__Bacteria.p__Firmicutes.c__Clostridia.o__Clostridiales.f__Ruminococcaceae.g__Ruminococcus.s__Ruminococcus_bromii	4.33464290863			-
k__Bacteria.p__Actinobacteria.c__Actinobacteria.o__Actinomycetales.f__Micrococcaceae	1.93889481523			-
k__Bacteria.p__Proteobacteria.c__Betaproteobacteria.o__Burkholderiales.f__Comamonadaceae.g__Comamonas	0.0			-
k__Bacteria.p__Firmicutes.c__Clostridia.o__Clostridiales.f__Lachnospiraceae.g__Dorea	4.15912650949	point_1	3.50467936954	0.00303573384178
k__Bacteria.p__Firmicutes.c__Bacilli.o__Lactobacillales.f__Lactobacillaceae	3.54865500811			-
k__Bacteria.p__Firmicutes.c__Negativicutes.o__Selenomonadales.f__Acidaminococcaceae.g__Acidaminococcus.s__Acidaminococcus_unclassified	0.0			-
k__Bacteria.p__Firmicutes.c__Clostridia.o__Clostridiales.f__Clostridiaceae.g__Clostridium.s__Clostridium_citroniae	1.89589195492			-
k__Bacteria.p__Bacteroidetes.c__Bacteroidia.o__Bacteroidales.f__Prevotellaceae.g__Prevotella.s__Prevotella_copri	5.1478871734			-
k__Bacteria.p__Firmicutes.c__Negativicutes.o__Selenomonadales.f__Veillonellaceae.g__Mitsuokella.s__Mitsuokella_unclassified	3.84624368527			-
k__Bacteria.p__Proteobacteria.c__Alphaproteobacteria.o__Rhizobiales.f__Bartonellaceae	1.27703588817			-
k__Bacteria.p__Firmicutes.c__Clostridia.o__Clostridiales.f__Ruminococcaceae.g__Ruminococcus.s__Ruminococcus_callidus	3.34059034073	point_1	3.03009448782	1.26462184051e-05
k__Bacteria.p__Firmicutes.c__Bacilli.o__Lactobacillales.f__Lactobacillaceae.g__Pediococcus.s__Pediococcus_acidilactici	1.10932538777			-
k__Bacteria.p__Firmicutes.c__Clostridia.o__Clostridiales.f__Lachnospiraceae.g__Lachnospiraceae_noname.s__Lachnospiraceae_bacterium_3_1_57FAA_CT1	2.72248378536			-
k__Bacteria.p__Firmicutes.c__Clostridia.o__Clostridiales.f__Clostridiaceae.g__Clostridium.s__Clostridium_hathewayi	2.60413961628			-
k__Viruses.p__Viruses_noname.c__Viruses_noname.o__Viruses_noname.f__Geminiviridae.g__Mastrevirus	1.97875098654			-
k__Bacteria.p__Bacteroidetes.c__Bacteroidia.o__Bacteroidales.f__Porphyromonadaceae.g__Dysgonomonas.s__Dysgonomonas_mossii	0.0			-
k__Bacteria.p__Firmicutes.c__Bacilli.o__Lactobacillales.f__Lactobacillaceae.g__Lactobacillus.s__Lactobacillus_reuteri	1.49209657045			-
k__Bacteria.p__Proteobacteria.c__Betaproteobacteria.o__Burkholderiales.f__Burkholderiales_noname	2.15309044248			-
k__Bacteria.p__Firmicutes.c__Clostridia.o__Clostridiales.f__Oscillospiraceae	3.6196699999			-
k__Viruses.p__Viruses_noname.c__Viruses_noname.o__Viruses_noname.f__Viruses_noname	0.0			-
k__Bacteria.p__Proteobacteria.c__Gammaproteobacteria.o__Pasteurellales	2.89881975675			-
k__Archaea.p__Euryarchaeota.c__Methanobacteria.o__Methanobacteriales	3.70811057878			-
k__Bacteria.p__Acidobacteria.c__Acidobacteriia	0.968366187031			-
k__Bacteria.p__Proteobacteria.c__Betaproteobacteria.o__Burkholderiales.f__Burkholderiales_noname.g__Burkholderiales_noname.s__Burkholderiales_bacterium_1_1_47	2.15309044248			-
k__Bacteria.p__Proteobacteria.c__Betaproteobacteria.o__Neisseriales.f__Neisseriaceae.g__Neisseria.s__Neisseria_unclassified	0.0			-
k__Bacteria.p__Bacteroidetes.c__Flavobacteriia	1.43917473485			-
k__Bacteria.p__Firmicutes.c__Clostridia.o__Clostridiales.f__Peptostreptococcaceae	3.1414387942			-
k__Bacteria.p__Firmicutes.c__Bacilli.o__Bacillales.f__Bacillaceae.g__Bacillus	0.0			-
k__Bacteria.p__Firmicutes.c__Clostridia.o__Clostridiales.f__Ruminococcaceae.g__Ruminococcus	4.70177293076	point_1	4.02690781495	0.00387486146584
k__Bacteria.p__Bacteroidetes.c__Bacteroidia.o__Bacteroidales.f__Rikenellaceae.g__Alistipes.s__Alistipes_onderdonkii	3.58396859597			-
k__Bacteria.p__Deinococcus_Thermus.c__Deinococci.o__Deinococcales.f__Deinococcaceae.g__Deinococcus.s__Deinococcus_unclassified	1.2283361886			-
k__Bacteria.p__Bacteroidetes.c__Bacteroidia.o__Bacteroidales.f__Bacteroidaceae.g__Bacteroides.s__Bacteroides_eggerthii	4.36112738512			-
k__Bacteria.p__Proteobacteria.c__Gammaproteobacteria.o__Enterobacteriales.f__Enterobacteriaceae.g__Shigella.s__Shigella_flexneri	0.0			-
k__Eukaryota.p__Eukaryota_noname.c__Eukaryota_noname.o__Eukaryota_noname.f__Eukaryota_noname	0.0			-
k__Bacteria.p__Acidobacteria.c__Acidobacteriia.o__Acidobacteriales.f__Acidobacteriaceae.g__Granulicella	0.968366187031			-
k__Bacteria.p__Proteobacteria.c__Gammaproteobacteria.o__Aeromonadales.f__Succinivibrionaceae.g__Succinatimonas.s__Succinatimonas_hippei	0.0			-
k__Bacteria.p__Firmicutes.c__Bacilli.o__Lactobacillales.f__Lactobacillaceae.g__Pediococcus.s__Pediococcus_pentosaceus	2.41218745248			-
k__Bacteria.p__Firmicutes.c__Bacilli.o__Lactobacillales.f__Enterococcaceae.g__Enterococcus.s__Enterococcus_dispar	0.0			-
k__Bacteria.p__Firmicutes.c__Bacilli.o__Bacillales.f__Staphylococcaceae.g__Macrococcus.s__Macrococcus_caseolyticus	0.98822441239			-
k__Bacteria.p__Firmicutes.c__Bacilli.o__Lactobacillales.f__Lactobacillaceae.g__Lactobacillus.s__Lactobacillus_sakei	0.90727696669			-
k__Bacteria.p__Bacteroidetes.c__Bacteroidia.o__Bacteroidales.f__Prevotellaceae	5.16709047193			-
k__Bacteria.p__Firmicutes.c__Clostridia.o__Clostridiales.f__Peptostreptococcaceae.g__Peptostreptococcaceae_noname.s__Peptostreptococcaceae_noname_unclassified	2.42501630902			-
k__Bacteria.p__Firmicutes.c__Erysipelotrichia.o__Erysipelotrichales.f__Erysipelotrichaceae.g__Solobacterium	0.0			-
k__Bacteria.p__Firmicutes.c__Clostridia.o__Clostridiales.f__Ruminococcaceae.g__Ruminococcus.s__Ruminococcus_champanellensis	2.46857623485			-
k__Bacteria.p__Firmicutes.c__Bacilli.o__Lactobacillales.f__Aerococcaceae.g__Abiotrophia.s__Abiotrophia_defectiva	0.0			-
k__Bacteria.p__Firmicutes.c__Clostridia.o__Clostridiales.f__Lachnospiraceae.g__Stomatobaculum	0.0			-
k__Bacteria.p__Firmicutes.c__Erysipelotrichia.o__Erysipelotrichales.f__Erysipelotrichaceae.g__Erysipelotrichaceae_noname.s__Eubacterium_dolichum	1.17768075985			-
k__Bacteria.p__Bacteroidetes.c__Flavobacteriia.o__Flavobacteriales	1.43917473485			-
k__Bacteria.p__Firmicutes.c__Bacilli.o__Lactobacillales.f__Lactobacillaceae.g__Lactobacillus.s__Lactobacillus_sanfranciscensis	0.268343913951			-
k__Bacteria.p__Firmicutes.c__Bacilli.o__Lactobacillales.f__Lactobacillaceae.g__Lactobacillus.s__Lactobacillus_acidophilus	1.90047633043			-
k__Viruses.p__Viruses_noname.c__Viruses_noname.o__Viruses_noname.f__Flaviviridae.g__Flavivirus.s__Kyasanur_forest_disease_virus	0.843855422623			-
k__Bacteria.p__Firmicutes.c__Clostridia.o__Clostridiales.f__Clostridiaceae.g__Clostridium.s__Clostridium_hylemonae	0.716003343635			-
k__Bacteria.p__Firmicutes.c__Bacilli.o__Bacillales.f__Staphylococcaceae	1.32139127831			-
k__Bacteria.p__Spirochaetes.c__Spirochaetia.o__Spirochaetales.f__Brachyspiraceae.g__Brachyspira.s__Brachyspira_pilosicoli	0.0			-
k__Bacteria.p__Firmicutes.c__Clostridia.o__Clostridiales.f__Lachnospiraceae.g__Lachnospiraceae_noname.s__Lachnospiraceae_bacterium_9_1_43BFAA	0.156094630639			-
k__Viruses.p__Viruses_noname.c__Viruses_noname.o__Picornavirales	0.395326393069			-
k__Bacteria.p__Proteobacteria.c__Epsilonproteobacteria.o__Campylobacterales.f__Campylobacteraceae.g__Campylobacter	0.0			-
k__Bacteria.p__Proteobacteria.c__Gammaproteobacteria.o__Enterobacteriales.f__Enterobacteriaceae.g__Enterobacter	2.45247262556			-
k__Bacteria.p__Deinococcus_Thermus.c__Deinococci.o__Deinococcales.f__Deinococcaceae	1.2283361886			-
k__Archaea.p__Euryarchaeota.c__Methanobacteria.o__Methanobacteriales.f__Methanobacteriaceae.g__Methanosphaera	2.01215148647			-
k__Bacteria.p__Bacteroidetes.c__Bacteroidia.o__Bacteroidales.f__Bacteroidaceae.g__Bacteroides.s__Bacteroides_ovatus	4.21334619411			-
k__Bacteria.p__Firmicutes.c__Bacilli.o__Lactobacillales.f__Enterococcaceae.g__Enterococcus.s__Enterococcus_faecalis	3.83353947486			-
k__Bacteria.p__Bacteroidetes.c__Bacteroidia.o__Bacteroidales.f__Bacteroidales_noname	2.96225091652	point_1	3.18507234054	0.000283879086797
k__Bacteria.p__Bacteroidetes.c__Bacteroidia.o__Bacteroidales.f__Bacteroidaceae.g__Bacteroides.s__Bacteroides_fluxus	0.0			-
k__Viruses.p__Viruses_noname.c__Viruses_noname.o__Caudovirales.f__Siphoviridae.g__Siphoviridae_noname.s__Streptococcus_phage_TP_778L	2.00174452678			-
k__Bacteria.p__Proteobacteria.c__Betaproteobacteria	3.28668544696			-
k__Bacteria.p__Firmicutes.c__Clostridia.o__Clostridiales.f__Lachnospiraceae.g__Lachnospiraceae_noname.s__Lachnospiraceae_bacterium_1_4_56FAA	2.14079862209			-
k__Bacteria.p__Candidatus_Saccharibacteria.c__Candidatus_Saccharibacteria_noname.o__Candidatus_Saccharibacteria_noname.f__Candidatus_Saccharibacteria_noname.g__Candidatus_Saccharibacteria_noname	0.0			-
k__Bacteria.p__Actinobacteria.c__Actinobacteria.o__Bifidobacteriales.f__Bifidobacteriaceae.g__Bifidobacterium.s__Bifidobacterium_angulatum	1.50616665486			-
k__Bacteria.p__Proteobacteria.c__Deltaproteobacteria.o__Desulfovibrionales.f__Desulfovibrionaceae.g__Desulfovibrio.s__Desulfovibrio_desulfuricans	1.04649516433			-
k__Bacteria.p__Firmicutes.c__Clostridia.o__Clostridiales.f__Lachnospiraceae.g__Lachnospiraceae_noname	3.8023522169			-
k__Bacteria.p__Fusobacteria.c__Fusobacteriia.o__Fusobacteriales.f__Leptotrichiaceae.g__Leptotrichia.s__Leptotrichia_unclassified	0.0			-
k__Bacteria.p__Proteobacteria.c__Betaproteobacteria.o__Neisseriales.f__Neisseriaceae	0.0			-
k__Bacteria.p__Firmicutes.c__Bacilli.o__Lactobacillales.f__Lactobacillaceae.g__Pediococcus.s__Pediococcus_unclassified	0.0			-
k__Bacteria.p__Firmicutes.c__Clostridia.o__Clostridiales.f__Clostridiales_noname.g__Clostridiales_noname.s__Bacteroides_pectinophilus	3.01201423716			-
k__Viruses.p__Viruses_noname.c__Viruses_noname.o__Caudovirales.f__Siphoviridae.g__T5likevirus.s__T5likevirus_unclassified	1.75409976863			-
k__Archaea.p__Euryarchaeota.c__Methanobacteria.o__Methanobacteriales.f__Methanobacteriaceae.g__Methanosphaera.s__Methanosphaera_stadtmanae	2.01215148647			-
k__Bacteria.p__Bacteroidetes.c__Bacteroidia.o__Bacteroidales.f__Bacteroidaceae.g__Bacteroides.s__Bacteroides_finegoldii	2.70042678776			-
k__Bacteria.p__Proteobacteria.c__Deltaproteobacteria	3.01448063056	point_1	3.45449209447	0.000497691752457
k__Bacteria.p__Bacteroidetes	5.63071351985			-
k__Bacteria.p__Firmicutes.c__Bacilli.o__Lactobacillales.f__Streptococcaceae.g__Streptococcus.s__Streptococcus_gordonii	1.09751760007			-
k__Bacteria.p__Firmicutes.c__Clostridia.o__Clostridiales.f__Clostridiaceae.g__Clostridium.s__Clostridium_scindens	0.708420900135			-
k__Bacteria.p__Actinobacteria.c__Actinobacteria.o__Coriobacteriales.f__Coriobacteriaceae.g__Gordonibacter	1.60105452232			-
k__Bacteria.p__Firmicutes.c__Negativicutes.o__Selenomonadales.f__Veillonellaceae.g__Megasphaera.s__Megasphaera_micronuciformis	0.705007959333			-
k__Bacteria.p__Proteobacteria.c__Gammaproteobacteria.o__Xanthomonadales.f__Sinobacteraceae.g__Sinobacteraceae_unclassified	0.0			-
k__Bacteria.p__Verrucomicrobia.c__Verrucomicrobiae.o__Verrucomicrobiales	3.78539958832	point_1	3.5278924513	1.13133724297e-06
k__Bacteria.p__Proteobacteria.c__Gammaproteobacteria.o__Enterobacteriales.f__Enterobacteriaceae.g__Providencia	1.61844035429			-
k__Bacteria.p__Firmicutes.c__Clostridia.o__Clostridiales.f__Ruminococcaceae.g__Subdoligranulum.s__Subdoligranulum_unclassified	4.88268887431			-
k__Bacteria.p__Firmicutes.c__Clostridia.o__Clostridiales.f__Lachnospiraceae.g__Blautia.s__Ruminococcus_gnavus	4.0674075164			-
k__Bacteria.p__Actinobacteria.c__Actinobacteria.o__Coriobacteriales.f__Coriobacteriaceae.g__Collinsella	3.3931863566	point_1	3.38038925024	9.12760947171e-07
k__Bacteria.p__Proteobacteria.c__Gammaproteobacteria.o__Pasteurellales.f__Pasteurellaceae.g__Actinobacillus.s__Actinobacillus_unclassified	1.24735942247			-
k__Bacteria.p__Firmicutes.c__Bacilli.o__Lactobacillales.f__Lactobacillaceae.g__Pediococcus.s__Pediococcus_lolii	0.926599653907			-
k__Bacteria.p__Firmicutes.c__Negativicutes.o__Selenomonadales.f__Acidaminococcaceae.g__Acidaminococcaceae_unclassified	0.263043983313			-
k__Bacteria.p__Firmicutes.c__Clostridia.o__Clostridiales.f__Ruminococcaceae.g__Anaerotruncus	2.55890048137			-
k__Bacteria.p__Chlorobi.c__Chlorobia.o__Chlorobiales.f__Chlorobiaceae	0.833943550851			-
k__Bacteria.p__Bacteroidetes.c__Bacteroidia.o__Bacteroidales.f__Prevotellaceae.g__Alloprevotella.s__Alloprevotella_unclassified	0.0			-
k__Bacteria.p__Firmicutes.c__Bacilli.o__Lactobacillales.f__Lactobacillaceae.g__Lactobacillus.s__Lactobacillus_casei_paracasei	0.980230691391			-
k__Bacteria.p__Firmicutes.c__Clostridia.o__Clostridiales.f__Clostridiaceae	4.08856016497			-
k__Bacteria.p__Firmicutes.c__Clostridia.o__Clostridiales.f__Lachnospiraceae.g__Blautia.s__Blautia_hydrogenotrophica	0.282735372621			-
k__Bacteria.p__Firmicutes.c__Clostridia.o__Clostridiales.f__Ruminococcaceae.g__Ruminococcus.s__Ruminococcus_albus	1.67244423133			-
k__Bacteria.p__Firmicutes.c__Clostridia.o__Clostridiales.f__Lachnospiraceae.g__Dorea.s__Dorea_unclassified	2.27649627062			-
k__Bacteria.p__Firmicutes.c__Clostridia.o__Clostridiales.f__Clostridiaceae.g__Clostridium.s__Clostridium_sp_L2_50	3.98532204756	point_1	3.68113887816	0.00598555946692
k__Bacteria.p__Firmicutes.c__Negativicutes.o__Selenomonadales.f__Veillonellaceae.g__Veillonella.s__Veillonella_unclassified	2.98443615327			-
k__Archaea.p__Euryarchaeota	3.70842961129			-
k__Bacteria.p__Proteobacteria.c__Gammaproteobacteria.o__Enterobacteriales.f__Enterobacteriaceae.g__Citrobacter.s__Citrobacter_unclassified	1.82347422917			-
k__Eukaryota.p__Ascomycota	1.42320489405			-
k__Bacteria.p__Firmicutes.c__Clostridia.o__Clostridiales.f__Peptostreptococcaceae.g__Peptostreptococcaceae_noname	3.1414387942			-
k__Bacteria.p__Firmicutes.c__Bacilli.o__Lactobacillales.f__Streptococcaceae.g__Streptococcus.s__Streptococcus_mutans	0.882239848019			-
k__Bacteria.p__Firmicutes.c__Bacilli.o__Lactobacillales.f__Leuconostocaceae.g__Leuconostoc.s__Leuconostoc_pseudomesenteroides	1.08017536557			-
k__Viruses.p__Viruses_noname.c__Viruses_noname.o__Caudovirales.f__Podoviridae	2.30474357456			-
k__Bacteria.p__Proteobacteria.c__Gammaproteobacteria.o__Enterobacteriales.f__Enterobacteriaceae.g__Klebsiella.s__Klebsiella_pneumoniae	3.38678290309			-
k__Bacteria.p__Actinobacteria.c__Actinobacteria.o__Coriobacteriales.f__Coriobacteriaceae.g__Atopobium.s__Atopobium_parvulum	0.0			-
k__Bacteria.p__Firmicutes.c__Erysipelotrichia.o__Erysipelotrichales.f__Erysipelotrichaceae.g__Holdemania.s__Holdemania_unclassified	1.93382881847			-
k__Bacteria.p__Proteobacteria.c__Betaproteobacteria.o__Burkholderiales.f__Comamonadaceae.g__Comamonas.s__Comamonas_unclassified	0.0			-
k__Bacteria.p__Bacteroidetes.c__Bacteroidia.o__Bacteroidales.f__Prevotellaceae.g__Paraprevotella.s__Paraprevotella_xylaniphila	1.98625652098			-
k__Bacteria.p__Firmicutes.c__Bacilli.o__Lactobacillales.f__Lactobacillaceae.g__Lactobacillus.s__Lactobacillus_crispatus	1.02304658408			-
k__Bacteria.p__Firmicutes.c__Clostridia.o__Clostridiales.f__Lachnospiraceae.g__Roseburia.s__Roseburia_intestinalis	4.08309240896			-
k__Bacteria.p__Firmicutes.c__Erysipelotrichia	4.07607563587			-
k__Bacteria.p__Firmicutes.c__Bacilli.o__Lactobacillales.f__Streptococcaceae.g__Lactococcus.s__Lactococcus_garvieae	1.80763648689			-
k__Bacteria.p__Firmicutes.c__Bacilli.o__Lactobacillales.f__Streptococcaceae.g__Streptococcus.s__Streptococcus_tigurinus	0.68574173652			-
k__Bacteria.p__Firmicutes.c__Clostridia.o__Clostridiales.f__Eubacteriaceae.g__Eubacterium.s__Eubacterium_siraeum	4.02313985474			-
k__Bacteria.p__Acidobacteria.c__Acidobacteriia.o__Acidobacteriales	0.968366187031			-
k__Viruses.p__Viruses_noname.c__Viruses_noname.o__Viruses_noname.f__Retroviridae.g__Epsilonretrovirus.s__Walleye_dermal_sarcoma_virus	0.0			-
k__Bacteria.p__Firmicutes.c__Clostridia.o__Clostridiales.f__Ruminococcaceae.g__Ruminococcaceae_noname.s__Ruminococcaceae_bacterium_D16	2.00241446764			-
k__Bacteria.p__Firmicutes.c__Erysipelotrichia.o__Erysipelotrichales.f__Erysipelotrichaceae.g__Coprobacillus	3.58847927808			-
k__Viruses.p__Viruses_noname.c__Viruses_noname.o__Caudovirales.f__Siphoviridae.g__Siphoviridae_noname.s__Leuconostoc_phage_P793	0.0			-
k__Bacteria.p__Bacteroidetes.c__Bacteroidia.o__Bacteroidales.f__Prevotellaceae.g__Paraprevotella.s__Paraprevotella_clara	2.98671239224			-
k__Bacteria.p__Actinobacteria.c__Actinobacteria.o__Actinomycetales.f__Micrococcaceae.g__Rothia.s__Rothia_unclassified	0.909689720017			-
k__Bacteria.p__Proteobacteria.c__Betaproteobacteria.o__Gallionellales	1.31743649654			-
k__Bacteria.p__Proteobacteria.c__Gammaproteobacteria.o__Pseudomonadales	0.0			-
k__Eukaryota.p__Eukaryota_noname	0.0			-
k__Bacteria.p__Firmicutes.c__Bacilli.o__Lactobacillales.f__Carnobacteriaceae.g__Granulicatella	1.83987068245			-
k__Bacteria.p__Firmicutes.c__Negativicutes.o__Selenomonadales.f__Veillonellaceae.g__Megamonas	3.42514198579			-
k__Viruses.p__Viruses_noname.c__Viruses_noname.o__Caudovirales.f__Siphoviridae.g__Siphoviridae_noname.s__Staphylococcus_phage_80alpha	2.30042155738			-
k__Bacteria.p__Firmicutes.c__Clostridia.o__Clostridiales.f__Lachnospiraceae.g__Anaerostipes.s__Anaerostipes_hadrus	3.23053832634			-
k__Bacteria.p__Firmicutes.c__Clostridia.o__Clostridiales.f__Peptostreptococcaceae.g__Peptostreptococcaceae_noname.s__Clostridium_difficile	0.793964905281			-
k__Bacteria.p__Firmicutes.c__Negativicutes.o__Selenomonadales.f__Veillonellaceae.g__Dialister.s__Dialister_succinatiphilus	3.10186731289			-
k__Bacteria.p__Actinobacteria.c__Actinobacteria.o__Bifidobacteriales.f__Bifidobacteriaceae.g__Bifidobacterium	3.9619880394	point_1	3.62153604778	5.54648347428e-08
k__Bacteria.p__Bacteroidetes.c__Bacteroidia.o__Bacteroidales.f__Bacteroidaceae.g__Bacteroides.s__Bacteroides_fragilis	3.77793241995			-
k__Bacteria.p__Verrucomicrobia.c__Verrucomicrobiae.o__Verrucomicrobiales.f__Verrucomicrobiaceae	3.78539958832	point_1	3.49973159256	1.13133724297e-06
k__Viruses.p__Viruses_noname.c__Viruses_noname.o__Caudovirales.f__Podoviridae.g__P22likevirus.s__Salmonella_phage_HK620	2.27320389555			-
k__Viruses.p__Viruses_noname.c__Viruses_noname.o__Caudovirales.f__Myoviridae.g__PhiCD119likevirus.s__PhiCD119likevirus_unclassified	0.459015332302			-
k__Bacteria.p__Firmicutes.c__Bacilli.o__Lactobacillales.f__Enterococcaceae.g__Enterococcus.s__Enterococcus_casseliflavus	2.72922352891			-
k__Bacteria.p__Chlorobi.c__Chlorobia.o__Chlorobiales.f__Chlorobiaceae.g__Chlorobium.s__Chlorobium_phaeobacteroides	0.833943550851			-
k__Bacteria.p__Firmicutes.c__Bacilli.o__Lactobacillales.f__Streptococcaceae.g__Streptococcus.s__Streptococcus_peroris	0.247973309791			-
k__Viruses.p__Viruses_noname.c__Viruses_noname.o__Caudovirales.f__Siphoviridae.g__Siphoviridae_noname.s__Lactococcus_phage_BM13	3.20771109584			-
k__Bacteria.p__Firmicutes.c__Clostridia.o__Clostridiales.f__Lachnospiraceae.g__Lachnospiraceae_noname.s__Lachnospiraceae_bacterium_5_1_63FAA	2.87802603937	point_1	3.06724148172	0.000211535340518
k__Bacteria.p__Firmicutes.c__Clostridia.o__Clostridiales.f__Peptostreptococcaceae.g__Peptostreptococcus.s__Peptostreptococcus_unclassified	0.0			-
k__Bacteria.p__Firmicutes.c__Negativicutes.o__Selenomonadales.f__Veillonellaceae.g__Megamonas.s__Megamonas_hypermegale	2.61940379817			-
k__Bacteria.p__Synergistetes.c__Synergistia.o__Synergistales.f__Synergistaceae.g__Pyramidobacter.s__Pyramidobacter_piscolens	2.60282747115			-
k__Bacteria.p__Proteobacteria.c__Gammaproteobacteria.o__Enterobacteriales.f__Enterobacteriaceae.g__Citrobacter.s__Citrobacter_koseri	0.0			-
k__Bacteria.p__Firmicutes.c__Erysipelotrichia.o__Erysipelotrichales.f__Erysipelotrichaceae.g__Erysipelotrichaceae_noname.s__Eubacterium_cylindroides	1.62404997209			-
k__Archaea.p__Euryarchaeota.c__Methanococci	1.05871061556			-
k__Bacteria.p__Synergistetes.c__Synergistia.o__Synergistales.f__Synergistaceae	2.60282747115			-
k__Viruses.p__Viruses_noname.c__Viruses_noname.o__Viruses_noname.f__Retroviridae.g__Retroviridae_noname	0.0			-
k__Bacteria.p__Firmicutes.c__Erysipelotrichia.o__Erysipelotrichales.f__Erysipelotrichaceae.g__Erysipelotrichaceae_noname.s__Erysipelotrichaceae_bacterium_6_1_45	2.69348291994			-
k__Bacteria.p__Firmicutes.c__Bacilli.o__Lactobacillales.f__Lactobacillaceae.g__Lactobacillus.s__Lactobacillus_gasseri	1.54298092659			-
k__Bacteria.p__Proteobacteria.c__Gammaproteobacteria.o__Enterobacteriales.f__Enterobacteriaceae.g__Proteus	1.71094199521			-
k__Bacteria.p__Firmicutes.c__Clostridia.o__Clostridiales.f__Clostridiaceae.g__Clostridium.s__Clostridium_celatum	2.47940973713			-
k__Bacteria.p__Bacteroidetes.c__Bacteroidia	5.63068557518			-
k__Bacteria.p__Bacteroidetes.c__Bacteroidia.o__Bacteroidales.f__Rikenellaceae.g__Alistipes.s__Alistipes_finegoldii	3.20494841705			-
k__Bacteria.p__Bacteroidetes.c__Bacteroidia.o__Bacteroidales.f__Bacteroidaceae.g__Bacteroides.s__Bacteroides_faecis	2.64260052501			-
k__Bacteria.p__Proteobacteria.c__Gammaproteobacteria.o__Enterobacteriales.f__Enterobacteriaceae.g__Escherichia.s__Escherichia_unclassified	2.32184688288			-
k__Bacteria.p__Actinobacteria.c__Actinobacteria.o__Actinomycetales.f__Micrococcaceae.g__Rothia.s__Rothia_mucilaginosa	1.91099771378			-
k__Viruses.p__Viruses_noname	4.70107735633			-
k__Eukaryota.p__Ascomycota.c__Saccharomycetes.o__Saccharomycetales.f__Saccharomycetaceae.g__Saccharomyces.s__Saccharomyces_cerevisiae	1.42320489405			-
k__Viruses.p__Viruses_noname.c__Viruses_noname.o__Caudovirales.f__Siphoviridae.g__Siphoviridae_noname.s__Staphylococcus_phage_PVL	0.0			-
k__Bacteria.p__Actinobacteria.c__Actinobacteria.o__Bifidobacteriales.f__Bifidobacteriaceae.g__Bifidobacterium.s__Bifidobacterium_adolescentis	3.73727953393	point_1	3.52575510196	1.30202588662e-06
k__Bacteria.p__Firmicutes.c__Erysipelotrichia.o__Erysipelotrichales.f__Erysipelotrichaceae.g__Coprobacillus.s__Coprobacillus_unclassified	3.12607620067			-
k__Bacteria.p__Firmicutes.c__Clostridia.o__Clostridiales.f__Ruminococcaceae.g__Ruminococcus.s__Ruminococcus_sp_5_1_39BFAA	4.20739433544	point_1	3.71379178667	0.00506155927485
k__Bacteria.p__Firmicutes.c__Bacilli.o__Lactobacillales.f__Leuconostocaceae	2.14501761448			-
k__Viruses.p__Viruses_noname.c__Viruses_noname.o__Caudovirales.f__Siphoviridae.g__Siphoviridae_noname.s__Streptococcus_phage_ALQ13_2	2.42746172112			-
k__Bacteria.p__Firmicutes.c__Bacilli.o__Lactobacillales.f__Lactobacillaceae.g__Pediococcus	2.44660705863			-
k__Viruses.p__Viruses_noname.c__Viruses_noname.o__Viruses_noname.f__Adenoviridae.g__Mastadenovirus.s__Human_adenovirus_D	0.0			-
k__Bacteria.p__Firmicutes.c__Bacilli.o__Bacillales.f__Staphylococcaceae.g__Staphylococcus	1.32139127831			-
k__Bacteria.p__Firmicutes.c__Bacilli.o__Lactobacillales.f__Lactobacillaceae.g__Lactobacillus.s__Lactobacillus_vaginalis	2.31033741641			-
k__Bacteria.p__Actinobacteria.c__Actinobacteria.o__Actinomycetales.f__Dermatophilaceae	1.16753885706			-
k__Bacteria.p__Bacteroidetes.c__Bacteroidia.o__Bacteroidales.f__Bacteroidaceae.g__Bacteroides.s__Bacteroides_xylanisolvens	3.37159147001			-
k__Bacteria.p__Firmicutes.c__Clostridia.o__Clostridiales.f__Clostridiaceae.g__Clostridium.s__Clostridium_symbiosum	2.69566769998			-
k__Viruses.p__Viruses_noname.c__Viruses_noname.o__Caudovirales.f__Siphoviridae.g__Siphoviridae_noname.s__Leuconostoc_phage_phiLN04	0.0			-
k__Bacteria.p__Candidatus_Saccharibacteria	0.0			-
k__Bacteria.p__Actinobacteria	4.07539265259	point_1	3.72647163567	9.21370309646e-08
k__Bacteria.p__Bacteroidetes.c__Bacteroidia.o__Bacteroidales.f__Bacteroidaceae.g__Bacteroides.s__Bacteroides_nordii	2.14480763637			-
k__Bacteria.p__Actinobacteria.c__Actinobacteria.o__Coriobacteriales.f__Coriobacteriaceae.g__Atopobium	0.0			-
k__Bacteria.p__Firmicutes.c__Clostridia.o__Clostridiales.f__Clostridiaceae.g__Clostridium.s__Clostridium_perfringens	1.70739979141			-
k__Viruses.p__Viruses_noname.c__Viruses_noname.o__Picornavirales.f__Picornaviridae	0.395326393069			-
k__Bacteria.p__Firmicutes.c__Negativicutes.o__Selenomonadales.f__Acidaminococcaceae	4.08610122193			-
k__Bacteria.p__Bacteroidetes.c__Bacteroidia.o__Bacteroidales.f__Bacteroidaceae.g__Bacteroides.s__Bacteroides_thetaiotaomicron	3.9249410725			-
k__Bacteria.p__Proteobacteria.c__Betaproteobacteria.o__Burkholderiales.f__Sutterellaceae.g__Sutterellaceae_unclassified	2.28114703965			-
k__Bacteria.p__Bacteroidetes.c__Bacteroidia.o__Bacteroidales.f__Rikenellaceae.g__Alistipes.s__Alistipes_shahii	3.33214040354			-
k__Bacteria.p__Actinobacteria.c__Actinobacteria.o__Actinomycetales.f__Dermatophilaceae.g__Dermatophilaceae_unclassified	1.16753885706			-
k__Viruses.p__Viruses_noname.c__Viruses_noname.o__Caudovirales.f__Siphoviridae.g__Siphoviridae_noname.s__Lactobacillus_phage_PL_1	1.47766378381			-
k__Bacteria.p__Firmicutes.c__Clostridia.o__Clostridiales.f__Oscillospiraceae.g__Oscillibacter.s__Oscillibacter_unclassified	3.6196699999			-
k__Bacteria.p__Bacteroidetes.c__Bacteroidia.o__Bacteroidales.f__Porphyromonadaceae.g__Odoribacter	3.58216850688			-
k__Bacteria.p__Firmicutes.c__Bacilli.o__Lactobacillales.f__Lactobacillaceae.g__Lactobacillus.s__Lactobacillus_ruminis	2.88517315469			-
k__Bacteria.p__Firmicutes.c__Negativicutes.o__Selenomonadales.f__Veillonellaceae.g__Anaeroglobus	0.0			-
k__Bacteria.p__Firmicutes.c__Clostridia.o__Clostridiales.f__Ruminococcaceae.g__Anaerotruncus.s__Anaerotruncus_unclassified	2.25593550423			-
k__Bacteria.p__Bacteroidetes.c__Bacteroidia.o__Bacteroidales.f__Porphyromonadaceae.g__Parabacteroides.s__Parabacteroides_unclassified	3.82549557261			-
k__Bacteria.p__Firmicutes.c__Erysipelotrichia.o__Erysipelotrichales.f__Erysipelotrichaceae.g__Erysipelotrichaceae_noname	3.73658591174			-
k__Bacteria.p__Bacteroidetes.c__Bacteroidia.o__Bacteroidales.f__Porphyromonadaceae.g__Porphyromonas	1.11210204793			-
k__Bacteria.p__Firmicutes.c__Bacilli.o__Bacillales.f__Bacillales_noname.g__Gemella	0.976922851375			-
k__Bacteria.p__Firmicutes.c__Negativicutes.o__Selenomonadales.f__Veillonellaceae	4.33265726616			-
k__Bacteria.p__Firmicutes.c__Clostridia.o__Clostridiales.f__Ruminococcaceae.g__Faecalibacterium.s__Faecalibacterium_prausnitzii	4.97594763592			-
k__Bacteria.p__Firmicutes	5.7764503521			-
k__Viruses.p__Viruses_noname.c__Viruses_noname.o__Viruses_noname.f__Geminiviridae.g__Mastrevirus.s__Wheat_dwarf_virus	1.97875098654			-
k__Bacteria.p__Firmicutes.c__Clostridia.o__Clostridiales.f__Eubacteriaceae.g__Anaerofustis.s__Anaerofustis_stercorihominis	0.0			-
k__Bacteria.p__Actinobacteria.c__Actinobacteria.o__Actinomycetales.f__Propionibacteriaceae.g__Propionibacterium	0.689752696139			-
k__Bacteria	5.99267575928			-
k__Bacteria.p__Bacteroidetes.c__Bacteroidia.o__Bacteroidales.f__Prevotellaceae.g__Prevotella.s__Prevotella_disiens	0.225955072896			-
k__Bacteria.p__Firmicutes.c__Clostridia.o__Clostridiales.f__Clostridiaceae.g__Clostridium.s__Clostridium_butyricum	0.0			-
k__Bacteria.p__Firmicutes.c__Bacilli.o__Lactobacillales.f__Lactobacillaceae.g__Lactobacillus.s__Lactobacillus_salivarius	3.1926726692			-
k__Bacteria.p__Bacteroidetes.c__Bacteroidia.o__Bacteroidales.f__Prevotellaceae.g__Prevotella.s__Prevotella_stercorea	3.75987719651			-
k__Bacteria.p__Firmicutes.c__Negativicutes	4.52767596721			-
k__Bacteria.p__Firmicutes.c__Clostridia.o__Clostridiales.f__Clostridiales_noname	3.06987335873			-
k__Bacteria.p__Bacteroidetes.c__Bacteroidia.o__Bacteroidales.f__Bacteroidaceae.g__Bacteroides.s__Bacteroides_stercoris	4.24539674176			-
k__Bacteria.p__Firmicutes.c__Clostridia.o__Clostridiales.f__Lachnospiraceae.g__Blautia.s__Ruminococcus_torques	4.5659941945			-
k__Bacteria.p__Firmicutes.c__Negativicutes.o__Selenomonadales.f__Veillonellaceae.g__Megasphaera	3.55584051547			-
k__Bacteria.p__Proteobacteria.c__Gammaproteobacteria.o__Pasteurellales.f__Pasteurellaceae.g__Aggregatibacter	0.0			-
k__Bacteria.p__Firmicutes.c__Erysipelotrichia.o__Erysipelotrichales.f__Erysipelotrichaceae.g__Erysipelotrichaceae_noname.s__Erysipelotrichaceae_bacterium_2_2_44A	2.3523320828			-
k__Bacteria.p__Spirochaetes.c__Spirochaetia.o__Spirochaetales	0.0			-
k__Bacteria.p__Synergistetes.c__Synergistia.o__Synergistales.f__Synergistaceae.g__Synergistes.s__Synergistes_sp_3_1_syn1	0.0			-
k__Bacteria.p__Actinobacteria.c__Actinobacteria.o__Coriobacteriales.f__Coriobacteriaceae.g__Collinsella.s__Collinsella_tanakaei	1.07003786661			-
k__Bacteria.p__Bacteroidetes.c__Bacteroidia.o__Bacteroidales.f__Bacteroidaceae.g__Bacteroides.s__Bacteroides_coprocola	3.00201693971			-
k__Bacteria.p__Firmicutes.c__Negativicutes.o__Selenomonadales.f__Veillonellaceae.g__Anaeroglobus.s__Anaeroglobus_geminatus	0.0			-
k__Bacteria.p__Firmicutes.c__Bacilli.o__Lactobacillales.f__Streptococcaceae.g__Streptococcus.s__Streptococcus_gallolyticus	0.0			-
k__Viruses.p__Viruses_noname.c__Viruses_noname.o__Viruses_noname.f__Adenoviridae.g__Mastadenovirus	0.0			-
k__Bacteria.p__Candidatus_Saccharibacteria.c__Candidatus_Saccharibacteria_noname.o__Candidatus_Saccharibacteria_noname.f__Candidatus_Saccharibacteria_noname.g__Candidatus_Saccharibacteria_noname.s__candidate_division_TM7_single_cell_isolate_TM7c	0.0			-
k__Bacteria.p__Candidatus_Saccharibacteria.c__Candidatus_Saccharibacteria_noname.o__Candidatus_Saccharibacteria_noname.f__Candidatus_Saccharibacteria_noname.g__Candidatus_Saccharibacteria_noname_unclassified	0.0			-
k__Bacteria.p__Firmicutes.c__Erysipelotrichia.o__Erysipelotrichales.f__Erysipelotrichaceae.g__Erysipelotrichaceae_noname.s__Clostridium_ramosum	2.74437712129			-
k__Bacteria.p__Bacteroidetes.c__Bacteroidia.o__Bacteroidales.f__Bacteroidaceae.g__Bacteroides.s__Bacteroides_vulgatus	4.55994094442			-
k__Viruses.p__Viruses_noname.c__Viruses_noname.o__Viruses_noname.f__Circoviridae	0.987442761506			-
k__Bacteria.p__Proteobacteria.c__Gammaproteobacteria.o__Enterobacteriales.f__Enterobacteriaceae.g__Providencia.s__Providencia_rettgeri	1.61844035429			-
k__Bacteria.p__Proteobacteria.c__Epsilonproteobacteria.o__Campylobacterales	0.0			-
k__Bacteria.p__Firmicutes.c__Clostridia.o__Clostridiales.f__Clostridiales_noname.g__Flavonifractor.s__Flavonifractor_plautii	2.50429412116			-
k__Bacteria.p__Firmicutes.c__Bacilli.o__Lactobacillales.f__Leuconostocaceae.g__Weissella.s__Weissella_unclassified	0.453318340047			-
k__Bacteria.p__Firmicutes.c__Negativicutes.o__Selenomonadales.f__Veillonellaceae.g__Megamonas.s__Megamonas_unclassified	3.33654779676			-
k__Viruses.p__Viruses_noname.c__Viruses_noname.o__Viruses_noname.f__Retroviridae.g__Gammaretrovirus.s__Porcine_type_C_oncovirus	0.0			-
k__Bacteria.p__Firmicutes.c__Clostridia.o__Clostridiales.f__Lachnospiraceae.g__Blautia.s__Blautia_producta	1.83796701837			-
k__Viruses.p__Viruses_noname.c__Viruses_noname.o__Caudovirales.f__Siphoviridae.g__Siphoviridae_noname.s__Salmonella_phage_Vi_II_E1	3.84909526126			-
k__Bacteria.p__Bacteroidetes.c__Bacteroidia.o__Bacteroidales.f__Porphyromonadaceae.g__Butyricimonas	0.0			-
k__Bacteria.p__Actinobacteria.c__Actinobacteria.o__Bifidobacteriales.f__Bifidobacteriaceae.g__Bifidobacterium.s__Bifidobacterium_pseudolongum	0.0			-
k__Bacteria.p__Verrucomicrobia.c__Verrucomicrobiae.o__Verrucomicrobiales.f__Verrucomicrobiaceae.g__Akkermansia.s__Akkermansia_muciniphila	3.78539958832	point_1	3.49951979219	1.13133724297e-06
k__Bacteria.p__Firmicutes.c__Clostridia.o__Clostridiales.f__Lachnospiraceae.g__Blautia	4.71407132979			-
k__Bacteria.p__Firmicutes.c__Bacilli.o__Bacillales.f__Staphylococcaceae.g__Macrococcus	0.98822441239			-
k__Bacteria.p__Firmicutes.c__Bacilli.o__Lactobacillales.f__Streptococcaceae.g__Streptococcus.s__Streptococcus_macedonicus	1.29622632082			-
k__Bacteria.p__Firmicutes.c__Clostridia.o__Clostridiales.f__Clostridiales_noname.g__Pseudoflavonifractor	1.70612011387			-
k__Bacteria.p__Firmicutes.c__Bacilli.o__Lactobacillales.f__Carnobacteriaceae.g__Granulicatella.s__Granulicatella_unclassified	1.80517790551			-
k__Bacteria.p__Acidobacteria.c__Acidobacteriia.o__Acidobacteriales.f__Acidobacteriaceae.g__Granulicella.s__Granulicella_unclassified	0.968366187031			-
k__Bacteria.p__Firmicutes.c__Erysipelotrichia.o__Erysipelotrichales.f__Erysipelotrichaceae.g__Catenibacterium.s__Catenibacterium_mitsuokai	3.36546270661			-
k__Bacteria.p__Firmicutes.c__Erysipelotrichia.o__Erysipelotrichales.f__Erysipelotrichaceae.g__Bulleidia	0.0			-
k__Bacteria.p__Firmicutes.c__Bacilli.o__Lactobacillales.f__Lactobacillaceae.g__Lactobacillus.s__Lactobacillus_plantarum	1.6499187178			-
k__Bacteria.p__Firmicutes.c__Bacilli.o__Lactobacillales.f__Enterococcaceae.g__Enterococcus.s__Enterococcus_durans	2.37804341563			-
k__Bacteria.p__Firmicutes.c__Bacilli.o__Lactobacillales.f__Lactobacillaceae.g__Lactobacillus.s__Lactobacillus_oris	1.96939256933			-
k__Bacteria.p__Candidatus_Saccharibacteria.c__Candidatus_Saccharibacteria_noname	0.0			-
k__Bacteria.p__Firmicutes.c__Clostridia.o__Clostridiales.f__Eubacteriaceae.g__Eubacterium.s__Eubacterium_ramulus	3.38877991907			0.000685767821463
k__Bacteria.p__Firmicutes.c__Erysipelotrichia.o__Erysipelotrichales.f__Erysipelotrichaceae.g__Erysipelotrichaceae_noname.s__Erysipelotrichaceae_bacterium_5_2_54FAA	1.66266340957			-
k__Bacteria.p__Firmicutes.c__Bacilli.o__Lactobacillales.f__Streptococcaceae.g__Streptococcus.s__Streptococcus_downei	0.0			-
k__Bacteria.p__Firmicutes.c__Negativicutes.o__Selenomonadales.f__Acidaminococcaceae.g__Acidaminococcus	3.08547431916			-
k__Bacteria.p__Proteobacteria.c__Betaproteobacteria.o__Neisseriales	0.0			-
k__Bacteria.p__Chlorobi.c__Chlorobia.o__Chlorobiales.f__Chlorobiaceae.g__Chlorobium	0.833943550851			-
k__Bacteria.p__Chlorobi.c__Chlorobia	0.833943550851			-
k__Bacteria.p__Firmicutes.c__Clostridia.o__Clostridiales.f__Clostridiaceae.g__Clostridium	4.0884129782			-
k__Bacteria.p__Firmicutes.c__Bacilli.o__Lactobacillales.f__Streptococcaceae.g__Streptococcus.s__Streptococcus_anginosus	1.25827801394			-
k__Bacteria.p__Actinobacteria.c__Actinobacteria.o__Coriobacteriales.f__Coriobacteriaceae.g__Collinsella.s__Collinsella_unclassified	1.02211893442			-
k__Bacteria.p__Firmicutes.c__Clostridia.o__Clostridiales.f__Clostridiaceae.g__Butyricicoccus	1.21609985164			-
k__Bacteria.p__Proteobacteria.c__Deltaproteobacteria.o__Desulfovibrionales.f__Desulfovibrionaceae.g__Bilophila.s__Bilophila_wadsworthia	2.01810730199			-
k__Bacteria.p__Firmicutes.c__Clostridia.o__Clostridiales.f__Lachnospiraceae.g__Roseburia.s__Roseburia_unclassified	3.85363722876			-
k__Archaea.p__Euryarchaeota.c__Methanobacteria.o__Methanobacteriales.f__Methanobacteriaceae.g__Methanobrevibacter	3.70538298654			-
k__Bacteria.p__Acidobacteria	0.968366187031			-
k__Bacteria.p__Firmicutes.c__Clostridia.o__Clostridiales.f__Eubacteriaceae.g__Eubacterium.s__Eubacterium_sp_3_1_31	0.0			-
k__Bacteria.p__Proteobacteria.c__Gammaproteobacteria.o__Enterobacteriales.f__Enterobacteriaceae.g__Serratia	0.0			-
k__Viruses.p__Viruses_noname.c__Viruses_noname.o__Viruses_noname.f__Parvoviridae.g__Bocavirus.s__Human_bocavirus_2	0.0			-
k__Bacteria.p__Firmicutes.c__Bacilli.o__Lactobacillales.f__Lactobacillaceae.g__Lactobacillus.s__Lactobacillus_mucosae	1.48900875894			-
k__Bacteria.p__Firmicutes.c__Erysipelotrichia.o__Erysipelotrichales.f__Erysipelotrichaceae.g__Erysipelotrichaceae_noname.s__Clostridium_innocuum	2.37390458848			-
k__Bacteria.p__Verrucomicrobia.c__Verrucomicrobiae.o__Verrucomicrobiales.f__Verrucomicrobiaceae.g__Akkermansia	3.78539958832	point_1	3.49218909946	1.13133724297e-06
k__Bacteria.p__Firmicutes.c__Bacilli.o__Lactobacillales.f__Leuconostocaceae.g__Leuconostoc.s__Leuconostoc_mesenteroides	1.80863290484			-
k__Bacteria.p__Firmicutes.c__Bacilli.o__Lactobacillales.f__Leuconostocaceae.g__Weissella	1.85369821051			-
k__Bacteria.p__Firmicutes.c__Clostridia.o__Clostridiales.f__Eubacteriaceae.g__Eubacterium.s__Eubacterium_rectale	5.0710340874	point_1	4.4299397503	0.00360299150466
k__Bacteria.p__Synergistetes	2.60282747115			-
k__Bacteria.p__Firmicutes.c__Clostridia.o__Clostridiales.f__Peptostreptococcaceae.g__Peptostreptococcaceae_noname.s__Clostridium_bartlettii	3.06588487869			-
k__Bacteria.p__Proteobacteria.c__Gammaproteobacteria.o__Enterobacteriales.f__Enterobacteriaceae.g__Klebsiella.s__Klebsiella_unclassified	1.45377684824			-
k__Bacteria.p__Proteobacteria.c__Gammaproteobacteria.o__Pasteurellales.f__Pasteurellaceae.g__Haemophilus.s__Haemophilus_pittmaniae	1.86357562923			-
k__Archaea.p__Euryarchaeota.c__Methanobacteria.o__Methanobacteriales.f__Methanobacteriaceae.g__Methanobrevibacter.s__Methanobrevibacter_unclassified	3.02453081447			-
k__Bacteria.p__Proteobacteria.c__Betaproteobacteria.o__Neisseriales.f__Neisseriaceae.g__Neisseria	0.0			-
k__Viruses.p__Viruses_noname.c__Viruses_noname.o__Caudovirales.f__Podoviridae.g__Epsilon15likevirus.s__Epsilon15likevirus_unclassified	1.15014212609			-
k__Bacteria.p__Synergistetes.c__Synergistia.o__Synergistales.f__Synergistaceae.g__Pyramidobacter	2.60282747115			-
k__Bacteria.p__Proteobacteria.c__Epsilonproteobacteria.o__Campylobacterales.f__Campylobacteraceae	0.0			-
k__Bacteria.p__Firmicutes.c__Clostridia.o__Clostridiales.f__Lachnospiraceae.g__Roseburia.s__Roseburia_inulinivorans	4.11599288627			-
k__Bacteria.p__Firmicutes.c__Clostridia.o__Clostridiales.f__Eubacteriaceae.g__Eubacterium.s__Eubacterium_eligens	4.24327852189	point_1	3.53785909244	0.00969429953029
k__Bacteria.p__Proteobacteria.c__Gammaproteobacteria.o__Enterobacteriales.f__Enterobacteriaceae.g__Proteus.s__Proteus_mirabilis	1.71094199521			-
k__Bacteria.p__Firmicutes.c__Bacilli.o__Lactobacillales.f__Streptococcaceae.g__Streptococcus.s__Streptococcus_uberis	0.650064561178			-
k__Bacteria.p__Firmicutes.c__Clostridia.o__Clostridiales.f__Ruminococcaceae.g__Faecalibacterium	4.97594763592			-
k__Bacteria.p__Firmicutes.c__Negativicutes.o__Selenomonadales.f__Veillonellaceae.g__Megamonas.s__Megamonas_rupellensis	2.28932691457			-
k__Bacteria.p__Acidobacteria.c__Acidobacteriia.o__Acidobacteriales.f__Acidobacteriaceae	0.968366187031			-
k__Viruses.p__Viruses_noname.c__Viruses_noname.o__Caudovirales.f__Siphoviridae.g__T5likevirus	1.75409976863			-
k__Bacteria.p__Proteobacteria.c__Betaproteobacteria.o__Burkholderiales.f__Burkholderiales_noname.g__Burkholderiales_noname	2.15309044248			-
k__Bacteria.p__Bacteroidetes.c__Bacteroidia.o__Bacteroidales.f__Prevotellaceae.g__Alloprevotella	0.0			-
k__Bacteria.p__Spirochaetes.c__Spirochaetia.o__Spirochaetales.f__Spirochaetaceae.g__Borrelia	0.0			-
k__Eukaryota.p__Ascomycota.c__Saccharomycetes	1.42320489405			-
k__Bacteria.p__Proteobacteria.c__Gammaproteobacteria.o__Xanthomonadales	0.0			-
k__Bacteria.p__Firmicutes.c__Clostridia.o__Clostridiales.f__Oscillospiraceae.g__Oscillibacter.s__Oscillibacter_sp_KLE_1745	0.0			-
k__Bacteria.p__Actinobacteria.c__Actinobacteria.o__Actinomycetales.f__Actinomycetaceae	1.45556808163			-
k__Bacteria.p__Fusobacteria.c__Fusobacteriia.o__Fusobacteriales.f__Fusobacteriaceae.g__Fusobacterium.s__Fusobacterium_nucleatum	0.0			-
k__Bacteria.p__Bacteroidetes.c__Bacteroidia.o__Bacteroidales.f__Bacteroidaceae.g__Bacteroides.s__Bacteroides_uniformis	4.59381230503			-
k__Bacteria.p__Proteobacteria	4.74701758485			-
k__Viruses.p__Viruses_noname.c__Viruses_noname.o__Caudovirales.f__Siphoviridae.g__C2likevirus	3.86845251807			-
k__Bacteria.p__Actinobacteria.c__Actinobacteria.o__Coriobacteriales.f__Coriobacteriaceae.g__Collinsella.s__Collinsella_aerofaciens	3.38925692115	point_1	3.36866560651	3.58470815808e-06
k__Bacteria.p__Firmicutes.c__Clostridia.o__Clostridiales.f__Lachnospiraceae.g__Roseburia.s__Roseburia_hominis	3.82741676222	point_1	3.46109810198	1.54154300848e-05
k__Viruses.p__Viruses_noname.c__Viruses_noname.o__Viruses_noname.f__Potyviridae	1.51338409327			-
k__Bacteria.p__Proteobacteria.c__Gammaproteobacteria.o__Pasteurellales.f__Pasteurellaceae.g__Actinobacillus	1.24735942247			-
k__Bacteria.p__Firmicutes.c__Bacilli.o__Bacillales.f__Bacillales_noname.g__Gemella.s__Gemella_unclassified	0.434568904034			-
k__Bacteria.p__Firmicutes.c__Clostridia.o__Clostridiales.f__Eubacteriaceae.g__Eubacterium.s__Eubacterium_limosum	0.918554534427			-
k__Bacteria.p__Firmicutes.c__Clostridia.o__Clostridiales.f__Lachnospiraceae	5.18027209307			-
k__Bacteria.p__Firmicutes.c__Bacilli.o__Lactobacillales.f__Enterococcaceae.g__Enterococcus.s__Enterococcus_avium	1.80996352171			-
k__Bacteria.p__Firmicutes.c__Clostridia.o__Clostridiales.f__Lachnospiraceae.g__Butyrivibrio.s__Butyrivibrio_crossotus	4.4480197283			-
k__Bacteria.p__Acidobacteria.c__Acidobacteriia.o__Acidobacteriales.f__Acidobacteriaceae.g__Acidobacteriaceae_unclassified	0.0			-
k__Bacteria.p__Proteobacteria.c__Gammaproteobacteria.o__Enterobacteriales.f__Enterobacteriaceae.g__Enterobacter.s__Enterobacter_cloacae	2.4497405887			-
k__Bacteria.p__Bacteroidetes.c__Bacteroidia.o__Bacteroidales.f__Rikenellaceae.g__Alistipes	4.41554068849			-
k__Bacteria.p__Firmicutes.c__Clostridia.o__Clostridiales.f__Clostridiales_Family_XIII_Incertae_Sedis	1.09760432887			-
k__Viruses.p__Viruses_noname.c__Viruses_noname.o__Picornavirales.f__Picornaviridae.g__Parechovirus.s__Human_parechovirus	0.0			-
k__Bacteria.p__Bacteroidetes.c__Bacteroidia.o__Bacteroidales.f__Porphyromonadaceae.g__Dysgonomonas	0.899820502427			-
k__Bacteria.p__Firmicutes.c__Clostridia.o__Clostridiales.f__Lachnospiraceae.g__Oribacterium	0.624539884652			-
k__Bacteria.p__Firmicutes.c__Bacilli.o__Lactobacillales.f__Enterococcaceae.g__Enterococcus.s__Enterococcus_asini	1.28301839282			-
k__Bacteria.p__Firmicutes.c__Bacilli.o__Lactobacillales.f__Streptococcaceae.g__Streptococcus.s__Streptococcus_thermophilus	3.69304728489			-
k__Bacteria.p__Proteobacteria.c__Gammaproteobacteria.o__Enterobacteriales.f__Enterobacteriaceae.g__Enterobacter.s__Enterobacter_aerogenes	1.66280503504			-
k__Bacteria.p__Bacteroidetes.c__Bacteroidia.o__Bacteroidales.f__Bacteroidaceae.g__Bacteroides.s__Bacteroides_sp_2_1_22	2.83548129892			-
k__Bacteria.p__Firmicutes.c__Negativicutes.o__Selenomonadales.f__Veillonellaceae.g__Mitsuokella	3.92815866665			-
k__Bacteria.p__Bacteroidetes.c__Flavobacteriia.o__Flavobacteriales.f__Flavobacteriaceae	1.43917473485			-
k__Bacteria.p__Bacteroidetes.c__Bacteroidia.o__Bacteroidales.f__Porphyromonadaceae.g__Coprobacter	2.08351157796			-
k__Bacteria.p__Proteobacteria.c__Gammaproteobacteria.o__Aeromonadales	0.0			-
k__Bacteria.p__Proteobacteria.c__Gammaproteobacteria.o__Aeromonadales.f__Succinivibrionaceae.g__Succinatimonas	0.0			-
k__Bacteria.p__Firmicutes.c__Erysipelotrichia.o__Erysipelotrichales.f__Erysipelotrichaceae.g__Coprobacillus.s__Coprobacillus_sp_D6	3.48162856133			-
k__Bacteria.p__Firmicutes.c__Bacilli.o__Lactobacillales.f__Streptococcaceae.g__Streptococcus.s__Streptococcus_salivarius	3.68969191759	point_1	3.16917062066	0.000807775669884
k__Bacteria.p__Firmicutes.c__Erysipelotrichia.o__Erysipelotrichales.f__Erysipelotrichaceae.g__Bulleidia.s__Bulleidia_extructa	0.0			-
k__Bacteria.p__Deinococcus_Thermus.c__Deinococci.o__Deinococcales	1.2283361886			-
k__Bacteria.p__Fusobacteria.c__Fusobacteriia.o__Fusobacteriales.f__Leptotrichiaceae	0.0			-
k__Viruses.p__Viruses_noname.c__Viruses_noname.o__Caudovirales.f__Siphoviridae	4.54497214072			-
k__Bacteria.p__Chlorobi.c__Chlorobia.o__Chlorobiales	0.833943550851			-
k__Bacteria.p__Firmicutes.c__Bacilli.o__Bacillales.f__Bacillales_noname	0.976922851375			-
k__Bacteria.p__Firmicutes.c__Clostridia.o__Clostridiales.f__Lachnospiraceae.g__Dorea.s__Dorea_longicatena	3.98057042725			-
k__Bacteria.p__Proteobacteria.c__Deltaproteobacteria.o__Desulfovibrionales.f__Desulfovibrionaceae.g__Bilophila.s__Bilophila_unclassified	2.94513485238	point_1	3.53178822783	0.00112119825889
k__Bacteria.p__Firmicutes.c__Bacilli.o__Lactobacillales.f__Streptococcaceae.g__Streptococcus.s__Streptococcus_constellatus	0.383366482755			-
k__Bacteria.p__Bacteroidetes.c__Bacteroidia.o__Bacteroidales.f__Bacteroidaceae.g__Bacteroides.s__Bacteroides_intestinalis	3.41528392448			-
k__Bacteria.p__Proteobacteria.c__Gammaproteobacteria.o__Enterobacteriales.f__Enterobacteriaceae.g__Cronobacter.s__Cronobacter_sakazakii	1.67202855009			-
k__Bacteria.p__Firmicutes.c__Negativicutes.o__Selenomonadales.f__Acidaminococcaceae.g__Acidaminococcus.s__Acidaminococcus_fermentans	1.38756777942			-
k__Viruses.p__Viruses_noname.c__Viruses_noname.o__Caudovirales.f__Myoviridae.g__Felixounalikevirus	4.17729829407			-
k__Bacteria.p__Bacteroidetes.c__Bacteroidia.o__Bacteroidales.f__Bacteroidaceae.g__Bacteroides.s__Bacteroides_sp_2_1_56FAA	0.0			-
k__Bacteria.p__Firmicutes.c__Erysipelotrichia.o__Erysipelotrichales.f__Erysipelotrichaceae.g__Holdemania.s__Holdemania_filiformis	2.15527529677			-
k__Viruses.p__Viruses_noname.c__Viruses_noname.o__Picornavirales.f__Picornaviridae.g__Enterovirus	0.395326393069			-
k__Bacteria.p__Actinobacteria.c__Actinobacteria.o__Actinomycetales.f__Propionibacteriaceae.g__Propionibacteriaceae_unclassified	0.646648744273			-
k__Bacteria.p__Firmicutes.c__Bacilli.o__Lactobacillales.f__Leuconostocaceae.g__Leuconostoc	1.86726119158			-
k__Bacteria.p__Firmicutes.c__Clostridia.o__Clostridiales.f__Lachnospiraceae.g__Lachnospiraceae_noname.s__Lachnospiraceae_bacterium_3_1_46FAA	3.17073609954			-
k__Bacteria.p__Firmicutes.c__Clostridia.o__Clostridiales.f__Oscillospiraceae.g__Oscillibacter	3.6196699999			-
k__Bacteria.p__Proteobacteria.c__Gammaproteobacteria.o__Enterobacteriales.f__Enterobacteriaceae.g__Providencia.s__Providencia_unclassified	0.0			-
k__Viruses.p__Viruses_noname.c__Viruses_noname.o__Caudovirales.f__Myoviridae	4.17738136705			-
k__Bacteria.p__Firmicutes.c__Bacilli.o__Lactobacillales.f__Carnobacteriaceae.g__Granulicatella.s__Granulicatella_adiacens	0.725298935824			-
k__Bacteria.p__Actinobacteria.c__Actinobacteria.o__Actinomycetales.f__Micrococcaceae.g__Rothia.s__Rothia_dentocariosa	0.110589710299			-
k__Bacteria.p__Firmicutes.c__Clostridia.o__Clostridiales.f__Clostridiales_noname.g__Pseudoflavonifractor.s__Pseudoflavonifractor_capillosus	1.70612011387			-
k__Bacteria.p__Actinobacteria.c__Actinobacteria.o__Coriobacteriales	3.41913675194	point_1	3.18769533605	6.54515287695e-05
k__Bacteria.p__Firmicutes.c__Erysipelotrichia.o__Erysipelotrichales.f__Erysipelotrichaceae.g__Turicibacter.s__Turicibacter_unclassified	1.46191101564			-
k__Viruses.p__Viruses_noname.c__Viruses_noname.o__Caudovirales.f__Myoviridae.g__PhiCD119likevirus	0.459015332302			-
k__Eukaryota.p__Eukaryota_noname.c__Eukaryota_noname.o__Eukaryota_noname.f__Eukaryota_noname.g__Entamoeba.s__Entamoeba_dispar	0.0			-
k__Bacteria.p__Firmicutes.c__Bacilli.o__Lactobacillales.f__Lactobacillaceae.g__Lactobacillus.s__Lactobacillus_amylovorus	1.81715200969			-
k__Eukaryota.p__Ascomycota.c__Saccharomycetes.o__Saccharomycetales.f__Saccharomycetaceae	1.42320489405			-
k__Bacteria.p__Firmicutes.c__Bacilli.o__Lactobacillales.f__Streptococcaceae.g__Lactococcus	3.04089098413			-
k__Bacteria.p__Synergistetes.c__Synergistia.o__Synergistales	2.60282747115			-
k__Bacteria.p__Proteobacteria.c__Gammaproteobacteria.o__Enterobacteriales.f__Enterobacteriaceae.g__Klebsiella	4.10538444173			-
k__Bacteria.p__Firmicutes.c__Clostridia.o__Clostridiales.f__Lachnospiraceae.g__Lachnospiraceae_noname.s__Lachnospiraceae_bacterium_1_1_57FAA	3.24437364207			-
k__Viruses.p__Viruses_noname.c__Viruses_noname.o__Viruses_noname.f__Parvoviridae	0.0			-
k__Bacteria.p__Bacteroidetes.c__Bacteroidia.o__Bacteroidales.f__Porphyromonadaceae.g__Parabacteroides.s__Parabacteroides_goldsteinii	2.22229367348			-
k__Bacteria.p__Spirochaetes	0.0			-
k__Bacteria.p__Fusobacteria	0.0			-
k__Viruses.p__Viruses_noname.c__Viruses_noname.o__Caudovirales.f__Podoviridae.g__P22likevirus	2.27320389555			-
k__Bacteria.p__Firmicutes.c__Clostridia.o__Clostridiales.f__Clostridiales_noname.g__Clostridiales_noname.s__Clostridiales_bacterium_1_7_47FAA	1.97766646441			-
k__Bacteria.p__Firmicutes.c__Negativicutes.o__Selenomonadales.f__Veillonellaceae.g__Megasphaera.s__Megasphaera_elsdenii	1.95846831837			-
k__Bacteria.p__Firmicutes.c__Clostridia.o__Clostridiales.f__Lachnospiraceae.g__Oribacterium.s__Oribacterium_sinus	0.624539884652			-
k__Bacteria.p__Actinobacteria.c__Actinobacteria.o__Coriobacteriales.f__Coriobacteriaceae.g__Coriobacteriaceae_noname.s__Coriobacteriaceae_bacterium_phI	0.143795247275			-
k__Bacteria.p__Bacteroidetes.c__Bacteroidia.o__Bacteroidales.f__Porphyromonadaceae.g__Odoribacter.s__Odoribacter_unclassified	2.26141156392			-
k__Bacteria.p__Proteobacteria.c__Epsilonproteobacteria.o__Campylobacterales.f__Campylobacteraceae.g__Arcobacter.s__Arcobacter_butzleri	0.0			-
k__Bacteria.p__Bacteroidetes.c__Bacteroidia.o__Bacteroidales.f__Rikenellaceae.g__Alistipes.s__Alistipes_putredinis	4.29453224426			-
k__Viruses.p__Viruses_noname.c__Viruses_noname.o__Caudovirales.f__Siphoviridae.g__Siphoviridae_noname	4.44780035063			-
k__Viruses.p__Viruses_noname.c__Viruses_noname.o__Caudovirales.f__Myoviridae.g__Myoviridae_noname.s__Enterobacteria_phage_SfV	0.0			-
k__Bacteria.p__Verrucomicrobia.c__Verrucomicrobiae	3.78539958832	point_1	3.51882985079	1.13133724297e-06
k__Bacteria.p__Firmicutes.c__Bacilli.o__Bacillales.f__Bacillales_noname.g__Gemella.s__Gemella_haemolysans	0.0			-
k__Archaea.p__Euryarchaeota.c__Methanococci.o__Methanococcales.f__Methanocaldococcaceae.g__Methanocaldococcaceae_unclassified	1.05871061556			-
k__Bacteria.p__Firmicutes.c__Erysipelotrichia.o__Erysipelotrichales.f__Erysipelotrichaceae.g__Erysipelotrichaceae_noname.s__Erysipelotrichaceae_bacterium_21_3	2.09971515874			-
k__Bacteria.p__Actinobacteria.c__Actinobacteria.o__Bifidobacteriales.f__Bifidobacteriaceae.g__Alloscardovia.s__Alloscardovia_omnicolens	0.459392487759			-
k__Bacteria.p__Candidatus_Saccharibacteria.c__Candidatus_Saccharibacteria_noname.o__Candidatus_Saccharibacteria_noname	0.0			-
k__Bacteria.p__Firmicutes.c__Bacilli.o__Lactobacillales.f__Lactobacillaceae.g__Lactobacillus.s__Lactobacillus_johnsonii	0.852479993637			-
k__Bacteria.p__Firmicutes.c__Bacilli.o__Lactobacillales.f__Streptococcaceae.g__Streptococcus.s__Streptococcus_agalactiae	0.38515923858			-
k__Bacteria.p__Actinobacteria.c__Actinobacteria.o__Actinomycetales.f__Brevibacteriaceae.g__Brevibacterium	0.930949061563			-
k__Bacteria.p__Firmicutes.c__Clostridia.o__Clostridiales.f__Eubacteriaceae.g__Anaerofustis	0.0			-
k__Bacteria.p__Actinobacteria.c__Actinobacteria.o__Bifidobacteriales.f__Bifidobacteriaceae	3.96212453558	point_1	3.64347411437	2.45147931601e-08
k__Bacteria.p__Proteobacteria.c__Betaproteobacteria.o__Burkholderiales.f__Sutterellaceae	3.26117896497			-
k__Viruses.p__Viruses_noname.c__Viruses_noname.o__Caudovirales.f__Siphoviridae.g__Siphoviridae_noname.s__Lactococcus_phage_340	0.0			-
k__Bacteria.p__Fusobacteria.c__Fusobacteriia.o__Fusobacteriales.f__Fusobacteriaceae.g__Fusobacterium.s__Fusobacterium_periodonticum	0.0			-
k__Bacteria.p__Firmicutes.c__Clostridia.o__Clostridiales.f__Lachnospiraceae.g__Coprococcus	4.60856661315	point_1	4.17810932275	4.28445863396e-05
k__Bacteria.p__Firmicutes.c__Erysipelotrichia.o__Erysipelotrichales.f__Erysipelotrichaceae.g__Coprobacillus.s__Coprobacillus_sp_29_1	2.89081070287			-
k__Bacteria.p__Actinobacteria.c__Actinobacteria.o__Bifidobacteriales	3.96212453558	point_1	3.62513484305	2.45147931601e-08
k__Viruses.p__Viruses_noname.c__Viruses_noname.o__Caudovirales	4.69999860565			-
k__Bacteria.p__Proteobacteria.c__Gammaproteobacteria.o__Pasteurellales.f__Pasteurellaceae.g__Haemophilus.s__Haemophilus_sputorum	0.875061263392			-
k__Bacteria.p__Actinobacteria.c__Actinobacteria.o__Coriobacteriales.f__Coriobacteriaceae.g__Eggerthella.s__Eggerthella_unclassified	2.48792279314			-
k__Bacteria.p__Proteobacteria.c__Betaproteobacteria.o__Burkholderiales.f__Sutterellaceae.g__Parasutterella.s__Parasutterella_excrementihominis	2.76996964643			-
k__Bacteria.p__Bacteroidetes.c__Bacteroidia.o__Bacteroidales.f__Bacteroidaceae.g__Bacteroides.s__Bacteroides_barnesiae	3.08726929425			-
k__Bacteria.p__Proteobacteria.c__Gammaproteobacteria.o__Enterobacteriales.f__Enterobacteriaceae.g__Shigella	1.25737854413			-
k__Bacteria.p__Firmicutes.c__Negativicutes.o__Selenomonadales.f__Veillonellaceae.g__Veillonella	3.16066956315			-
k__Bacteria.p__Firmicutes.c__Clostridia.o__Clostridiales.f__Ruminococcaceae.g__Ruminococcus.s__Ruminococcus_lactaris	4.05126050025	point_1	3.63909997883	0.00514642998626
k__Bacteria.p__Proteobacteria.c__Gammaproteobacteria.o__Enterobacteriales.f__Enterobacteriaceae.g__Citrobacter	2.07502659125			-
k__Viruses.p__Viruses_noname.c__Viruses_noname.o__Viruses_noname.f__Flaviviridae.g__Hepacivirus.s__Hepatitis_C_virus	0.646893624168			-
k__Bacteria.p__Firmicutes.c__Clostridia.o__Clostridiales.f__Lachnospiraceae.g__Butyrivibrio	4.44914357501			-
k__Bacteria.p__Firmicutes.c__Clostridia.o__Clostridiales.f__Clostridiaceae.g__Clostridium.s__Clostridium_bolteae	3.5991811409			-
k__Bacteria.p__Firmicutes.c__Bacilli.o__Lactobacillales.f__Enterococcaceae.g__Enterococcus.s__Enterococcus_faecium	3.76568399799			-
k__Bacteria.p__Firmicutes.c__Erysipelotrichia.o__Erysipelotrichales.f__Erysipelotrichaceae.g__Turicibacter	1.90545856425			-
k__Bacteria.p__Proteobacteria.c__Gammaproteobacteria.o__Enterobacteriales.f__Enterobacteriaceae.g__Pantoea.s__Pantoea_unclassified	0.0			-
k__Bacteria.p__Actinobacteria.c__Actinobacteria.o__Actinomycetales.f__Actinomycetaceae.g__Actinomyces	1.45556808163			-
k__Bacteria.p__Firmicutes.c__Negativicutes.o__Selenomonadales.f__Veillonellaceae.g__Veillonella.s__Veillonella_parvula	2.47510797343			-
k__Bacteria.p__Proteobacteria.c__Betaproteobacteria.o__Burkholderiales.f__Comamonadaceae	0.0			-
k__Bacteria.p__Firmicutes.c__Bacilli.o__Lactobacillales.f__Aerococcaceae.g__Abiotrophia	0.0			-
k__Bacteria.p__Actinobacteria.c__Actinobacteria.o__Coriobacteriales.f__Coriobacteriaceae.g__Adlercreutzia	1.80219200284			-
k__Bacteria.p__Proteobacteria.c__Gammaproteobacteria.o__Enterobacteriales.f__Enterobacteriaceae.g__Citrobacter.s__Citrobacter_freundii	1.71816940539			-
k__Bacteria.p__Bacteroidetes.c__Bacteroidia.o__Bacteroidales.f__Bacteroidaceae.g__Bacteroides.s__Bacteroides_coprophilus	4.08779206216			-
k__Bacteria.p__Firmicutes.c__Negativicutes.o__Selenomonadales.f__Veillonellaceae.g__Veillonella.s__Veillonella_dispar	1.70956674043			-
k__Bacteria.p__Firmicutes.c__Erysipelotrichia.o__Erysipelotrichales.f__Erysipelotrichaceae.g__Erysipelotrichaceae_noname.s__Erysipelotrichaceae_bacterium_3_1_53	0.991558316802			-
k__Bacteria.p__Firmicutes.c__Bacilli.o__Lactobacillales.f__Streptococcaceae.g__Streptococcus.s__Streptococcus_vestibularis	2.56428130127			-
k__Bacteria.p__Firmicutes.c__Bacilli.o__Bacillales.f__Bacillales_noname.g__Gemella.s__Gemella_sanguinis	0.919731658311			-
k__Eukaryota.p__Eukaryota_noname.c__Eukaryota_noname.o__Eukaryota_noname.f__Eukaryota_noname.g__Entamoeba	0.0			-
k__Archaea.p__Euryarchaeota.c__Methanococci.o__Methanococcales	1.05871061556			-
k__Bacteria.p__Firmicutes.c__Clostridia.o__Clostridiales.f__Lachnospiraceae.g__Coprococcus.s__Coprococcus_sp_ART55_1	4.39848347587	point_1	4.03727128142	0.00914583035067
k__Bacteria.p__Firmicutes.c__Clostridia.o__Clostridiales.f__Clostridiales_Family_XI_Incertae_Sedis.g__Peptoniphilus.s__Peptoniphilus_harei	0.0			-
k__Bacteria.p__Proteobacteria.c__Betaproteobacteria.o__Burkholderiales.f__Oxalobacteraceae	1.4108615233			-
k__Archaea.p__Euryarchaeota.c__Methanococci.o__Methanococcales.f__Methanocaldococcaceae	1.05871061556			-
k__Bacteria.p__Bacteroidetes.c__Bacteroidia.o__Bacteroidales.f__Bacteroidaceae.g__Bacteroides.s__Bacteroides_sp_1_1_6	1.92460230168			-
k__Viruses.p__Viruses_noname.c__Viruses_noname.o__Viruses_noname.f__Potyviridae.g__Potyvirus	1.51338409327			-
k__Bacteria.p__Actinobacteria.c__Actinobacteria.o__Actinomycetales.f__Propionibacteriaceae	0.689752696139			-
k__Bacteria.p__Firmicutes.c__Clostridia.o__Clostridiales.f__Eubacteriaceae.g__Eubacterium	5.18929794958	point_1	4.46765263373	0.000571362410027
k__Bacteria.p__Firmicutes.c__Bacilli.o__Lactobacillales.f__Lactobacillaceae.g__Lactobacillus.s__Lactobacillus_rhamnosus	0.619093330627			-
k__Bacteria.p__Firmicutes.c__Clostridia.o__Clostridiales.f__Lachnospiraceae.g__Anaerostipes.s__Anaerostipes_unclassified	2.15834741216			-
k__Archaea.p__Euryarchaeota.c__Methanobacteria.o__Methanobacteriales.f__Methanobacteriaceae.g__Methanobrevibacter.s__Methanobrevibacter_smithii	3.60382317256			-
k__Bacteria.p__Bacteroidetes.c__Bacteroidia.o__Bacteroidales.f__Rikenellaceae.g__Alistipes.s__Alistipes_indistinctus	3.10195317273			-
k__Bacteria.p__Actinobacteria.c__Actinobacteria.o__Bifidobacteriales.f__Bifidobacteriaceae.g__Alloscardovia	0.459392487759			-
k__Bacteria.p__Proteobacteria.c__Gammaproteobacteria.o__Pasteurellales.f__Pasteurellaceae.g__Haemophilus.s__Haemophilus_parainfluenzae	2.86224619596			-
k__Bacteria.p__Bacteroidetes.c__Bacteroidia.o__Bacteroidales.f__Bacteroidales_noname.g__Bacteroidales_noname.s__Bacteroidales_bacterium_ph8	2.96225091652	point_1	3.12537418194	0.000283879086797
k__Bacteria.p__Actinobacteria.c__Actinobacteria.o__Bifidobacteriales.f__Bifidobacteriaceae.g__Bifidobacterium.s__Bifidobacterium_pseudocatenulatum	2.92519088835			-
k__Bacteria.p__Bacteroidetes.c__Bacteroidia.o__Bacteroidales.f__Bacteroidaceae.g__Bacteroides.s__Bacteroides_sp_1_1_30	3.55863332573			-
k__Bacteria.p__Firmicutes.c__Bacilli.o__Lactobacillales.f__Enterococcaceae	4.13775308881			-
k__Bacteria.p__Bacteroidetes.c__Bacteroidia.o__Bacteroidales.f__Prevotellaceae.g__Prevotella.s__Prevotella_bivia	0.0986437258171			-
k__Bacteria.p__Firmicutes.c__Clostridia.o__Clostridiales.f__Eubacteriaceae	5.18929794958	point_1	4.46765263373	0.000571362410027
k__Bacteria.p__Deinococcus_Thermus.c__Deinococci	1.2283361886			-
k__Bacteria.p__Proteobacteria.c__Gammaproteobacteria.o__Pasteurellales.f__Pasteurellaceae	2.89881975675			-
k__Bacteria.p__Bacteroidetes.c__Bacteroidia.o__Bacteroidales.f__Porphyromonadaceae.g__Dysgonomonas.s__Dysgonomonas_unclassified	0.899820502427			-
k__Bacteria.p__Bacteroidetes.c__Bacteroidia.o__Bacteroidales.f__Porphyromonadaceae.g__Butyricimonas.s__Butyricimonas_synergistica	0.0			-
k__Bacteria.p__Firmicutes.c__Clostridia.o__Clostridiales.f__Clostridiales_Family_XI_Incertae_Sedis.g__Parvimonas.s__Parvimonas_unclassified	1.36068806203			-
k__Bacteria.p__Firmicutes.c__Negativicutes.o__Selenomonadales.f__Acidaminococcaceae.g__Phascolarctobacterium	4.04041343034			-
k__Bacteria.p__Firmicutes.c__Clostridia.o__Clostridiales.f__Lachnospiraceae.g__Coprococcus.s__Coprococcus_eutactus	3.73404974305			-
k__Bacteria.p__Actinobacteria.c__Actinobacteria.o__Bifidobacteriales.f__Bifidobacteriaceae.g__Bifidobacterium.s__Bifidobacterium_animalis	2.13503719155			-
k__Bacteria.p__Firmicutes.c__Negativicutes.o__Selenomonadales.f__Veillonellaceae.g__Selenomonas.s__Selenomonas_artemidis	0.488198061603			-
k__Bacteria.p__Proteobacteria.c__Gammaproteobacteria.o__Enterobacteriales.f__Enterobacteriaceae.g__Cronobacter	1.67202855009			-
k__Bacteria.p__Bacteroidetes.c__Bacteroidia.o__Bacteroidales.f__Bacteroidaceae	5.3573278985			-
k__Bacteria.p__Bacteroidetes.c__Bacteroidia.o__Bacteroidales.f__Bacteroidaceae.g__Bacteroides.s__Bacteroides_massiliensis	3.82652798231			-
k__Bacteria.p__Actinobacteria.c__Actinobacteria.o__Actinomycetales.f__Micrococcaceae.g__Rothia	1.93889481523			-
k__Bacteria.p__Bacteroidetes.c__Bacteroidia.o__Bacteroidales.f__Bacteroidaceae.g__Bacteroides	5.3573278985			-
k__Bacteria.p__Proteobacteria.c__Gammaproteobacteria.o__Enterobacteriales.f__Enterobacteriaceae	4.72376622357			-
k__Bacteria.p__Firmicutes.c__Bacilli.o__Lactobacillales.f__Streptococcaceae.g__Streptococcus.s__Streptococcus_mitis_oralis_pneumoniae	1.71045586539			-
k__Bacteria.p__Firmicutes.c__Clostridia.o__Clostridiales.f__Ruminococcaceae.g__Subdoligranulum	4.88291741528			-
k__Bacteria.p__Firmicutes.c__Bacilli.o__Lactobacillales.f__Enterococcaceae.g__Enterococcus.s__Enterococcus_gallinarum	2.54054843331			-
k__Bacteria.p__Actinobacteria.c__Actinobacteria.o__Coriobacteriales.f__Coriobacteriaceae.g__Coriobacteriaceae_noname	0.143795247275			-
k__Bacteria.p__Bacteroidetes.c__Bacteroidia.o__Bacteroidales.f__Porphyromonadaceae.g__Dysgonomonas.s__Dysgonomonas_gadei	0.0			-
k__Bacteria.p__Proteobacteria.c__Alphaproteobacteria.o__Rhizobiales.f__Bartonellaceae.g__Bartonella	1.27703588817			-
k__Bacteria.p__Firmicutes.c__Negativicutes.o__Selenomonadales.f__Veillonellaceae.g__Selenomonas	0.488198061603			-
k__Bacteria.p__Actinobacteria.c__Actinobacteria.o__Coriobacteriales.f__Coriobacteriaceae.g__Collinsella.s__Collinsella_stercoris	0.0			-
k__Bacteria.p__Firmicutes.c__Negativicutes.o__Selenomonadales.f__Veillonellaceae.g__Dialister	4.15471840393	point_1	3.69140584708	0.00236129709663
k__Bacteria.p__Actinobacteria.c__Actinobacteria	4.07539265259	point_1	3.72647163567	9.21370309646e-08
k__Bacteria.p__Proteobacteria.c__Alphaproteobacteria	1.27703588817			-
k__Bacteria.p__Firmicutes.c__Bacilli.o__Lactobacillales.f__Streptococcaceae.g__Streptococcus.s__Streptococcus_lutetiensis	1.37355560664			-
k__Bacteria.p__Firmicutes.c__Erysipelotrichia.o__Erysipelotrichales.f__Erysipelotrichaceae.g__Holdemania	2.42893619668			-
k__Bacteria.p__Firmicutes.c__Clostridia.o__Clostridiales.f__Lachnospiraceae.g__Lachnospiraceae_noname.s__Lachnospiraceae_bacterium_5_1_57FAA	2.01773224163			-
k__Viruses.p__Viruses_noname.c__Viruses_noname.o__Viruses_noname.f__Retroviridae.g__Gammaretrovirus	0.0			-
k__Bacteria.p__Bacteroidetes.c__Bacteroidia.o__Bacteroidales.f__Porphyromonadaceae.g__Parabacteroides.s__Parabacteroides_johnsonii	2.77441476997			-
k__Bacteria.p__Firmicutes.c__Clostridia.o__Clostridiales.f__Ruminococcaceae.g__Anaerotruncus.s__Anaerotruncus_colihominis	2.25979091477			-
k__Bacteria.p__Firmicutes.c__Clostridia.o__Clostridiales.f__Lachnospiraceae.g__Stomatobaculum.s__Stomatobaculum_longum	0.0			-
k__Bacteria.p__Firmicutes.c__Bacilli.o__Bacillales.f__Bacillaceae	0.0			-
k__Bacteria.p__Synergistetes.c__Synergistia	2.60282747115			-
k__Bacteria.p__Proteobacteria.c__Gammaproteobacteria.o__Pasteurellales.f__Pasteurellaceae.g__Haemophilus	2.88902141678			-
k__Bacteria.p__Proteobacteria.c__Betaproteobacteria.o__Burkholderiales.f__Sutterellaceae.g__Sutterella.s__Sutterella_wadsworthensis	3.15919784168	point_1	3.28237986975	0.00599781124531
k__Bacteria.p__Firmicutes.c__Bacilli.o__Lactobacillales.f__Streptococcaceae.g__Lactococcus.s__Lactococcus_raffinolactis	2.02910972842			-
k__Viruses.p__Viruses_noname.c__Viruses_noname.o__Viruses_noname.f__Adenoviridae	0.0			-
k__Bacteria.p__Bacteroidetes.c__Bacteroidia.o__Bacteroidales.f__Bacteroidaceae.g__Bacteroides.s__Bacteroides_caccae	3.84991346115			-
k__Bacteria.p__Proteobacteria.c__Gammaproteobacteria.o__Aeromonadales.f__Succinivibrionaceae	0.0			-
k__Bacteria.p__Firmicutes.c__Clostridia.o__Clostridiales	5.73594222588	point_1	4.8832907314	0.00837498496141
k__Bacteria.p__Bacteroidetes.c__Bacteroidia.o__Bacteroidales.f__Bacteroidales_noname.g__Bacteroidales_noname	2.96225091652	point_1	3.21376581849	0.000283879086797
k__Bacteria.p__Actinobacteria.c__Actinobacteria.o__Bifidobacteriales.f__Bifidobacteriaceae.g__Bifidobacterium.s__Bifidobacterium_dentium	1.6890867704			-
k__Bacteria.p__Firmicutes.c__Bacilli.o__Lactobacillales.f__Streptococcaceae.g__Streptococcus.s__Streptococcus_intermedius	0.0			-
k__Bacteria.p__Firmicutes.c__Bacilli.o__Lactobacillales.f__Streptococcaceae.g__Streptococcus.s__Streptococcus_parasanguinis	3.5504108978			-
k__Viruses.p__Viruses_noname.c__Viruses_noname.o__Viruses_noname.f__Flaviviridae.g__Hepacivirus	0.646893624168			-
k__Bacteria.p__Firmicutes.c__Clostridia.o__Clostridiales.f__Clostridiales_Family_XI_Incertae_Sedis.g__Anaerococcus	0.0			-
k__Bacteria.p__Proteobacteria.c__Betaproteobacteria.o__Gallionellales.f__Gallionellaceae	1.31743649654			-
k__Bacteria.p__Actinobacteria.c__Actinobacteria.o__Bifidobacteriales.f__Bifidobacteriaceae.g__Bifidobacterium.s__Bifidobacterium_bifidum	2.74610658558			-
k__Bacteria.p__Bacteroidetes.c__Bacteroidia.o__Bacteroidales.f__Porphyromonadaceae.g__Barnesiella	3.75467794322			-
k__Bacteria.p__Firmicutes.c__Clostridia.o__Clostridiales.f__Ruminococcaceae.g__Subdoligranulum.s__Subdoligranulum_sp_4_3_54A2FAA	2.31272199933			-
k__Eukaryota.p__Eukaryota_noname.c__Eukaryota_noname.o__Eukaryota_noname	0.0			-
k__Bacteria.p__Proteobacteria.c__Gammaproteobacteria.o__Enterobacteriales.f__Enterobacteriaceae.g__Klebsiella.s__Klebsiella_oxytoca	4.01204746043			-
k__Bacteria.p__Bacteroidetes.c__Bacteroidia.o__Bacteroidales.f__Prevotellaceae.g__Prevotella.s__Prevotella_buccae	2.10770166542			-
k__Bacteria.p__Firmicutes.c__Bacilli.o__Lactobacillales.f__Streptococcaceae.g__Streptococcus.s__Streptococcus_parauberis	0.0			-
k__Bacteria.p__Firmicutes.c__Bacilli.o__Lactobacillales.f__Leuconostocaceae.g__Weissella.s__Weissella_cibaria	1.78765526114			-
k__Viruses.p__Viruses_noname.c__Viruses_noname.o__Viruses_noname.f__Flaviviridae	0.843855422623			-
k__Eukaryota.p__Eukaryota_noname.c__Eukaryota_noname	0.0			-
k__Eukaryota	1.42320489405			-
k__Bacteria.p__Bacteroidetes.c__Bacteroidia.o__Bacteroidales.f__Porphyromonadaceae.g__Parabacteroides.s__Parabacteroides_merdae	4.09576152369			-
k__Bacteria.p__Firmicutes.c__Erysipelotrichia.o__Erysipelotrichales.f__Erysipelotrichaceae	4.07607563587			-
k__Bacteria.p__Firmicutes.c__Clostridia.o__Clostridiales.f__Ruminococcaceae	5.34540579651			-
k__Bacteria.p__Bacteroidetes.c__Bacteroidia.o__Bacteroidales.f__Porphyromonadaceae.g__Barnesiella.s__Barnesiella_intestinihominis	3.75467794322			-
k__Bacteria.p__Firmicutes.c__Bacilli.o__Lactobacillales.f__Leuconostocaceae.g__Weissella.s__Weissella_confusa	1.69264866661			-
k__Viruses.p__Viruses_noname.c__Viruses_noname.o__Viruses_noname.f__Retroviridae.g__Epsilonretrovirus	0.0			-
k__Bacteria.p__Fusobacteria.c__Fusobacteriia	0.0			-
k__Bacteria.p__Bacteroidetes.c__Bacteroidia.o__Bacteroidales.f__Prevotellaceae.g__Prevotella	5.15914459273			-
k__Viruses.p__Viruses_noname.c__Viruses_noname.o__Caudovirales.f__Myoviridae.g__Myoviridae_noname	0.0			-
k__Bacteria.p__Firmicutes.c__Clostridia.o__Clostridiales.f__Clostridiales_Family_XIII_Incertae_Sedis.g__Clostridiales_Family_XIII_Incertae_Sedis_unclassified	1.09760432887			-
k__Viruses.p__Viruses_noname.c__Viruses_noname.o__Caudovirales.f__Siphoviridae.g__Siphoviridae_noname.s__Lactococcus_phage_936_sensu_lato	3.17987552433			-
k__Viruses.p__Viruses_noname.c__Viruses_noname.o__Caudovirales.f__Siphoviridae.g__Siphoviridae_noname.s__Streptococcus_phage_O1205	1.56321406241			-
k__Viruses.p__Viruses_noname.c__Viruses_noname	4.70107735633			-
k__Bacteria.p__Proteobacteria.c__Epsilonproteobacteria.o__Campylobacterales.f__Campylobacteraceae.g__Campylobacter.s__Campylobacter_hominis	0.0			-
k__Bacteria.p__Chlorobi	0.833943550851			-
k__Bacteria.p__Firmicutes.c__Bacilli.o__Lactobacillales.f__Streptococcaceae.g__Lactococcus.s__Lactococcus_lactis	2.96900798736			-
k__Bacteria.p__Proteobacteria.c__Deltaproteobacteria.o__Desulfovibrionales.f__Desulfovibrionaceae.g__Desulfovibrio.s__Desulfovibrio_piger	1.57065967002			-
k__Bacteria.p__Bacteroidetes.c__Bacteroidia.o__Bacteroidales.f__Prevotellaceae.g__Prevotella.s__Prevotella_buccalis	0.0			-
k__Bacteria.p__Firmicutes.c__Erysipelotrichia.o__Erysipelotrichales.f__Erysipelotrichaceae.g__Holdemania.s__Holdemania_sp_AP2	1.85462481234			-
k__Bacteria.p__Firmicutes.c__Bacilli.o__Lactobacillales.f__Lactobacillaceae.g__Lactobacillus.s__Lactobacillus_fermentum	1.89660887989			-
k__Bacteria.p__Proteobacteria.c__Gammaproteobacteria.o__Enterobacteriales.f__Enterobacteriaceae.g__Shigella.s__Shigella_sonnei	1.25737854413			-
k__Bacteria.p__Firmicutes.c__Clostridia.o__Clostridiales.f__Clostridiaceae.g__Clostridiaceae_noname	1.46501085795			-
k__Bacteria.p__Actinobacteria.c__Actinobacteria.o__Coriobacteriales.f__Coriobacteriaceae.g__Eggerthella.s__Eggerthella_lenta	1.39044935017			-
k__Bacteria.p__Bacteroidetes.c__Bacteroidia.o__Bacteroidales.f__Porphyromonadaceae.g__Coprobacter.s__Coprobacter_fastidiosus	2.08351157796			-
k__Bacteria.p__Proteobacteria.c__Deltaproteobacteria.o__Desulfovibrionales.f__Desulfovibrionaceae	3.01448063056	point_1	3.24574186772	0.000497691752457
k__Bacteria.p__Firmicutes.c__Erysipelotrichia.o__Erysipelotrichales	4.07607563587			-
k__Bacteria.p__Bacteroidetes.c__Bacteroidia.o__Bacteroidales.f__Bacteroidaceae.g__Bacteroides.s__Bacteroides_salyersiae	2.96798766436			-
k__Bacteria.p__Firmicutes.c__Erysipelotrichia.o__Erysipelotrichales.f__Erysipelotrichaceae.g__Turicibacter.s__Turicibacter_sanguinis	1.71157526228			-
k__Bacteria.p__Firmicutes.c__Clostridia	5.73594222588	point_1	4.8832907314	0.00837498496141
k__Bacteria.p__Firmicutes.c__Erysipelotrichia.o__Erysipelotrichales.f__Erysipelotrichaceae.g__Erysipelotrichaceae_noname.s__Eubacterium_biforme	3.72636874221			-
k__Bacteria.p__Firmicutes.c__Clostridia.o__Clostridiales.f__Peptostreptococcaceae.g__Peptostreptococcus.s__Peptostreptococcus_stomatis	1.27149310219			-
k__Bacteria.p__Firmicutes.c__Bacilli.o__Lactobacillales.f__Lactobacillaceae.g__Lactobacillus.s__Lactobacillus_brevis	0.0			-
k__Bacteria.p__Firmicutes.c__Clostridia.o__Clostridiales.f__Peptostreptococcaceae.g__Peptostreptococcus	1.27149310219			-
k__Bacteria.p__Verrucomicrobia	3.78539958832	point_1	3.50941845985	1.13133724297e-06
k__Viruses.p__Viruses_noname.c__Viruses_noname.o__Caudovirales.f__Siphoviridae.g__Lambdalikevirus	1.86482245111			-
k__Viruses.p__Viruses_noname.c__Viruses_noname.o__Viruses_noname.f__Circoviridae.g__Gyrovirus	0.987442761506			-
k__Bacteria.p__Firmicutes.c__Clostridia.o__Clostridiales.f__Clostridiales_noname.g__Flavonifractor	2.50429412116			-
k__Bacteria.p__Spirochaetes.c__Spirochaetia.o__Spirochaetales.f__Spirochaetaceae	0.0			-
k__Bacteria.p__Actinobacteria.c__Actinobacteria.o__Coriobacteriales.f__Coriobacteriaceae.g__Gordonibacter.s__Gordonibacter_pamelaeae	1.60105452232			-
k__Viruses.p__Viruses_noname.c__Viruses_noname.o__Caudovirales.f__Siphoviridae.g__Siphoviridae_noname.s__Lactococcus_phage_P335_sensu_lato	2.36589962072			-
k__Bacteria.p__Firmicutes.c__Negativicutes.o__Selenomonadales.f__Veillonellaceae.g__Veillonella.s__Veillonella_sp_6_1_27	0.0			-
k__Bacteria.p__Actinobacteria.c__Actinobacteria.o__Coriobacteriales.f__Coriobacteriaceae.g__Adlercreutzia.s__Adlercreutzia_equolifaciens	1.80219200284			-
k__Bacteria.p__Proteobacteria.c__Epsilonproteobacteria.o__Campylobacterales.f__Campylobacteraceae.g__Arcobacter	0.0			-
k__Bacteria.p__Firmicutes.c__Clostridia.o__Clostridiales.f__Lachnospiraceae.g__Anaerostipes	3.23066026976			-
k__Bacteria.p__Bacteroidetes.c__Bacteroidia.o__Bacteroidales.f__Prevotellaceae.g__Prevotella.s__Prevotella_timonensis	0.0			-
k__Bacteria.p__Proteobacteria.c__Betaproteobacteria.o__Burkholderiales	3.28520386781			-
k__Bacteria.p__Firmicutes.c__Negativicutes.o__Selenomonadales	4.52767596721			-
k__Bacteria.p__Firmicutes.c__Clostridia.o__Clostridiales.f__Lachnospiraceae.g__Roseburia	4.52366518957	point_1	3.81584447335	0.00628001159667
k__Bacteria.p__Bacteroidetes.c__Bacteroidia.o__Bacteroidales.f__Rikenellaceae	4.41554068849			-
k__Bacteria.p__Proteobacteria.c__Gammaproteobacteria.o__Enterobacteriales.f__Enterobacteriaceae.g__Klebsiella.s__Klebsiella_variicola	0.152288344383			-
k__Bacteria.p__Bacteroidetes.c__Bacteroidia.o__Bacteroidales	5.63068557518			-
k__Viruses.p__Viruses_noname.c__Viruses_noname.o__Viruses_noname.f__Retroviridae.g__Retroviridae_noname.s__Avian_endogenous_retrovirus_EAV_HP	0.0			-
k__Viruses.p__Viruses_noname.c__Viruses_noname.o__Caudovirales.f__Siphoviridae.g__Siphoviridae_noname.s__Lactobacillus_phage_Lc_Nu	1.12278906353			-
k__Bacteria.p__Firmicutes.c__Bacilli.o__Lactobacillales.f__Enterococcaceae.g__Enterococcus.s__Enterococcus_hirae	0.0			-
k__Bacteria.p__Firmicutes.c__Erysipelotrichia.o__Erysipelotrichales.f__Erysipelotrichaceae.g__Catenibacterium	3.36546270661			-
k__Archaea.p__Euryarchaeota.c__Methanobacteria	3.70811057878			-
k__Bacteria.p__Proteobacteria.c__Gammaproteobacteria.o__Enterobacteriales.f__Enterobacteriaceae.g__Pantoea	0.0			-
k__Bacteria.p__Actinobacteria.c__Actinobacteria.o__Actinomycetales.f__Brevibacteriaceae	0.930949061563			-
k__Bacteria.p__Firmicutes.c__Negativicutes.o__Selenomonadales.f__Veillonellaceae.g__Veillonella.s__Veillonella_atypica	2.35129371831			-
k__Bacteria.p__Firmicutes.c__Clostridia.o__Clostridiales.f__Clostridiaceae.g__Butyricicoccus.s__Butyricicoccus_pullicaecorum	1.21609985164			-
k__Bacteria.p__Firmicutes.c__Bacilli.o__Lactobacillales	4.41806688349			-
k__Bacteria.p__Actinobacteria.c__Actinobacteria.o__Actinomycetales.f__Propionibacteriaceae.g__Propionibacterium.s__Propionibacterium_freudenreichii	0.689752696139			-
k__Bacteria.p__Bacteroidetes.c__Bacteroidia.o__Bacteroidales.f__Porphyromonadaceae.g__Porphyromonas.s__Porphyromonas_asaccharolytica	1.09263292785			-
k__Bacteria.p__Firmicutes.c__Negativicutes.o__Selenomonadales.f__Veillonellaceae.g__Megasphaera.s__Megasphaera_unclassified	3.54452133504			-
k__Bacteria.p__Spirochaetes.c__Spirochaetia	0.0			-
k__Bacteria.p__Firmicutes.c__Negativicutes.o__Selenomonadales.f__Veillonellaceae.g__Mitsuokella.s__Mitsuokella_multacida	3.16342303611			-
k__Bacteria.p__Firmicutes.c__Negativicutes.o__Selenomonadales.f__Acidaminococcaceae.g__Acidaminococcus.s__Acidaminococcus_intestini	3.08547431916			-
k__Eukaryota.p__Ascomycota.c__Saccharomycetes.o__Saccharomycetales	1.42320489405			-
k__Bacteria.p__Firmicutes.c__Bacilli.o__Bacillales	1.48348031471			-
k__Bacteria.p__Bacteroidetes.c__Bacteroidia.o__Bacteroidales.f__Porphyromonadaceae.g__Parabacteroides.s__Parabacteroides_distasonis	3.83116212909			-
k__Viruses.p__Viruses_noname.c__Viruses_noname.o__Caudovirales.f__Siphoviridae.g__Siphoviridae_noname.s__Lactococcus_phage_P680	3.32728841638			-
k__Bacteria.p__Bacteroidetes.c__Bacteroidia.o__Bacteroidales.f__Porphyromonadaceae	4.52845640335			-
k__Bacteria.p__Firmicutes.c__Bacilli.o__Lactobacillales.f__Streptococcaceae.g__Streptococcus.s__Streptococcus_infantis	1.70326988362			-
k__Bacteria.p__Fusobacteria.c__Fusobacteriia.o__Fusobacteriales	0.0			-
k__Viruses.p__Viruses_noname.c__Viruses_noname.o__Caudovirales.f__Myoviridae.g__Felixounalikevirus.s__Salmonella_phage_FelixO1	4.17729829407			-
k__Bacteria.p__Fusobacteria.c__Fusobacteriia.o__Fusobacteriales.f__Fusobacteriaceae	0.0			-
k__Viruses.p__Viruses_noname.c__Viruses_noname.o__Picornavirales.f__Picornaviridae.g__Enterovirus.s__Rhinovirus_A	0.0			-
k__Bacteria.p__Firmicutes.c__Clostridia.o__Clostridiales.f__Lachnospiraceae.g__Lachnospiraceae_noname.s__Lachnospiraceae_bacterium_ICM7	0.82785369183			-
k__Bacteria.p__Firmicutes.c__Bacilli.o__Lactobacillales.f__Streptococcaceae.g__Streptococcus.s__Streptococcus_sanguinis	2.10679413724			-
k__Bacteria.p__Firmicutes.c__Bacilli.o__Lactobacillales.f__Lactobacillaceae.g__Lactobacillus.s__Lactobacillus_helveticus	2.00407405476			-
k__Bacteria.p__Firmicutes.c__Clostridia.o__Clostridiales.f__Ruminococcaceae.g__Subdoligranulum.s__Subdoligranulum_variabile	0.584896344137			-
k__Bacteria.p__Bacteroidetes.c__Bacteroidia.o__Bacteroidales.f__Porphyromonadaceae.g__Porphyromonas.s__Porphyromonas_somerae	0.0			-
k__Bacteria.p__Firmicutes.c__Clostridia.o__Clostridiales.f__Ruminococcaceae.g__Ruminococcaceae_noname	2.00241446764			-
k__Bacteria.p__Actinobacteria.c__Actinobacteria.o__Actinomycetales	2.07865615453			-
k__Bacteria.p__Firmicutes.c__Bacilli	4.41834252287			-
k__Bacteria.p__Firmicutes.c__Bacilli.o__Bacillales.f__Staphylococcaceae.g__Staphylococcus.s__Staphylococcus_aureus	1.32139127831			-
k__Bacteria.p__Firmicutes.c__Clostridia.o__Clostridiales.f__Clostridiaceae.g__Clostridium.s__Clostridium_asparagiforme	2.49654566806			-
k__Viruses.p__Viruses_noname.c__Viruses_noname.o__Viruses_noname.f__Retroviridae	0.0			-
k__Bacteria.p__Proteobacteria.c__Gammaproteobacteria.o__Pseudomonadales.f__Pseudomonadaceae.g__Pseudomonas	0.0			-
k__Viruses.p__Viruses_noname.c__Viruses_noname.o__Picornavirales.f__Picornaviridae.g__Enterovirus.s__Enterovirus_B	0.395326393069			-
k__Bacteria.p__Proteobacteria.c__Betaproteobacteria.o__Burkholderiales.f__Oxalobacteraceae.g__Oxalobacter.s__Oxalobacter_formigenes	1.4108615233			-
k__Viruses.p__Viruses_noname.c__Viruses_noname.o__Viruses_noname.f__Flaviviridae.g__Flavivirus	0.843855422623			-
k__Bacteria.p__Actinobacteria.c__Actinobacteria.o__Coriobacteriales.f__Coriobacteriaceae.g__Eggerthella	2.52130483813			-
k__Bacteria.p__Proteobacteria.c__Gammaproteobacteria.o__Enterobacteriales.f__Enterobacteriaceae.g__Serratia.s__Serratia_marcescens	0.0			-
k__Bacteria.p__Bacteroidetes.c__Bacteroidia.o__Bacteroidales.f__Bacteroidaceae.g__Bacteroides.s__Bacteroides_cellulosilyticus	3.70546278758			-
k__Bacteria.p__Proteobacteria.c__Gammaproteobacteria.o__Enterobacteriales.f__Enterobacteriaceae.g__Enterobacter.s__Enterobacter_mori	0.249809565972			-
k__Bacteria.p__Bacteroidetes.c__Bacteroidia.o__Bacteroidales.f__Rikenellaceae.g__Alistipes.s__Alistipes_senegalensis	1.81262930108			-
k__Bacteria.p__Firmicutes.c__Clostridia.o__Clostridiales.f__Clostridiales_noname.g__Clostridiales_noname	3.01702916328			-
k__Viruses.p__Viruses_noname.c__Viruses_noname.o__Caudovirales.f__Podoviridae.g__Epsilon15likevirus	1.15014212609			-
k__Bacteria.p__Firmicutes.c__Bacilli.o__Bacillales.f__Bacillaceae.g__Bacillus.s__Bacillus_pumilus	0.0			-
k__Bacteria.p__Firmicutes.c__Bacilli.o__Lactobacillales.f__Streptococcaceae.g__Streptococcus	4.03389599318			-
k__Bacteria.p__Fusobacteria.c__Fusobacteriia.o__Fusobacteriales.f__Fusobacteriaceae.g__Fusobacterium	0.0			-
k__Viruses.p__Viruses_noname.c__Viruses_noname.o__Caudovirales.f__Siphoviridae.g__Lambdalikevirus.s__Enterobacteria_phage_HK630	1.86482245111			-
k__Bacteria.p__Bacteroidetes.c__Bacteroidia.o__Bacteroidales.f__Rikenellaceae.g__Alistipes.s__Alistipes_sp_AP11	0.0			-
k__Bacteria.p__Firmicutes.c__Bacilli.o__Lactobacillales.f__Streptococcaceae.g__Streptococcus.s__Streptococcus_pseudopneumoniae	0.306960862883			-
k__Archaea	3.70842961129			-
k__Bacteria.p__Firmicutes.c__Bacilli.o__Lactobacillales.f__Lactobacillaceae.g__Lactobacillus.s__Lactobacillus_curvatus	1.11826472609			-
k__Bacteria.p__Firmicutes.c__Bacilli.o__Lactobacillales.f__Streptococcaceae.g__Streptococcus.s__Streptococcus_australis	2.27242761531			-
k__Bacteria.p__Actinobacteria.c__Actinobacteria.o__Actinomycetales.f__Actinomycetaceae.g__Actinomyces.s__Actinomyces_graevenitzii	1.45556808163			-
k__Viruses.p__Viruses_noname.c__Viruses_noname.o__Viruses_noname.f__Potyviridae.g__Potyvirus.s__Dasheen_mosaic_virus	1.51338409327			-
k__Bacteria.p__Firmicutes.c__Clostridia.o__Clostridiales.f__Clostridiales_Family_XI_Incertae_Sedis.g__Peptoniphilus	0.0			-
k__Bacteria.p__Fusobacteria.c__Fusobacteriia.o__Fusobacteriales.f__Leptotrichiaceae.g__Leptotrichiaceae_unclassified	0.0			-
k__Bacteria.p__Firmicutes.c__Bacilli.o__Lactobacillales.f__Enterococcaceae.g__Enterococcus.s__Enterococcus_gilvus	0.0			-
k__Bacteria.p__Bacteroidetes.c__Bacteroidia.o__Bacteroidales.f__Prevotellaceae.g__Paraprevotella.s__Paraprevotella_unclassified	3.27052278218			-
k__Bacteria.p__Proteobacteria.c__Gammaproteobacteria.o__Enterobacteriales.f__Enterobacteriaceae.g__Escherichia.s__Escherichia_fergusonii	0.758722698545			-
k__Bacteria.p__Deinococcus_Thermus	1.2283361886			-
k__Bacteria.p__Bacteroidetes.c__Bacteroidia.o__Bacteroidales.f__Bacteroidaceae.g__Bacteroides.s__Bacteroides_clarus	3.37701376894			-
k__Bacteria.p__Bacteroidetes.c__Bacteroidia.o__Bacteroidales.f__Rikenellaceae.g__Alistipes.s__Alistipes_unclassified	2.02705386062			-
k__Bacteria.p__Firmicutes.c__Bacilli.o__Lactobacillales.f__Streptococcaceae.g__Streptococcus.s__Streptococcus_sobrinus	1.02734960777			-
k__Bacteria.p__Deinococcus_Thermus.c__Deinococci.o__Deinococcales.f__Deinococcaceae.g__Deinococcus	1.2283361886			-
k__Bacteria.p__Firmicutes.c__Clostridia.o__Clostridiales.f__Lachnospiraceae.g__Coprococcus.s__Coprococcus_catus	3.41519335967			0.00187934585215
k__Viruses.p__Viruses_noname.c__Viruses_noname.o__Viruses_noname.f__Parvoviridae.g__Bocavirus	0.0			-
k__Bacteria.p__Proteobacteria.c__Gammaproteobacteria.o__Enterobacteriales.f__Enterobacteriaceae.g__Raoultella.s__Raoultella_ornithinolytica	0.0			-
k__Bacteria.p__Proteobacteria.c__Gammaproteobacteria	4.72919341732			-
k__Viruses.p__Viruses_noname.c__Viruses_noname.o__Caudovirales.f__Siphoviridae.g__Siphoviridae_noname.s__Lactococcus_phage_ul36	0.0			-
k__Bacteria.p__Firmicutes.c__Bacilli.o__Lactobacillales.f__Carnobacteriaceae	1.83987068245			-
k__Bacteria.p__Firmicutes.c__Bacilli.o__Lactobacillales.f__Lactobacillaceae.g__Lactobacillus.s__Lactobacillus_delbrueckii	2.36428358257			-
k__Bacteria.p__Firmicutes.c__Clostridia.o__Clostridiales.f__Clostridiales_Family_XI_Incertae_Sedis.g__Anaerococcus.s__Anaerococcus_vaginalis	0.0			-
k__Bacteria.p__Actinobacteria.c__Actinobacteria.o__Bifidobacteriales.f__Bifidobacteriaceae.g__Bifidobacterium.s__Bifidobacterium_catenulatum	2.53417211758	point_1	3.45345938385	0.00598555946692
k__Bacteria.p__Proteobacteria.c__Gammaproteobacteria.o__Pseudomonadales.f__Pseudomonadaceae	0.0			-
k__Viruses	4.70107735633			-
k__Viruses.p__Viruses_noname.c__Viruses_noname.o__Picornavirales.f__Picornaviridae.g__Parechovirus	0.0			-
k__Bacteria.p__Firmicutes.c__Bacilli.o__Lactobacillales.f__Streptococcaceae.g__Streptococcus.s__Streptococcus_pasteurianus	0.0			-
k__Bacteria.p__Firmicutes.c__Clostridia.o__Clostridiales.f__Clostridiaceae.g__Clostridium.s__Clostridium_sp_KLE_1755	1.70505078705			-
k__Bacteria.p__Proteobacteria.c__Gammaproteobacteria.o__Xanthomonadales.f__Sinobacteraceae	0.0			-
k__Bacteria.p__Proteobacteria.c__Deltaproteobacteria.o__Desulfovibrionales.f__Desulfovibrionaceae.g__Bilophila	2.99368636852	point_1	3.44321704537	0.000968303527882
k__Bacteria.p__Actinobacteria.c__Actinobacteria.o__Coriobacteriales.f__Coriobacteriaceae	3.41913675194	point_1	3.18769533605	6.54515287695e-05
k__Bacteria.p__Actinobacteria.c__Actinobacteria.o__Bifidobacteriales.f__Bifidobacteriaceae.g__Gardnerella	0.0			-
k__Bacteria.p__Candidatus_Saccharibacteria.c__Candidatus_Saccharibacteria_noname.o__Candidatus_Saccharibacteria_noname.f__Candidatus_Saccharibacteria_noname	0.0			-
k__Bacteria.p__Firmicutes.c__Clostridia.o__Clostridiales.f__Ruminococcaceae.g__Ruminococcus.s__Ruminococcus_flavefaciens	1.04306740548			-
k__Bacteria.p__Proteobacteria.c__Gammaproteobacteria.o__Enterobacteriales.f__Enterobacteriaceae.g__Escherichia	4.59931183205			-
k__Bacteria.p__Firmicutes.c__Bacilli.o__Lactobacillales.f__Leuconostocaceae.g__Leuconostoc.s__Leuconostoc_citreum	0.0			-
k__Bacteria.p__Firmicutes.c__Clostridia.o__Clostridiales.f__Clostridiales_Family_XI_Incertae_Sedis	1.48394371429			-
k__Bacteria.p__Proteobacteria.c__Gammaproteobacteria.o__Pseudomonadales.f__Pseudomonadaceae.g__Pseudomonas.s__Pseudomonas_aeruginosa	0.0			-
k__Bacteria.p__Actinobacteria.c__Actinobacteria.o__Actinomycetales.f__Actinomycetaceae.g__Actinomyces.s__Actinomyces_turicensis	0.0			-
k__Bacteria.p__Firmicutes.c__Bacilli.o__Lactobacillales.f__Streptococcaceae.g__Streptococcus.s__Streptococcus_infantarius	2.65512644369			-
k__Eukaryota.p__Ascomycota.c__Saccharomycetes.o__Saccharomycetales.f__Saccharomycetaceae.g__Saccharomycetaceae_unclassified	0.0			-
k__Bacteria.p__Firmicutes.c__Bacilli.o__Lactobacillales.f__Enterococcaceae.g__Enterococcus	4.13775308881			-
k__Viruses.p__Viruses_noname.c__Viruses_noname.o__Viruses_noname	2.08692013623			-
k__Bacteria.p__Proteobacteria.c__Gammaproteobacteria.o__Enterobacteriales	4.72376622357			-
k__Bacteria.p__Firmicutes.c__Clostridia.o__Clostridiales.f__Eubacteriaceae.g__Eubacterium.s__Eubacterium_ventriosum	3.34225484841	point_1	3.07221333519	7.01012317109e-06
k__Bacteria.p__Proteobacteria.c__Gammaproteobacteria.o__Pseudomonadales.f__Pseudomonadaceae.g__Pseudomonas.s__Pseudomonas_unclassified	0.0			-
k__Bacteria.p__Proteobacteria.c__Epsilonproteobacteria	0.0			-
k__Bacteria.p__Actinobacteria.c__Actinobacteria.o__Bifidobacteriales.f__Bifidobacteriaceae.g__Gardnerella.s__Gardnerella_vaginalis	0.0			-
k__Bacteria.p__Firmicutes.c__Clostridia.o__Clostridiales.f__Lachnospiraceae.g__Lachnospiraceae_noname.s__Lachnospiraceae_bacterium_8_1_57FAA	3.09222572779			-
k__Viruses.p__Viruses_noname.c__Viruses_noname.o__Caudovirales.f__Siphoviridae.g__C2likevirus.s__Lactococcus_phage_bIL67	3.80287168697			-
k__Bacteria.p__Firmicutes.c__Clostridia.o__Clostridiales.f__Peptostreptococcaceae.g__Peptostreptococcus.s__Peptostreptococcus_anaerobius	0.0			-
k__Bacteria.p__Firmicutes.c__Clostridia.o__Clostridiales.f__Lachnospiraceae.g__Lachnospiraceae_noname.s__Lachnospiraceae_bacterium_7_1_58FAA	2.42284006393			-
k__Bacteria.p__Bacteroidetes.c__Bacteroidia.o__Bacteroidales.f__Porphyromonadaceae.g__Odoribacter.s__Odoribacter_splanchnicus	3.56304686426			-
k__Bacteria.p__Firmicutes.c__Bacilli.o__Lactobacillales.f__Aerococcaceae	0.0			-
k__Bacteria.p__Spirochaetes.c__Spirochaetia.o__Spirochaetales.f__Brachyspiraceae.g__Brachyspira	0.0			-
k__Eukaryota.p__Ascomycota.c__Saccharomycetes.o__Saccharomycetales.f__Saccharomycetaceae.g__Saccharomyces	1.42320489405			-
k__Viruses.p__Viruses_noname.c__Viruses_noname.o__Caudovirales.f__Siphoviridae.g__C2likevirus.s__C2likevirus_unclassified	3.01506725654			-
k__Bacteria.p__Firmicutes.c__Clostridia.o__Clostridiales.f__Clostridiaceae.g__Clostridiaceae_noname.s__Clostridiaceae_bacterium_JC118	1.46501085795			-
k__Bacteria.p__Firmicutes.c__Clostridia.o__Clostridiales.f__Eubacteriaceae.g__Eubacterium.s__Eubacterium_hallii	3.82134645966	point_1	3.37613995673	0.00141357396117
k__Viruses.p__Viruses_noname.c__Viruses_noname.o__Viruses_noname.f__Geminiviridae	1.97875098654			-
k__Bacteria.p__Firmicutes.c__Clostridia.o__Clostridiales.f__Clostridiaceae.g__Clostridium.s__Clostridium_clostridioforme	3.21353501747			-
k__Bacteria.p__Actinobacteria.c__Actinobacteria.o__Actinomycetales.f__Brevibacteriaceae.g__Brevibacterium.s__Brevibacterium_unclassified	0.930949061563			-
k__Bacteria.p__Bacteroidetes.c__Bacteroidia.o__Bacteroidales.f__Porphyromonadaceae.g__Odoribacter.s__Odoribacter_laneus	0.0			-
k__Bacteria.p__Firmicutes.c__Clostridia.o__Clostridiales.f__Peptostreptococcaceae.g__Peptostreptococcaceae_noname.s__Clostridium_glycolicum	0.0			-
k__Bacteria.p__Proteobacteria.c__Betaproteobacteria.o__Burkholderiales.f__Oxalobacteraceae.g__Oxalobacter	1.4108615233			-
