Klebsiella	4.1064368454			-
Blautia	4.71631209567			-
Bacteroidales_noname	2.96450792753	point_1	3.54828415528	0.000283879086797
Pyramidobacter	2.60744147514			-
Enterococcus	4.13875451215			-
Barnesiella	3.75760051424			-
Parasutterella	2.77201145402			-
Ruminococcus	4.704031236	point_1	4.06216077001	0.0039951276308
Eubacterium	5.19139650952	point_1	4.52737291178	0.000571362410027
Acidaminococcus	3.08842170899			-
Clostridium	4.09085651709			-
Methanobrevibacter	3.70677040593			-
C2likevirus	3.87015798874			-
Odoribacter	3.58390147415			-
Anaerostipes	3.23251450913			-
Mitsuokella	3.93117206134			-
Erysipelotrichaceae_noname	3.7383544527			-
Subdoligranulum	4.88471910496			-
Felixounalikevirus	4.17836706048			-
Bacteroides	5.35901580075			-
Roseburia	4.52536330938	point_1	3.75335976663	0.00628001159667
Escherichia	4.6005034706			-
Sutterella	3.16108239296	point_1	3.49746377938	0.00599781124531
Clostridiales_noname	3.0200896946			-
Coprococcus	4.61132360337	point_1	4.01938644539	3.94233361292e-05
Prevotella	5.16029588623			-
Butyrivibrio	4.45016438579			-
Pediococcus	2.44857228526			-
Lachnospiraceae_noname	3.80451029979			-
Paraprevotella	3.46824976491			-
Bifidobacterium	3.96379012465	point_1	3.81342476106	5.54648347428e-08
Flavonifractor	2.50729543926			-
Megamonas	3.4260427835			-
Peptostreptococcaceae_noname	3.14483792126			-
Faecalibacterium	4.97814521225			-
Dialister	4.15581165968	point_1	3.69307788707	0.00236129709663
Phascolarctobacterium	4.04296351183			-
Veillonella	3.16252414727			-
Lactobacillus	3.51441669908			-
Coprobacillus	3.59091260191			-
Alistipes	4.41789030082			-
Streptococcus	4.03750605946			-
Oscillibacter	3.62186925961			-
Akkermansia	3.78790403117	point_1	3.64616427677	1.13133724297e-06
Parabacteroides	4.42767065615			-
Catenibacterium	3.36675815884			-
Siphoviridae_noname	4.45118502911			-
Collinsella	3.39582344764	point_1	3.87247610779	9.12760947171e-07
Dorea	4.16124285386	point_1	3.59722542917	0.00285134041119
Haemophilus	2.89013009687			-
Megasphaera	3.5587344775			-
