PWY_6168_flavinbiosynthesisIII_fungi_	3.79776311313			-
PWY0_162_superpathwayofpyrimidineribonucleotidesdenovobiosynthesis	3.65350470844			-
P124_PWY_Bifidobacteriumshunt	1.29338424886			-
PWY_5189_tetrapyrrolebiosynthesisII_fromglycine_	2.75160404592			-
ORNDEG_PWY_superpathwayofornithinedegradation	2.34852391199			-
PWY_6305_putrescinebiosynthesisIV	3.16089487713			-
PWY_6185_4_methylcatecholdegradation_orthocleavage_	0.14228551061			-
ARGORNPROST_PWY_arginine_ornithineandprolineinterconversion	2.13702474322			-
NONMEVIPP_PWY_methylerythritolphosphatepathwayI	4.18823565472			-
SULFATE_CYS_PWY_superpathwayofsulfateassimilationandcysteinebiosynthesis	2.96338596602			-
GALACTARDEG_PWY_D_galactaratedegradationI	2.57975490204			-
PWY490_3_nitratereductionVI_assimilatory_	1.65731581573			-
f_7ALPHADEHYDROX_PWY_cholatedegradation_bacteria_anaerobic_	0.886185015941			-
PWY_5723_Rubiscoshunt	2.96802434899			-
PWY_6595_superpathwayofguanosinenucleotidesdegradation_plants_	2.32381019164			0.0295932895494
PWY_5030_L_histidinedegradationIII	2.48330387453			-
PWY_5079_L_phenylalaninedegradationIII	0.370843358333			0.0415245656587
GLUCUROCAT_PWY_superpathwayofbeta__D_glucuronideandD_glucuronatedegradation	3.65196832181			-
PWY_7392_taxadienebiosynthesis_engineered_	2.61343934266			-
CRNFORCAT_PWY_creatininedegradationI	0.639359868972			-
METHANOGENESIS_PWY_methanogenesisfromH2andCO2	2.19404732752			0.00175996411446
PWY66_367_ketogenesis	0.0			-
PWY_5514_UDP_N_acetyl_D_galactosaminebiosynthesisII	0.0			-
P162_PWY_L_glutamatedegradationV_viahydroxyglutarate_	1.26419257099			-
PWY_6562_norspermidinebiosynthesis	0.0			-
PWY_7039_phosphatidatemetabolism_asasignalingmolecule	2.12385392868			-
PWY_5870_ubiquinol_8biosynthesis_eukaryotic_	0.125177851293			-
f_3_HYDROXYPHENYLACETATE_DEGRADATION_PWY_4_hydroxyphenylacetatedegradation	2.17400685916			-
PWY_5855_ubiquinol_7biosynthesis_prokaryotic_	2.65265556419			-
PWY_6507_4_deoxy_L_threo_hex_4_enopyranuronatedegradation	3.64349631966			-
PWY_5129_sphingolipidbiosynthesis_plants_	0.0			-
GLUTORN_PWY_L_ornithinebiosynthesis	3.29507978833			-
PWY66_400_glycolysisVI_metazoan_	3.52280830989			-
TEICHOICACID_PWY_teichoicacid_poly_glycerol_biosynthesis	1.01699121718			-
PWY_7242_D_fructuronatedegradation	3.69345827109			-
HEME_BIOSYNTHESIS_II_hemebiosynthesisI_aerobic_	2.43771491367			-
PWY_6612_superpathwayoftetrahydrofolatebiosynthesis	2.81066749589			-
PWY_6471_peptidoglycanbiosynthesisIV_Enterococcusfaecium_	2.8903021041			-
PWY_5138_unsaturated_evennumberedfattyacidbeta__oxidation	2.0297352767			-
PWY_5860_superpathwayofdemethylmenaquinol_6biosynthesisI	2.70422679171			-
PWY_7200_superpathwayofpyrimidinedeoxyribonucleosidesalvage	2.29289771507			-
PWY0_862__5Z__dodec_5_enoatebiosynthesis	3.06999506313			-
PWY_5918_superpathayofhemebiosynthesisfromglutamate	2.40407696899			-
PWY0_1338_polymyxinresistance	2.5217070661			-
PWY_7294_xylosedegradationIV	0.849513241517			-
PWY_821_superpathwayofsulfuraminoacidbiosynthesis_Saccharomycescerevisiae_	2.35241768466			-
TRNA_CHARGING_PWY_tRNAcharging	3.57425680949			-
ECASYN_PWY_enterobacterialcommonantigenbiosynthesis	2.34760808775			-
PWY_5896_superpathwayofmenaquinol_10biosynthesis	2.81943897703			-
PWY_6435_4_hydroxybenzoatebiosynthesisV	0.345228404735			-
PWY0_1586_peptidoglycanmaturation_meso_diaminopimelatecontaining_	3.5571391662			0.00886228989368
UBISYN_PWY_superpathwayofubiquinol_8biosynthesis_prokaryotic_	2.56158180547			-
PWY_7286_7__3_amino_3_carboxypropyl__wyosinebiosynthesis	1.98451514092			-
PANTO_PWY_phosphopantothenatebiosynthesisI	4.08263128697			-
DENOVOPURINE2_PWY_superpathwayofpurinenucleotidesdenovobiosynthesisII	3.25471084655			-
FASYN_ELONG_PWY_fattyacidelongation__saturated	3.10555299081			-
PWY_6277_superpathwayof5_aminoimidazoleribonucleotidebiosynthesis	4.08286573176			0.00911531451606
PWY_7391_isoprenebiosynthesisII_engineered_	1.56365157815			-
HCAMHPDEG_PWY_3_phenylpropanoateand3__3_hydroxyphenyl_propanoatedegradationto2_oxopent_4_enoate	2.39642123297			-
NADSYN_PWY_NADbiosynthesisII_fromtryptophan_	0.0			-
PWY0_1479_tRNAprocessing	1.94396008974			-
PWY_7221_guanosineribonucleotidesdenovobiosynthesis	4.26408735033			-
PWY_6737_starchdegradationV	4.25603953274	point_1	3.33256835461	0.000757495005815
PWY_7204_pyridoxal5_phosphatesalvageII_plants_	2.73588258472			-
PWY_6138_CMP_N_acetylneuraminatebiosynthesisI_eukaryotes_	0.339339397539			-
PWY_6876_isopropanolbiosynthesis	1.56509846441			-
PWY_6313_serotonindegradation	0.0			-
PWY_4242_pantothenateandcoenzymeAbiosynthesisIII	3.37929965033			-
PWY_5651_L_tryptophandegradationto2_amino_3_carboxymuconatesemialdehyde	0.0			-
PWY_241_C4photosyntheticcarbonassimilationcycle_NADP_MEtype	1.92240747553			0.00398625522498
PWY_7269_NAD_NADP_NADH_NADPHmitochondrialinterconversion_yeast_	2.79617618764			-
PWY_6690_cinnamateand3_hydroxycinnamatedegradationto2_oxopent_4_enoate	2.39642123297			-
GLYCOLYSIS_glycolysisI_fromglucose6_phosphate_	3.58153102289			0.0496472296575
PWY_7399_methylphosphonatedegradationII	0.41033565402			-
PWY_7527_L_methioninesalvagecycleIII	0.975123454276			-
PWY0_1277_3_phenylpropanoateand3__3_hydroxyphenyl_propanoatedegradation	2.49488052519			-
GLUCARDEG_PWY_D_glucaratedegradationI	2.61776136148			-
PWY0_1297_superpathwayofpurinedeoxyribonucleosidesdegradation	3.31107260372			-
PWY_6122_5_aminoimidazoleribonucleotidebiosynthesisII	4.08286573176			0.00911531451606
PWY_5838_superpathwayofmenaquinol_8biosynthesisI	2.96996110466			-
ARGININE_SYN4_PWY_L_ornithinedenovobiosynthesis	3.65287275328			-
RHAMCAT_PWY_L_rhamnosedegradationI	3.55641057293			-
PWY_7383_anaerobicenergymetabolism_invertebrates_cytosol_	2.99403650036			0.044289641466
UDPNACETYLGALSYN_PWY_UDP_N_acetyl_D_glucosaminebiosynthesisII	0.365272203587			-
PWY_5381_pyridinenucleotidecycling_plants_	0.054684579001			-
PWY_5862_superpathwayofdemethylmenaquinol_9biosynthesis	2.70422679171			-
MET_SAM_PWY_superpathwayofS_adenosyl_L_methioninebiosynthesis	3.56654829102			0.0423211329734
GLUCONEO_PWY_gluconeogenesisI	3.0568879706			-
PWY_5028_L_histidinedegradationII	0.0			-
GLUDEG_I_PWY_GABAshunt	2.56874097664			-
PWY0_1061_superpathwayofL_alaninebiosynthesis	3.06964255966			-
HSERMETANA_PWY_L_methioninebiosynthesisIII	3.25192435193			0.00466913180502
CITRULBIO_PWY_L_citrullinebiosynthesis	3.07810145998			-
PWY_7237_myo__chiro_andscillo_inositoldegradation	2.96347415877			-
PWY_6936_seleno_aminoacidbiosynthesis	3.415081066			0.0220122711218
PWY_5415_catecholdegradationI_meta_cleavagepathway_	1.07155719621			-
PWY_6075_ergosterolbiosynthesisI	0.0			-
POLYAMINSYN3_PWY_superpathwayofpolyaminebiosynthesisII	2.41106181937			-
PWY_5913_TCAcycleVI_obligateautotrophs_	2.68486064317			-
PWY66_391_fattyacidbeta__oxidationVI_peroxisome_	0.254375710231			-
PWY_4722_creatininedegradationII	0.0			-
AST_PWY_L_argininedegradationII_ASTpathway_	2.28896290164			-
PWY_5088_L_glutamatedegradationVIII_topropanoate_	1.06623779497			0.0218253599033
URDEGR_PWY_superpathwayofallantoindegradationinplants	1.60729449612			-
GLYCOGENSYNTH_PWY_glycogenbiosynthesisI_fromADP_D_Glucose_	3.84334214581	point_1	3.10839138808	0.00176411430193
P562_PWY_myo_inositoldegradationI	0.0			-
COA_PWY_coenzymeAbiosynthesisI	3.60867689037			-
THREOCAT_PWY_superpathwayofL_threoninemetabolism	0.0			-
PWY0_1319_CDP_diacylglycerolbiosynthesisII	4.16897194366			-
PWY_6837_fattyacidbeta_oxidationV_unsaturated_oddnumber_di_isomerase_dependent_	0.21488655215			-
PWY_6891_thiazolebiosynthesisII_Bacillus_	2.62676165044			-
PWY0_1241_ADP_L_glycero_beta__D_manno_heptosebiosynthesis	2.61819669043			-
PWY_7209_superpathwayofpyrimidineribonucleosidesdegradation	2.07618689122			2.98663233255e-08
PWY66_422_D_galactosedegradationV_Leloirpathway_	3.95887836299			0.0161447780944
PWY_6608_guanosinenucleotidesdegradationIII	3.15584943981			-
NONOXIPENT_PWY_pentosephosphatepathway_non_oxidativebranch_	3.93423105053			-
PWYG_321_mycolatebiosynthesis	3.00919801158			-
PWY_7279_aerobicrespirationII_cytochromec__yeast_	1.52435523667			-
PWY_5198_factor420biosynthesis	2.06278390022			0.00169018617591
PWY_622_starchbiosynthesis	0.580638491338			-
FERMENTATION_PWY_mixedacidfermentation	2.82904468402			-
HEXITOLDEGSUPER_PWY_superpathwayofhexitoldegradation_bacteria_	3.25572717813			-
PWY_7187_pyrimidinedeoxyribonucleotidesdenovobiosynthesisII	3.16648602455			-
ARO_PWY_chorismatebiosynthesisI	4.12654575926	point_1	3.04826638492	0.00747167134521
PWY_7385_1_3_propanediolbiosynthesis_engineered_	0.460848283568			-
PWY_7013_L_1_2_propanedioldegradation	2.62194220108			0.0169863299324
PWY_7528_L_methioninesalvagecycleI_bacteriaandplants_	0.19219029758			-
PANTOSYN_PWY_pantothenateandcoenzymeAbiosynthesisI	3.73774543588			-
GLUCARGALACTSUPER_PWY_superpathwayofD_glucarateandD_galactaratedegradation	2.57975490204			-
ILEUSYN_PWY_L_isoleucinebiosynthesisI_fromthreonine_	4.22578809991			-
PWY_7117_C4photosyntheticcarbonassimilationcycle_PEPCKtype	2.59674288285			-
P161_PWY_acetylenedegradation	2.82738673319			-
PWY_5104_L_isoleucinebiosynthesisIV	3.52123918285			0.001475149247
PWY_6895_superpathwayofthiamindiphosphatebiosynthesisII	3.0310569223			-
PWY_6901_superpathwayofglucoseandxylosedegradation	3.17933446497			-
NAGLIPASYN_PWY_lipidIVAbiosynthesis	2.75085594868			-
P163_PWY_L_lysinefermentationtoacetateandbutanoate	0.0			-
PWY_5690_TCAcycleII_plantsandfungi_	3.10204208689			-
PWY_6151_S_adenosyl_L_methioninecycleI	4.26370599255			-
PWY_5345_superpathwayofL_methioninebiosynthesis_bysulfhydrylation_	2.9720975721			-
ALL_CHORISMATE_PWY_superpathwayofchorismatemetabolism	1.4698767417			-
ARG_POLYAMINE_SYN_superpathwayofarginineandpolyaminebiosynthesis	3.15987299163			-
PWY_5173_superpathwayofacetyl_CoAbiosynthesis	2.52351012844			-
PWY_6282_palmitoleatebiosynthesisI_from_5Z__dodec_5_enoate_	3.0533035921			-
PWY_7411_superpathwayofphosphatidatebiosynthesis_yeast_	0.309014378827			0.0415245656587
PWY0_845_superpathwayofpyridoxal5_phosphatebiosynthesisandsalvage	3.57214242566			-
PWY66_388_fattyacidalpha__oxidationIII	0.139152131753			0.0415245656587
RUMP_PWY_formaldehydeoxidationI	1.50393329569			0.0222265416525
PPGPPMET_PWY_ppGppbiosynthesis	2.78178732487			-
LACTOSECAT_PWY_lactoseandgalactosedegradationI	3.02691594669			-
PWY_7234_inosine_5_phosphatebiosynthesisIII	3.28644900948			-
PWY_7456_mannandegradation	3.32101123502			-
PWY0_166_superpathwayofpyrimidinedeoxyribonucleotidesdenovobiosynthesis_E_coli_	3.63711681979			-
PWY_5384_sucrosedegradationIV_sucrosephosphorylase_	2.75581660897			-
PHOSLIPSYN_PWY_superpathwayofphospholipidbiosynthesisI_bacteria_	3.56027274402			0.0209213353378
HOMOSER_METSYN_PWY_L_methioninebiosynthesisI	3.36005011454			-
PWY_5692_allantoindegradationtoglyoxylateII	1.60729449612			-
PWY_6263_superpathwayofmenaquinol_8biosynthesisII	1.73926293239			0.0189093734742
TCA_GLYOX_BYPASS_superpathwayofglyoxylatebypassandTCA	2.87105351461			-
PWY_5080_verylongchainfattyacidbiosynthesisI	0.0			-
PWY_7560_methylerythritolphosphatepathwayII	3.42716673541			-
PWY_5973_cis_vaccenatebiosynthesis	4.02765998946			-
PYRIDNUCSYN_PWY_NADbiosynthesisI_fromaspartate_	3.63367874249			0.0485396228973
PWY_7539_6_hydroxymethyl_dihydropterindiphosphatebiosynthesisIII_Chlamydia_	3.08967022589			-
PWY_7199_pyrimidinedeoxyribonucleosidessalvage	3.43723451483			-
PWY_6317_galactosedegradationI_Leloirpathway_	3.94155562796			0.0282403687333
PWY_5910_superpathwayofgeranylgeranyldiphosphatebiosynthesisI_viamevalonate_	1.92457938504			-
PWY_4702_phytatedegradationI	2.42261364434			-
PWY_7220_adenosinedeoxyribonucleotidesdenovobiosynthesisII	3.6781640987			-
PWY_6660_2_heptyl_3_hydroxy_4_1H__quinolonebiosynthesis	0.0			-
PWY_7090_UDP_2_3_diacetamido_2_3_dideoxy_alpha__D_mannuronatebiosynthesis	0.0			-
PWY0_881_superpathwayoffattyacidbiosynthesisI_E_coli_	0.76965555755			-
ANAEROFRUCAT_PWY_homolacticfermentation	3.68431815325			-
P441_PWY_superpathwayofN_acetylneuraminatedegradation	3.10666398431			-
COA_PWY_1_coenzymeAbiosynthesisII_mammalian_	4.13392504444			-
PWY_6123_inosine_5_phosphatebiosynthesisI	3.79355815412			-
PWY_7229_superpathwayofadenosinenucleotidesdenovobiosynthesisI	4.00876353269			-
PYRIDOXSYN_PWY_pyridoxal5_phosphatebiosynthesisI	3.59418462455			-
PWY_5676_acetyl_CoAfermentationtobutanoateII	2.96489620294			-
GLYCOLYSIS_TCA_GLYOX_BYPASS_superpathwayofglycolysis_pyruvatedehydrogenase_TCA_andglyoxylatebypass	2.9622695639			-
GLUCOSE1PMETAB_PWY_glucoseandglucose_1_phosphatedegradation	2.89289054539			-
TRPSYN_PWY_L_tryptophanbiosynthesis	3.69878799498			-
PWY_6598_sciadonatebiosynthesis	0.0			-
THISYN_PWY_superpathwayofthiamindiphosphatebiosynthesisI	3.21461025682			-
KETOGLUCONMET_PWY_ketogluconatemetabolism	2.50229485613			-
PWY_7384_anaerobicenergymetabolism_invertebrates_mitochondrial_	1.55510957276			-
THRESYN_PWY_superpathwayofL_threoninebiosynthesis	3.78823136691			-
PWY_4981_L_prolinebiosynthesisII_fromarginine_	2.88181534539			-
PWY_6629_superpathwayofL_tryptophanbiosynthesis	2.92347315159			-
PWY_1269_CMP_3_deoxy_D_manno_octulosonatebiosynthesisI	3.38664653908			0.00495767135692
PWY_5417_catecholdegradationIII_ortho_cleavagepathway_	0.217911478045			-
PWY_5188_tetrapyrrolebiosynthesisI_fromglutamate_	3.42783425798			0.0289395852484
P42_PWY_incompletereductiveTCAcycle	3.04274624541			-
PWY_6731_starchdegradationIII	1.8148714443			0.000946140525503
PWY_4361_S_methyl_5_thio_alpha__D_ribose1_phosphatedegradation	2.37503889159			-
SALVADEHYPOX_PWY_adenosinenucleotidesdegradationII	3.09952796661			-
PWY0_781_aspartatesuperpathway	3.13282449243			-
PWY_5121_superpathwayofgeranylgeranyldiphosphatebiosynthesisII_viaMEP_	3.07558207984			-
PWY_7400_L_argininebiosynthesisIV_archaebacteria_	3.75025588375			0.0404041195882
PWY_5971_palmitatebiosynthesisII_bacteriaandplants_	3.10965947689			-
COMPLETE_ARO_PWY_superpathwayofaromaticaminoacidbiosynthesis	4.12076462569			0.0237413945307
PWY_6396_superpathwayof2_3_butanediolbiosynthesis	1.39332315295			-
PWY_6892_thiazolebiosynthesisI_E_coli_	2.83790533014			-
PWY_5181_toluenedegradationIII_aerobic__viap_cresol_	0.0			-
PWY_7371_1_4_dihydroxy_6_naphthoatebiosynthesisII	2.46409420509			-
PWY_5659_GDP_mannosebiosynthesis	3.62924860197			-
PWY_5856_ubiquinol_9biosynthesis_prokaryotic_	2.65265556419			-
PWY4FS_7_phosphatidylglycerolbiosynthesisI_plastidic_	3.63756322482			0.0485396228973
PWY_5871_ubiquinol_9biosynthesis_eukaryotic_	0.0313102470923			-
PWY_7288_fattyacidbeta__oxidation_peroxisome_yeast_	0.0			-
PWY_2942_L_lysinebiosynthesisIII	4.22913557111			-
PWY_6174_mevalonatepathwayII_archaea_	1.32738919271			-
PWY_6549_L_glutaminebiosynthesisIII	1.51402537186			-
PWY_6285_superpathwayoffattyacidsbiosynthesis_E_coli_	2.88323776632			-
TRIGLSYN_PWY_diacylglycerolandtriacylglycerolbiosynthesis	0.0			-
f_1CMET2_PWY_N10_formyl_tetrahydrofolatebiosynthesis	3.97413617262			-
PENTOSE_P_PWY_pentosephosphatepathway	3.22697724603			-
POLYISOPRENSYN_PWY_polyisoprenoidbiosynthesis_E_coli_	2.57336457892			-
SER_GLYSYN_PWY_superpathwayofL_serineandglycinebiosynthesisI	3.75006597693			-
P105_PWY_TCAcycleIV_2_oxoglutaratedecarboxylase_	2.89839496108			-
PWY_7315_dTDP_N_acetylthomosaminebiosynthesis	2.65355146274			-
PWY_7446_sulfoglycolysis	2.54644916882			-
P261_PWY_coenzymeMbiosynthesisI	0.0			-
P23_PWY_reductiveTCAcycleI	1.9308282977			-
PWY_6700_queuosinebiosynthesis	4.18862106627			-
BIOTIN_BIOSYNTHESIS_PWY_biotinbiosynthesisI	2.9765371245			-
PWY_7210_pyrimidinedeoxyribonucleotidesbiosynthesisfromCTP	2.8487378028			0.0411537955638
PWY_5154_L_argininebiosynthesisIII_viaN_acetyl_L_citrulline_	3.26066535809			-
NAD_BIOSYNTHESIS_II_NADsalvagepathwayII	2.91088578217			-
PWY_561_superpathwayofglyoxylatecycleandfattyaciddegradation	2.60307595296			-
PWY_7409_phospholipidremodeling_phosphatidylethanolamine_yeast_	2.43246212908			-
PWY_1861_formaldehydeassimilationII_RuMPCycle_	2.19580549475			0.0195029905587
TCA_TCAcycleI_prokaryotic_	3.26228468598			-
PWY_6823_molybdenumcofactorbiosynthesis	2.36839347669			-
PWY_6351_D_myo_inositol_1_4_5__trisphosphatebiosynthesis	0.0			-
PWY_5861_superpathwayofdemethylmenaquinol_8biosynthesis	2.85651699632			-
PWY_5347_superpathwayofL_methioninebiosynthesis_transsulfuration_	3.56025269585			-
VALDEG_PWY_L_valinedegradationI	0.0			-
PWY_7316_dTDP_N_acetylviosaminebiosynthesis	1.82850338757			-
FAO_PWY_fattyacidbeta__oxidationI	2.70714707834			-
PWY_5367_petroselinatebiosynthesis	3.53073210402			0.00466429570186
OANTIGEN_PWY_O_antigenbuildingblocksbiosynthesis_E_coli_	3.38813490908			0.00861555811882
PWY_5837_1_4_dihydroxy_2_naphthoatebiosynthesisI	2.71235309255			-
PWY_7197_pyrimidinedeoxyribonucleotidephosphorylation	3.43662564424			-
PWY_7664_oleatebiosynthesisIV_anaerobic_	3.07066900429			-
PWY66_398_TCAcycleIII_animals_	1.55472750461			-
LPSSYN_PWY_superpathwayoflipopolysaccharidebiosynthesis	2.07910400699			-
PWY_7208_superpathwayofpyrimidinenucleobasessalvage	3.76775975599			-
P125_PWY_superpathwayof_R_R__butanediolbiosynthesis	1.78210867477			-
PWY0_321_phenylacetatedegradationI_aerobic_	2.29780381365			-
PROTOCATECHUATE_ORTHO_CLEAVAGE_PWY_protocatechuatedegradationII_ortho_cleavagepathway_	1.31338246745			-
PWY_6270_isoprenebiosynthesisI	3.46306589847			-
P108_PWY_pyruvatefermentationtopropanoateI	2.29310860351			0.0339516829939
P122_PWY_heterolacticfermentation	2.67169100618			-
PWY_7219_adenosineribonucleotidesdenovobiosynthesis	4.43543864011			-
PWY_5100_pyruvatefermentationtoacetateandlactateII	3.7266751359			0.00768890814077
FUC_RHAMCAT_PWY_superpathwayoffucoseandrhamnosedegradation	2.85915787295			-
FASYN_INITIAL_PWY_superpathwayoffattyacidbiosynthesisinitiation_E_coli_	2.93477168063			-
PWY_6071_superpathwayofphenylethylaminedegradation	0.0			-
PWY_5097_L_lysinebiosynthesisVI	4.24733723279			-
PWY_7323_superpathwayofGDP_mannose_derivedO_antigenbuildingblocksbiosynthesis	3.19332596595			-
PWY_5304_superpathwayofsulfuroxidation_Acidianusambivalens_	0.623543891137			-
PWY_5044_purinenucleotidesdegradationI_plants_	0.0			-
PWY_6387_UDP_N_acetylmuramoyl_pentapeptidebiosynthesisI_meso_diaminopimelatecontaining_	4.18202907482			-
UDPNAGSYN_PWY_UDP_N_acetyl_D_glucosaminebiosynthesisI	3.39233734904			-
PWY_6113_superpathwayofmycolatebiosynthesis	2.94465199433			-
PWY_841_superpathwayofpurinenucleotidesdenovobiosynthesisI	3.57668561442			-
PWY_6981_chitinbiosynthesis	0.0			-
PWY_5067_glycogenbiosynthesisII_fromUDP_D_Glucose_	0.0			-
PRPP_PWY_superpathwayofhistidine_purine_andpyrimidinebiosynthesis	3.17146036805			0.000383898381009
HEMESYN2_PWY_hemebiosynthesisII_anaerobic_	2.90737529472			-
GLYCOLYSIS_E_D_superpathwayofglycolysisandEntner_Doudoroff	3.13616222314			-
POLYAMSYN_PWY_superpathwayofpolyaminebiosynthesisI	3.03747816417			-
PWY_7345_superpathwayofanaerobicsucrosedegradation	0.782632458745			-
PWY_2723_trehalosedegradationV	2.61223479667			-
METSYN_PWY_L_homoserineandL_methioninebiosynthesis	3.56205582985			0.0463865932814
PWY_7431_aromaticbiogenicaminedegradation_bacteria_	0.0			-
PWY_5747_2_methylcitratecycleII	1.89833277482			0.0316554417439
PWY_6165_chorismatebiosynthesisII_archaea_	1.69176451856			-
PWY_7228_superpathwayofguanosinenucleotidesdenovobiosynthesisI	3.84224220227			-
PWY_5872_ubiquinol_10biosynthesis_eukaryotic_	0.0			-
ARGDEG_PWY_superpathwayofL_arginine_putrescine_and4_aminobutanoatedegradation	2.34951679951			-
PWY_7211_superpathwayofpyrimidinedeoxyribonucleotidesdenovobiosynthesis	3.34648001349			-
PWY_7111_pyruvatefermentationtoisobutanol_engineered_	4.22655892698			-
PWY_7245_superpathwayNAD_NADP_NADH_NADPHinterconversion_yeast_	0.421173995456			-
GLYOXYLATE_BYPASS_glyoxylatecycle	2.86068936393			-
PWY_5177_glutaryl_CoAdegradation	3.55762332806			-
PWY_5081_L_tryptophandegradationVIII_totryptophol_	0.0			-
GLYCOL_GLYOXDEG_PWY_superpathwayofglycolmetabolismanddegradation	2.58954940524			-
PWY_6829_tRNAmethylation_yeast_	0.0			-
PWY_7283_wybutosinebiosynthesis	0.0			-
PWY_7389_superpathwayofanaerobicenergymetabolism_invertebrates_	1.72273360332			-
PWY_6596_adenosinenucleotidesdegradationI	0.0			-
LIPASYN_PWY_phospholipases	0.0			-
PWY_5083_NAD_NADHphosphorylationanddephosphorylation	2.92277185922			-
PWY_3502_superpathwayofNADbiosynthesisineukaryotes	0.0			-
PWY_6145_superpathwayofsialicacidsandCMP_sialicacidsbiosynthesis	0.0			-
PWY_5464_superpathwayofcytosolicglycolysis_plants__pyruvatedehydrogenaseandTCAcycle	2.13468438916			-
PWY_6386_UDP_N_acetylmuramoyl_pentapeptidebiosynthesisII_lysine_containing_	4.19516717674			-
PWY_1042_glycolysisIV_plantcytosol_	4.11621664442			-
PWY_5695_uratebiosynthesis_inosine5_phosphatedegradation	4.08715743106			-
PWY_6307_L_tryptophandegradationX_mammalian_viatryptamine_	0.0			-
ENTBACSYN_PWY_enterobactinbiosynthesis	2.87576774731			-
PWY0_41_allantoindegradationIV_anaerobic_	1.95128196249			-
PEPTIDOGLYCANSYN_PWY_peptidoglycanbiosynthesisI_meso_diaminopimelatecontaining_	4.18278483589			-
PWY_6163_chorismatebiosynthesisfrom3_dehydroquinate	4.12964183928	point_1	3.05661758453	0.00628001159667
PWY_7198_pyrimidinedeoxyribonucleotidesdenovobiosynthesisIV	2.77956095062			0.038357859201
PWY_4041_gamma__glutamylcycle	2.88783058689			-
P221_PWY_octaneoxidation	0.0			-
CATECHOL_ORTHO_CLEAVAGE_PWY_catecholdegradationtobeta__ketoadipate	0.72902879986			-
RIBOSYN2_PWY_flavinbiosynthesisI_bacteriaandplants_	3.34665138636			-
PWY_5898_superpathwayofmenaquinol_12biosynthesis	3.0355143847			-
PWY_3801_sucrosedegradationII_sucrosesynthase_	0.811677150457			-
PWY_6121_5_aminoimidazoleribonucleotidebiosynthesisI	4.07921823701			0.00861555811882
PWY_5873_ubiquinol_7biosynthesis_eukaryotic_	0.0313102470923			-
PWY3O_19_ubiquinol_6biosynthesisfrom4_hydroxybenzoate_eukaryotic_	0.896816765422			0.0218253599033
PWY_5840_superpathwayofmenaquinol_7biosynthesis	2.86664072592			-
PWY_5005_biotinbiosynthesisII	2.27690518595			0.013269937287
PWY_5791_1_4_dihydroxy_2_naphthoatebiosynthesisII_plants_	2.71235309255			-
THISYNARA_PWY_superpathwayofthiamindiphosphatebiosynthesisIII_eukaryotes_	3.64568214677			-
CENTFERM_PWY_pyruvatefermentationtobutanoate	2.17676793564			-
SPHINGOLIPID_SYN_PWY_sphingolipidbiosynthesis_yeast_	0.0			-
PWY66_375_leukotrienebiosynthesis	0.0			-
PWY_7373_superpathwayofdemethylmenaquinol_6biosynthesisII	0.0			-
PWY_5897_superpathwayofmenaquinol_11biosynthesis	3.0355143847			-
SO4ASSIM_PWY_sulfatereductionI_assimilatory_	3.02034530761			-
PWY_3001_superpathwayofL_isoleucinebiosynthesisI	3.86776849234			-
P164_PWY_purinenucleobasesdegradationI_anaerobic_	2.63726098397			0.0494656211282
PWY_7282_4_amino_2_methyl_5_phosphomethylpyrimidinebiosynthesis_yeast_	3.60723046266			-
ASPASN_PWY_superpathwayofL_aspartateandL_asparaginebiosynthesis	3.66422823566			0.0243433836537
PWY1F_823_leucopelargonidinandleucocyanidinbiosynthesis	0.520659849526			-
PWY1G_0_mycothiolbiosynthesis	0.0			-
CALVIN_PWY_Calvin_Benson_Basshamcycle	3.99486263027			-
PWY_6609_adenineandadenosinesalvageIII	3.83328094066			-
PWY_3781_aerobicrespirationI_cytochromec_	1.57672486461			-
PWY0_1533_methylphosphonatedegradationI	2.3938648898			-
P185_PWY_formaldehydeassimilationIII_dihydroxyacetonecycle_	2.55296788912			0.030936204375
ALLANTOINDEG_PWY_superpathwayofallantoindegradationinyeast	0.0			-
PWY_3841_folatetransformationsII	3.99461409034			-
HISTSYN_PWY_L_histidinebiosynthesis	3.55419640859			-
HISDEG_PWY_L_histidinedegradationI	2.45284578657			-
PWY_7663_gondoatebiosynthesis_anaerobic_	3.99121367804			-
PWY_6147_6_hydroxymethyl_dihydropterindiphosphatebiosynthesisI	3.17203453331			-
PWY_5306_superpathwayofthiosulfatemetabolism_Desulfovibriosulfodismutans_	0.0			-
PWY_6590_superpathwayofClostridiumacetobutylicumacidogenicfermentation	2.27241382876			-
PWY_7003_glyceroldegradationtobutanol	2.63107481725			0.0216443813247
PWY_6859_all_trans_farnesolbiosynthesis	2.46039256587			-
PWY_5863_superpathwayofphylloquinolbiosynthesis	2.59694619504			-
KDO_NAGLIPASYN_PWY_superpathwayof_Kdo_2_lipidAbiosynthesis	2.49098615995			-
PWY_6519_8_amino_7_oxononanoatebiosynthesisI	2.95049455566			-
PWY_7184_pyrimidinedeoxyribonucleotidesdenovobiosynthesisI	3.57503752286			-
PWY_7268_NAD_NADP_NADH_NADPHcytosolicinterconversion_yeast_	0.328159451217			-
PWY3O_355_stearatebiosynthesisIII_fungi_	0.0			-
PWY_5103_L_isoleucinebiosynthesisIII	3.98697465478			-
GALACTUROCAT_PWY_D_galacturonatedegradationI	3.66219461487			-
GLCMANNANAUT_PWY_superpathwayofN_acetylglucosamine_N_acetylmannosamineandN_acetylneuraminatedegradation	3.6889148827			-
PWY_7420_monoacylglycerolmetabolism_yeast_	0.0			-
PWY_6125_superpathwayofguanosinenucleotidesdenovobiosynthesisII	3.787993114			-
PWY_7222_guanosinedeoxyribonucleotidesdenovobiosynthesisII	3.6781640987			-
PWY_5667_CDP_diacylglycerolbiosynthesisI	4.1689464758			-
PWY_5656_mannosylglyceratebiosynthesisI	1.72331540204			-
PWY_5920_superpathwayofhemebiosynthesisfromglycine	2.04440146779			-
COLANSYN_PWY_colanicacidbuildingblocksbiosynthesis	3.16457416786			-
PWY_6470_peptidoglycanbiosynthesisV_beta__lactamresistance_	2.04395870965			0.015546793586
P461_PWY_hexitolfermentationtolactate_formate_ethanolandacetate	3.15471397269			-
PWY_6124_inosine_5_phosphatebiosynthesisII	3.74917925798			-
PWY_6527_stachyosedegradation	3.81988334499			-
PWY_5845_superpathwayofmenaquinol_9biosynthesis	2.81943897703			-
PWY_6284_superpathwayofunsaturatedfattyacidsbiosynthesis_E_coli_	2.93951217921			-
PWY_5675_nitratereductionV_assimilatory_	0.222334756209			-
GOLPDLCAT_PWY_superpathwayofglyceroldegradationto1_3_propanediol	1.91643392112			-
PWY_5431_aromaticcompoundsdegradationviabeta__ketoadipate	0.217911478045			-
PWY0_1261_anhydromuropeptidesrecycling	3.15650356691			-
PWY_922_mevalonatepathwayI	2.01898360126			-
FUCCAT_PWY_fucosedegradation	2.83538029354			-
PWY4FS_8_phosphatidylglycerolbiosynthesisII_non_plastidic_	3.63755560165			0.0485396228973
PWY_6969_TCAcycleV_2_oxoglutarate_ferredoxinoxidoreductase_	3.21092259482			-
PWY4LZ_257_superpathwayoffermentation_Chlamydomonasreinhardtii_	2.44650387168			-
PWY_621_sucrosedegradationIII_sucroseinvertase_	3.84866362478	point_1	3.04023441019	0.0153138217134
PYRIDNUCSAL_PWY_NADsalvagepathwayI	3.05108851621			-
ARGSYN_PWY_L_argininebiosynthesisI_viaL_ornithine_	3.7156791123			-
PWY_5136_fattyacidbeta__oxidationII_peroxisome_	2.59856699492			-
PWY_6531_mannitolcycle	2.59695793419			-
GALACT_GLUCUROCAT_PWY_superpathwayofhexuronideandhexuronatedegradation	3.63440917462			-
PWY0_42_2_methylcitratecycleI	1.92228413941			0.0295341423858
PWY_5265_peptidoglycanbiosynthesisII_staphylococci_	0.607352896804			-
PWY_5686_UMPbiosynthesis	4.26759861503			-
ARGSYNBSUB_PWY_L_argininebiosynthesisII_acetylcycle_	3.43513171925			-
ANAGLYCOLYSIS_PWY_glycolysisIII_fromglucose_	3.98552147109			-
PWY_5941_glycogendegradationII_eukaryotic_	1.53173141374			-
ORNARGDEG_PWY_superpathwayofL_arginineandL_ornithinedegradation	2.34951679951			-
PWY_5850_superpathwayofmenaquinol_6biosynthesisI	2.81943897703			-
PWY_6385_peptidoglycanbiosynthesisIII_mycobacteria_	4.02324215108			-
PWY66_409_superpathwayofpurinenucleotidesalvage	3.46085287408			-
PWY_2941_L_lysinebiosynthesisII	3.29862514891			-
PWY_6415_L_ascorbatebiosynthesisV	1.78917976595			-
PWY66_389_phytoldegradation	2.17820522758			-
PWY_7196_superpathwayofpyrimidineribonucleosidessalvage	3.45594915276			0.0141266654267
PWY_5101_L_isoleucinebiosynthesisII	3.25485156888			-
PWY_6897_thiaminsalvageII	3.79508126952			-
DAPLYSINESYN_PWY_L_lysinebiosynthesisI	3.1642598368			-
PWY_6588_pyruvatefermentationtoacetone	2.79020896192			0.00731358359916
PWY_7619_juniperonatebiosynthesis	0.0			-
PWY_6353_purinenucleotidesdegradationII_aerobic_	3.20082797359			-
REDCITCYC_TCAcycleVIII_helicobacter_	2.55865759393			-
PWY_7224_purinedeoxyribonucleosidessalvage	0.0			-
BRANCHED_CHAIN_AA_SYN_PWY_superpathwayofbranchedaminoacidbiosynthesis	4.02698851476			-
PWY_6606_guanosinenucleotidesdegradationII	2.71981403792			0.0125229691556
PWY_6630_superpathwayofL_tyrosinebiosynthesis	3.01021717446			-
PWY_724_superpathwayofL_lysine_L_threonineandL_methioninebiosynthesisII	3.99135711535			-
PWY_5989_stearatebiosynthesisII_bacteriaandplants_	3.39350488113			-
PWY_5505_L_glutamateandL_glutaminebiosynthesis	2.30573851697			-
AEROBACTINSYN_PWY_aerobactinbiosynthesis	2.81016791592			-
PWY_5899_superpathwayofmenaquinol_13biosynthesis	3.0355143847			-
PWY_7546_diphthamidebiosynthesis_eukaryotes_	0.0			-
PWY_6318_L_phenylalaninedegradationIV_mammalian_viasidechain_	0.0			-
PWY_7235_superpathwayofubiquinol_6biosynthesis_eukaryotic_	1.04255972899			-
PWY_6167_flavinbiosynthesisII_archaea_	2.28809863136			0.00970835567777
FOLSYN_PWY_superpathwayoftetrahydrofolatebiosynthesisandsalvage	2.91557451474			-
GLYCOCAT_PWY_glycogendegradationI_bacterial_	2.67691423734			-
PWY_6703_preQ0biosynthesis	3.94232534239			-
PWY_2201_folatetransformationsI	0.511913564199			-
PWY_5857_ubiquinol_10biosynthesis_prokaryotic_	2.65265556419			-
P4_PWY_superpathwayofL_lysine_L_threonineandL_methioninebiosynthesisI	3.13837944054			-
PWY_5022_4_aminobutanoatedegradationV	2.40640212487			-
PWY_6309_L_tryptophandegradationXI_mammalian_viakynurenine_	0.0			-
PWY0_1415_superpathwayofhemebiosynthesisfromuroporphyrinogen_III	2.18169166008			-
PWY_5705_allantoindegradationtoglyoxylateIII	2.43680962928			-
PWY_7254_TCAcycleVII_acetate_producers_	2.71482550623			-
PWY_7328_superpathwayofUDP_glucose_derivedO_antigenbuildingblocksbiosynthesis	2.52539809534			-
PWY_6708_ubiquinol_8biosynthesis_prokaryotic_	2.65265556419			-
PWY66_399_gluconeogenesisIII	2.95736665138			0.0296345421194
PWY_7290_EscherichiacoliserotypeO86O_antigenbiosynthesis	1.19485407434			-
PWY_5004_superpathwayofL_citrullinemetabolism	0.0			-
PWY_6126_superpathwayofadenosinenucleotidesdenovobiosynthesisII	3.91435178549			-
PWY_6628_superpathwayofL_phenylalaninebiosynthesis	3.16612944183			-
PWY_6662_superpathwayofquinoloneandalkylquinolonebiosynthesis	0.0			-
PWY_7115_C4photosyntheticcarbonassimilationcycle_NAD_MEtype	2.16300402735			-
METHGLYUT_PWY_superpathwayofmethylglyoxaldegradation	2.40493345256			-
PWY0_1298_superpathwayofpyrimidinedeoxyribonucleosidesdegradation	2.9551968023			-
VALSYN_PWY_L_valinebiosynthesis	4.22578809991			-
PWY_7388_octanoyl__acyl_carrierprotein_biosynthesis_mitochondria_yeast_	2.9280932466			-
PWY_7357_thiaminformationfrompyrithiamineandoxythiamine_yeast_	3.86151449905			-
PWY_4984_ureacycle	3.02080096141			-
DTDPRHAMSYN_PWY_dTDP_L_rhamnosebiosynthesisI	3.93600411185			-
COBALSYN_PWY_adenosylcobalaminsalvagefromcobinamideI	3.6445324487			-
PWY_6545_pyrimidinedeoxyribonucleotidesdenovobiosynthesisIII	3.55170238167			-
PWY0_1296_purineribonucleosidesdegradation	3.97610036731			-
PWY_6803_phosphatidylcholineacylediting	2.8378481715			-
PWY_5484_glycolysisII_fromfructose6_phosphate_	3.56257005512			0.0423211329734
PWY_7118_chitindegradationtoethanol	0.185689444404			-
PWY_6467_KdotransfertolipidIVAIII_Chlamydia_	1.46936032602			-
