Coprococcus_sp_ART55_1	4.40471886367	point_1	3.89894524557	0.00914583035067
Paraprevotella_clara	2.99087272747			-
Lachnospiraceae_bacterium_2_1_58FAA	3.25996478653			-
Dorea_longicatena	3.98700329346			-
Bacteroides_ovatus	4.21765777032			-
Enterococcus_faecalis	3.84174096059			-
Salmonella_phage_FelixO1	4.19004212163			-
Butyrivibrio_crossotus	4.45100047184			-
Erysipelotrichaceae_bacterium_21_3	2.10587422494			-
Clostridium_sp_L2_50	3.99030006976	point_1	3.72103902369	0.00598555946692
Ruminococcus_torques	4.57216856327			-
Bifidobacterium_longum	3.24693232164	point_1	3.19423360669	0.000155730268998
Coprobacillus_sp_D6	3.48506499235			-
Alistipes_putredinis	4.30081101021			-
Collinsella_aerofaciens	3.39759953611	point_1	3.31797175175	3.58470815808e-06
Bacteroides_salyersiae	2.97217383049			-
Clostridium_nexile	2.78829627653			-
Bifidobacterium_adolescentis	3.74324118001	point_1	3.48628984227	1.30202588662e-06
Coprobacillus_sp_29_1	2.89437401211			-
Bacteroides_stercoris	4.25228955179			-
Barnesiella_intestinihominis	3.76065310326			-
Lactococcus_phage_jm2	4.15439051332			-
Alistipes_shahii	3.33729584925			-
Veillonella_unclassified	2.98945577794			-
Megamonas_hypermegale	2.62203195047			-
Bacteroides_uniformis	4.59890202486			-
Subdoligranulum_unclassified	4.88812122201			-
Eubacterium_ventriosum	3.34836190248	point_1	3.17401138551	7.34876320527e-06
Lachnospiraceae_bacterium_1_1_57FAA	3.25307700916			-
Erysipelotrichaceae_bacterium_6_1_45	2.70409720065			-
Pediococcus_pentosaceus	2.41550411033			-
Ruminococcus_callidus	3.34567034868	point_1	3.0544953502	1.26462184051e-05
Alistipes_indistinctus	3.10925174553			-
Bacteroides_coprocola	3.00750879449			-
Bacteroides_caccae	3.85558655711			-
Klebsiella_oxytoca	4.01600890679			-
Haemophilus_parainfluenzae	2.86797281389			-
Lactococcus_phage_bIL67	3.8082018518			-
Catenibacterium_mitsuokai	3.36899424568			-
Bacteroides_sp_1_1_30	3.56140347312			-
Clostridium_ramosum	2.75054830211			-
Paraprevotella_unclassified	3.27470303656			-
Ruminococcus_gnavus	4.07244786199			-
Lachnospiraceae_bacterium_8_1_57FAA	3.09839261345			-
Eubacterium_biforme	3.73183924879			-
Mitsuokella_multacida	3.16905286491			-
Alistipes_unclassified	2.04044952003			-
Dialister_succinatiphilus	3.10653146035			-
Flavonifractor_plautii	2.51179433959			-
Eubacterium_rectale	5.07602681919	point_1	4.36898104571	0.00349356631112
Lactobacillus_ruminis	2.89047886517			-
Bacteroides_plebeius	3.96079221124			-
Alistipes_finegoldii	3.210821675			-
Lactococcus_phage_P680	3.33235430112			-
Parasutterella_excrementihominis	2.77442932334			-
Clostridium_sp_KLE_1755	1.71031454667			-
Bacteroides_intestinalis	3.42551678082			-
Roseburia_inulinivorans	4.12200855894			-
Bacteroides_sp_2_1_22	2.83706304564			-
Salmonella_phage_Vi_II_E1	3.85856394743			-
Megamonas_unclassified	3.34269090438			-
Bacteroides_coprophilus	4.09699810264			-
Eubacterium_ramulus	3.3934589539	point_1	3.21624154171	0.000661593216314
Methanobrevibacter_unclassified	3.02908710797			-
Parabacteroides_johnsonii	2.78336753894			-
Bacteroides_clarus	3.38078768957			-
Pyramidobacter_piscolens	2.61656868627			-
C2likevirus_unclassified	3.02253722095			-
Prevotella_copri	5.15293900809			-
Phascolarctobacterium_succinatutens	4.04499558533			-
Methanobrevibacter_smithii	3.60864291195			-
Escherichia_coli	4.60134154778			-
Dorea_formicigenerans	3.67581520597	point_1	3.37609863403	8.60677685894e-05
Roseburia_hominis	3.83215019801	point_1	3.48071932402	1.54154300848e-05
Parabacteroides_merdae	4.099547734			-
Parabacteroides_distasonis	3.83397928258			-
Bacteroides_cellulosilyticus	3.71409624237			-
Enterococcus_casseliflavus	2.74194848143			-
Odoribacter_splanchnicus	3.56750166798			-
Ruminococcus_bromii	4.33949410135			-
Streptococcus_parasanguinis	3.55872402909			-
Eubacterium_siraeum	4.02685297789			-
Eubacterium_eligens	4.24820473237	point_1	3.68307183256	0.00969429953029
Lactococcus_phage_phi7	3.012165507			-
Clostridium_clostridioforme	3.2191629764			-
Bacteroides_dorei	4.70792859802			-
Akkermansia_muciniphila	3.7903776828	point_1	3.40300801209	1.13133724297e-06
Bacteroides_fragilis	3.78333930672			-
Coprococcus_comes	3.88354797506	point_1	3.27459641711	0.00085305284065
Ruminococcus_champanellensis	2.47804492102			-
Bacteroidales_bacterium_ph8	2.96793237131	point_1	3.18982918881	0.000283879086797
Bacteroides_massiliensis	3.83095447285			-
Eubacterium_hallii	3.82792332757	point_1	3.36398393715	0.00136710244548
Faecalibacterium_prausnitzii	4.98193048034			-
Bacteroides_finegoldii	2.70331296129			-
Bifidobacterium_breve	2.4270961393			-
Dialister_invisus	4.11931387386	point_1	3.66870344459	0.00473662702502
Clostridium_bolteae	3.60433550305			-
Sutterella_wadsworthensis	3.16423479037	point_1	3.11680210657	0.00599781124531
Clostridium_symbiosum	2.70411111319			-
Clostridium_perfringens	1.71629132661			-
Bacteroides_eggerthii	4.36582059909			-
Ruminococcus_lactaris	4.05775999031	point_1	3.52081118677	0.00514642998626
Roseburia_intestinalis	4.08816782737			-
Oscillibacter_unclassified	3.62495430424			-
Coprococcus_eutactus	3.73695807545			-
Anaerostipes_unclassified	2.17161074108			-
Acidaminococcus_intestini	3.09099218277			-
Coprobacillus_unclassified	3.13216827151			-
Ruminococcus_sp_5_1_39BFAA	4.2145165515	point_1	3.63130675378	0.00474614403445
Coprococcus_catus	3.42091262153	point_1	3.07145486309	0.00194167875211
Lachnospiraceae_bacterium_5_1_63FAA	2.88433223534	point_1	3.27220632172	0.000228362780419
Lactococcus_phage_BM13	3.21215705863			-
Roseburia_unclassified	3.85906457405			-
Streptococcus_phage_ALQ13_2	2.43141383544			-
Bacteroides_pectinophilus	3.01536029693			-
Lachnospiraceae_bacterium_3_1_57FAA_CT1	2.73411087023			-
Clostridium_citroniae	1.90436767807			-
Lachnospiraceae_bacterium_3_1_46FAA	3.17791635192			-
Megasphaera_unclassified	3.55084916443			-
Streptococcus_thermophilus	3.70408783429			-
Mitsuokella_unclassified	3.8518563098			-
Enterococcus_faecium	3.76927034253			-
Klebsiella_pneumoniae	3.38971504136			-
Prevotella_stercorea	3.76159567281			-
Ruminococcus_obeum	3.72403666907			-
Alistipes_onderdonkii	3.58875960936			-
Bacteroides_faecis	2.64715537243			-
Anaerostipes_hadrus	3.23793581192			-
Enterococcus_avium	1.81357119668			-
Parabacteroides_unclassified	3.82918696563			-
Bacteroides_barnesiae	3.09336288271			-
Bacteroides_xylanisolvens	3.37514832323			-
Lactobacillus_salivarius	3.19964216074			-
Bacteroides_vulgatus	4.56431917431			-
Streptococcus_salivarius	3.69551597493	point_1	3.24349742283	0.000779833192126
Clostridium_bartlettii	3.07395737223			-
Lactococcus_phage_936_sensu_lato	3.1926251309			-
Bacteroides_thetaiotaomicron	3.9284456705			-
